<?xml version="1.0" encoding="UTF-8"?>
<!-- Generated by org.testng.reporters.JUnitXMLReporter -->
<testsuite hostname="NehaGokhale" name="Test" tests="39" failures="27" timestamp="17 Sep 2018 15:08:19 GMT" time="78.205" errors="0">
  <testcase name="@BeforeTest initialize" time="0.0" classname="Branch.ValidateAlphabeticalOrder">
    <failure type="org.openqa.selenium.WebDriverException" message="unknown error: Element &amp;lt;a href=&amp;quot;https://branch.io/team/#all&amp;quot; data-element-tag=&amp;quot;team&amp;quot;&amp;gt;...&amp;lt;/a&amp;gt; is not clickable at point (646, 505). Other element would receive the click: &amp;lt;div id=&amp;quot;cookiebanner&amp;quot; lang=&amp;quot;en&amp;quot; dir=&amp;quot;ltr&amp;quot; ng-non-bindable=&amp;quot;&amp;quot; name=&amp;quot;cookiebanner&amp;quot; style=&amp;quot;display: block; bottom: 0px;&amp;quot;&amp;gt;...&amp;lt;/div&amp;gt;
  (Session info: chrome=69.0.3497.92)
  (Driver info: chromedriver=2.41.578737 (49da6702b16031c40d63e5618de03a32ff6c197e),platform=Windows NT 10.0.17134 x86_64) (WARNING: The server did not provide any stacktrace information)
Command duration or timeout: 0 milliseconds
Build info: version: &amp;apos;3.13.0&amp;apos;, revision: &amp;apos;2f0d292&amp;apos;, time: &amp;apos;2018-06-25T15:24:21.231Z&amp;apos;
System info: host: &amp;apos;NEHAGOKHALE&amp;apos;, ip: &amp;apos;192.168.1.23&amp;apos;, os.name: &amp;apos;Windows 10&amp;apos;, os.arch: &amp;apos;amd64&amp;apos;, os.version: &amp;apos;10.0&amp;apos;, java.version: &amp;apos;1.8.0_171&amp;apos;
Driver info: org.openqa.selenium.chrome.ChromeDriver
Capabilities {acceptInsecureCerts: false, acceptSslCerts: false, applicationCacheEnabled: false, browserConnectionEnabled: false, browserName: chrome, chrome: {chromedriverVersion: 2.41.578737 (49da6702b16031..., userDataDir: C:\Users\nehag\AppData\Loca...}, cssSelectorsEnabled: true, databaseEnabled: false, goog:chromeOptions: {debuggerAddress: localhost:56519}, handlesAlerts: true, hasTouchScreen: false, javascriptEnabled: true, locationContextEnabled: true, mobileEmulationEnabled: false, nativeEvents: true, networkConnectionEnabled: false, pageLoadStrategy: normal, platform: XP, platformName: XP, rotatable: false, setWindowRect: true, takesHeapSnapshot: true, takesScreenshot: true, unexpectedAlertBehaviour: , unhandledPromptBehavior: , version: 69.0.3497.92, webStorageEnabled: true}
Session ID: 26b6c183b0337b1ec1e33ad61f4d07b2">
      <![CDATA[org.openqa.selenium.WebDriverException: unknown error: Element <a href="https://branch.io/team/#all" data-element-tag="team">...</a> is not clickable at point (646, 505). Other element would receive the click: <div id="cookiebanner" lang="en" dir="ltr" ng-non-bindable="" name="cookiebanner" style="display: block; bottom: 0px;">...</div>
  (Session info: chrome=69.0.3497.92)
  (Driver info: chromedriver=2.41.578737 (49da6702b16031c40d63e5618de03a32ff6c197e),platform=Windows NT 10.0.17134 x86_64) (WARNING: The server did not provide any stacktrace information)
Command duration or timeout: 0 milliseconds
Build info: version: '3.13.0', revision: '2f0d292', time: '2018-06-25T15:24:21.231Z'
System info: host: 'NEHAGOKHALE', ip: '192.168.1.23', os.name: 'Windows 10', os.arch: 'amd64', os.version: '10.0', java.version: '1.8.0_171'
Driver info: org.openqa.selenium.chrome.ChromeDriver
Capabilities {acceptInsecureCerts: false, acceptSslCerts: false, applicationCacheEnabled: false, browserConnectionEnabled: false, browserName: chrome, chrome: {chromedriverVersion: 2.41.578737 (49da6702b16031..., userDataDir: C:\Users\nehag\AppData\Loca...}, cssSelectorsEnabled: true, databaseEnabled: false, goog:chromeOptions: {debuggerAddress: localhost:56519}, handlesAlerts: true, hasTouchScreen: false, javascriptEnabled: true, locationContextEnabled: true, mobileEmulationEnabled: false, nativeEvents: true, networkConnectionEnabled: false, pageLoadStrategy: normal, platform: XP, platformName: XP, rotatable: false, setWindowRect: true, takesHeapSnapshot: true, takesScreenshot: true, unexpectedAlertBehaviour: , unhandledPromptBehavior: , version: 69.0.3497.92, webStorageEnabled: true}
Session ID: 26b6c183b0337b1ec1e33ad61f4d07b2
	at org.openqa.selenium.remote.ErrorHandler.createThrowable(ErrorHandler.java:214)
	at org.openqa.selenium.remote.ErrorHandler.throwIfResponseFailed(ErrorHandler.java:166)
	at org.openqa.selenium.remote.http.JsonHttpResponseCodec.reconstructValue(JsonHttpResponseCodec.java:40)
	at org.openqa.selenium.remote.http.AbstractHttpResponseCodec.decode(AbstractHttpResponseCodec.java:80)
	at org.openqa.selenium.remote.http.AbstractHttpResponseCodec.decode(AbstractHttpResponseCodec.java:44)
	at org.openqa.selenium.remote.HttpCommandExecutor.execute(HttpCommandExecutor.java:158)
	at org.openqa.selenium.remote.service.DriverCommandExecutor.execute(DriverCommandExecutor.java:83)
	at org.openqa.selenium.remote.RemoteWebDriver.execute(RemoteWebDriver.java:548)
	at org.openqa.selenium.remote.RemoteWebElement.execute(RemoteWebElement.java:276)
	at org.openqa.selenium.remote.RemoteWebElement.click(RemoteWebElement.java:83)
	at Branch.ValidateEmployeeDepartmentNames.initialize(ValidateEmployeeDepartmentNames.java:44)
... Removed 26 stack frames]]>
    </failure>
  </testcase> <!-- @BeforeTest initialize -->
  <testcase name="@BeforeTest initialize" time="0.0" classname="Branch.ValidateAlphabeticalOrder">
    <skipped/>
  </testcase> <!-- @BeforeTest initialize -->
  <testcase name="@BeforeTest initialize" time="0.0" classname="Branch.ValidateAlphabeticalOrder">
    <skipped/>
  </testcase> <!-- @BeforeTest initialize -->
  <testcase name="@BeforeTest initialize" time="0.0" classname="Branch.ValidateAlphabeticalOrder">
    <skipped/>
  </testcase> <!-- @BeforeTest initialize -->
  <testcase name="@BeforeTest initialize" time="0.0" classname="Branch.ValidateAlphabeticalOrder">
    <skipped/>
  </testcase> <!-- @BeforeTest initialize -->
  <testcase name="@AfterTest teardown" time="0.0" classname="Branch.ValidateAlphabeticalOrder">
    <skipped/>
  </testcase> <!-- @AfterTest teardown -->
  <testcase name="@AfterTest teardown" time="0.0" classname="Branch.ValidateAlphabeticalOrder">
    <skipped/>
  </testcase> <!-- @AfterTest teardown -->
  <testcase name="@AfterTest teardown" time="0.0" classname="Branch.ValidateAlphabeticalOrder">
    <skipped/>
  </testcase> <!-- @AfterTest teardown -->
  <testcase name="@AfterTest teardown" time="0.0" classname="Branch.ValidateAlphabeticalOrder">
    <skipped/>
  </testcase> <!-- @AfterTest teardown -->
  <testcase name="@AfterTest teardown" time="0.0" classname="Branch.ValidateAlphabeticalOrder">
    <skipped/>
  </testcase> <!-- @AfterTest teardown -->
  <testcase name="@AfterTest teardown" time="0.0" classname="Branch.ValidateAlphabeticalOrder">
    <skipped/>
  </testcase> <!-- @AfterTest teardown -->
  <testcase name="@AfterTest teardown" time="0.0" classname="Branch.ValidateAlphabeticalOrder">
    <skipped/>
  </testcase> <!-- @AfterTest teardown -->
  <testcase name="validateAllEmployeesDisplayPictures" time="0.85" classname="Branch.ValidateEmployeeDisplayPictures"/>
  <testcase name="validateDataEmployeesDisplayPictures" time="0.126" classname="Branch.ValidateEmployeeDisplayPictures"/>
  <testcase name="validateEngineeringEmployeesDisplayPictures" time="0.273" classname="Branch.ValidateEmployeeDisplayPictures"/>
  <testcase name="validateMarketingEmployeesDisplayPictures" time="0.134" classname="Branch.ValidateEmployeeDisplayPictures"/>
  <testcase name="validateOperationsEmployeesDisplayPictures" time="0.127" classname="Branch.ValidateEmployeeDisplayPictures"/>
  <testcase name="validatePartnerGrowthEmployeesDisplayPictures" time="0.288" classname="Branch.ValidateEmployeeDisplayPictures"/>
  <testcase name="validateProductEmployeesDisplayPictures" time="0.108" classname="Branch.ValidateEmployeeDisplayPictures"/>
  <testcase name="validateRecruitingEmployeesDisplayPictures" time="0.096" classname="Branch.ValidateEmployeeDisplayPictures"/>
  <testcase name="validateEmployeeDescriptionIsNotNull" time="0.001" classname="Branch.ValidateEmployeeDescription">
    <failure type="java.lang.NullPointerException">
      <![CDATA[java.lang.NullPointerException
	at pageObjects.BranchTeamPage.getAll(BranchTeamPage.java:24)
	at Branch.ValidateEmployeeDescription.validateEmployeeDescriptionIsNotNull(ValidateEmployeeDescription.java:53)
... Removed 24 stack frames]]>
    </failure>
  </testcase> <!-- validateEmployeeDescriptionIsNotNull -->
  <testcase name="validateAllAlphabeticalOrder" time="3.164" classname="Branch.ValidateAlphabeticalOrder">
    <failure type="java.lang.AssertionError" message="Lists differ at element [0]: AARON LOPEZ != ALEX AUSTIN expected [AARON LOPEZ] but found [ALEX AUSTIN]">
      <![CDATA[java.lang.AssertionError: Lists differ at element [0]: AARON LOPEZ != ALEX AUSTIN expected [AARON LOPEZ] but found [ALEX AUSTIN]
	at Branch.ValidateAlphabeticalOrder.validateAllAlphabeticalOrder(ValidateAlphabeticalOrder.java:60)
... Removed 29 stack frames]]>
    </failure>
  </testcase> <!-- validateAllAlphabeticalOrder -->
  <testcase name="validateDataAlphabeticalOrder" time="0.245" classname="Branch.ValidateAlphabeticalOrder"/>
  <testcase name="validateEngineeringAlphabeticalOrder" time="0.846" classname="Branch.ValidateAlphabeticalOrder">
    <failure type="java.lang.AssertionError" message="Lists differ at element [0]: AARON LOPEZ != ALEX AUSTIN expected [AARON LOPEZ] but found [ALEX AUSTIN]">
      <![CDATA[java.lang.AssertionError: Lists differ at element [0]: AARON LOPEZ != ALEX AUSTIN expected [AARON LOPEZ] but found [ALEX AUSTIN]
	at Branch.ValidateAlphabeticalOrder.validateEngineeringAlphabeticalOrder(ValidateAlphabeticalOrder.java:88)
... Removed 29 stack frames]]>
    </failure>
  </testcase> <!-- validateEngineeringAlphabeticalOrder -->
  <testcase name="validateMarketingAlphabeticalOrder" time="0.339" classname="Branch.ValidateAlphabeticalOrder">
    <failure type="java.lang.AssertionError" message="Lists differ at element [0]: ALEX BAUER != MADA SEGHETE expected [ALEX BAUER] but found [MADA SEGHETE]">
      <![CDATA[java.lang.AssertionError: Lists differ at element [0]: ALEX BAUER != MADA SEGHETE expected [ALEX BAUER] but found [MADA SEGHETE]
	at Branch.ValidateAlphabeticalOrder.validateMarketingAlphabeticalOrder(ValidateAlphabeticalOrder.java:102)
... Removed 29 stack frames]]>
    </failure>
  </testcase> <!-- validateMarketingAlphabeticalOrder -->
  <testcase name="validateOperationsAlphabeticalOrder" time="0.176" classname="Branch.ValidateAlphabeticalOrder"/>
  <testcase name="validatePartnerGrowthAlphabeticalOrder" time="1.142" classname="Branch.ValidateAlphabeticalOrder">
    <failure type="java.lang.AssertionError" message="Lists differ at element [0]: ADAM MICHALSKI != MIKE MOLINET expected [ADAM MICHALSKI] but found [MIKE MOLINET]">
      <![CDATA[java.lang.AssertionError: Lists differ at element [0]: ADAM MICHALSKI != MIKE MOLINET expected [ADAM MICHALSKI] but found [MIKE MOLINET]
	at Branch.ValidateAlphabeticalOrder.validatePartnerGrowthAlphabeticalOrder(ValidateAlphabeticalOrder.java:130)
... Removed 29 stack frames]]>
    </failure>
  </testcase> <!-- validatePartnerGrowthAlphabeticalOrder -->
  <testcase name="validateProductAlphabeticalOrder" time="0.182" classname="Branch.ValidateAlphabeticalOrder"/>
  <testcase name="validateRecruitingAlphabeticalOrder" time="0.137" classname="Branch.ValidateAlphabeticalOrder"/>
  <testcase name="validateDataEmployeeNames" time="0.0" classname="Branch.ValidateEmployeeNames">
    <failure type="java.lang.NullPointerException">
      <![CDATA[java.lang.NullPointerException
	at pageObjects.BranchTeamPage.getAll(BranchTeamPage.java:24)
	at Branch.ValidateEmployeeNames.validateDataEmployeeNames(ValidateEmployeeNames.java:54)
... Removed 24 stack frames]]>
    </failure>
  </testcase> <!-- validateDataEmployeeNames -->
  <testcase name="validateEngineeringEmployeeNames" time="0.001" classname="Branch.ValidateEmployeeNames">
    <failure type="java.lang.NullPointerException">
      <![CDATA[java.lang.NullPointerException
	at pageObjects.BranchTeamPage.getAll(BranchTeamPage.java:24)
	at Branch.ValidateEmployeeNames.validateEngineeringEmployeeNames(ValidateEmployeeNames.java:71)
... Removed 24 stack frames]]>
    </failure>
  </testcase> <!-- validateEngineeringEmployeeNames -->
  <testcase name="validateMarketingEmployeeNames" time="0.001" classname="Branch.ValidateEmployeeNames">
    <failure type="java.lang.NullPointerException">
      <![CDATA[java.lang.NullPointerException
	at pageObjects.BranchTeamPage.getAll(BranchTeamPage.java:24)
	at Branch.ValidateEmployeeNames.validateMarketingEmployeeNames(ValidateEmployeeNames.java:88)
... Removed 24 stack frames]]>
    </failure>
  </testcase> <!-- validateMarketingEmployeeNames -->
  <testcase name="validateOperationsEmployeeNames" time="0.0" classname="Branch.ValidateEmployeeNames">
    <failure type="java.lang.NullPointerException">
      <![CDATA[java.lang.NullPointerException
	at pageObjects.BranchTeamPage.getAll(BranchTeamPage.java:24)
	at Branch.ValidateEmployeeNames.validateOperationsEmployeeNames(ValidateEmployeeNames.java:105)
... Removed 24 stack frames]]>
    </failure>
  </testcase> <!-- validateOperationsEmployeeNames -->
  <testcase name="validatePartnerGrowthEmployeeNames" time="0.001" classname="Branch.ValidateEmployeeNames">
    <failure type="java.lang.NullPointerException">
      <![CDATA[java.lang.NullPointerException
	at pageObjects.BranchTeamPage.getAll(BranchTeamPage.java:24)
	at Branch.ValidateEmployeeNames.validatePartnerGrowthEmployeeNames(ValidateEmployeeNames.java:124)
... Removed 24 stack frames]]>
    </failure>
  </testcase> <!-- validatePartnerGrowthEmployeeNames -->
  <testcase name="validateProductEmployeeNames" time="0.0" classname="Branch.ValidateEmployeeNames">
    <failure type="java.lang.NullPointerException">
      <![CDATA[java.lang.NullPointerException
	at pageObjects.BranchTeamPage.getAll(BranchTeamPage.java:24)
	at Branch.ValidateEmployeeNames.validateProductEmployeeNames(ValidateEmployeeNames.java:142)
... Removed 24 stack frames]]>
    </failure>
  </testcase> <!-- validateProductEmployeeNames -->
  <testcase name="validateRecruitingEmployeeNames" time="0.001" classname="Branch.ValidateEmployeeNames">
    <failure type="java.lang.NullPointerException">
      <![CDATA[java.lang.NullPointerException
	at pageObjects.BranchTeamPage.getAll(BranchTeamPage.java:24)
	at Branch.ValidateEmployeeNames.validateRecruitingEmployeeNames(ValidateEmployeeNames.java:160)
... Removed 24 stack frames]]>
    </failure>
  </testcase> <!-- validateRecruitingEmployeeNames -->
  <testcase name="validateNoOfEmployees" time="0.0" classname="Branch.ValidateNumberOfEmployees">
    <failure type="java.lang.NullPointerException">
      <![CDATA[java.lang.NullPointerException
	at Branch.ValidateNumberOfEmployees.validateNoOfEmployees(ValidateNumberOfEmployees.java:33)
... Removed 24 stack frames]]>
    </failure>
  </testcase> <!-- validateNoOfEmployees -->
  <testcase name="validateDataEmployeeDepartmentsConsistency" time="0.001" classname="Branch.ValidateEmployeeDepartmentsDataConsistency">
    <failure type="java.lang.NullPointerException">
      <![CDATA[java.lang.NullPointerException
	at pageObjects.BranchTeamPage.getAll(BranchTeamPage.java:24)
	at Branch.ValidateEmployeeDepartmentsDataConsistency.validateDataEmployeeDepartmentsConsistency(ValidateEmployeeDepartmentsDataConsistency.java:55)
... Removed 24 stack frames]]>
    </failure>
  </testcase> <!-- validateDataEmployeeDepartmentsConsistency -->
  <testcase name="validateEngineeringEmployeeDepartmentsConsistency" time="0.0" classname="Branch.ValidateEmployeeDepartmentsDataConsistency">
    <failure type="java.lang.NullPointerException">
      <![CDATA[java.lang.NullPointerException
	at pageObjects.BranchTeamPage.getAll(BranchTeamPage.java:24)
	at Branch.ValidateEmployeeDepartmentsDataConsistency.validateEngineeringEmployeeDepartmentsConsistency(ValidateEmployeeDepartmentsDataConsistency.java:75)
... Removed 24 stack frames]]>
    </failure>
  </testcase> <!-- validateEngineeringEmployeeDepartmentsConsistency -->
  <testcase name="validateMarketingEmployeeDepartmentsConsistency" time="0.001" classname="Branch.ValidateEmployeeDepartmentsDataConsistency">
    <failure type="java.lang.NullPointerException">
      <![CDATA[java.lang.NullPointerException
	at pageObjects.BranchTeamPage.getAll(BranchTeamPage.java:24)
	at Branch.ValidateEmployeeDepartmentsDataConsistency.validateMarketingEmployeeDepartmentsConsistency(ValidateEmployeeDepartmentsDataConsistency.java:95)
... Removed 24 stack frames]]>
    </failure>
  </testcase> <!-- validateMarketingEmployeeDepartmentsConsistency -->
  <testcase name="validateOperationsEmployeeDepartmentsConsistency" time="0.001" classname="Branch.ValidateEmployeeDepartmentsDataConsistency">
    <failure type="java.lang.NullPointerException">
      <![CDATA[java.lang.NullPointerException
	at pageObjects.BranchTeamPage.getAll(BranchTeamPage.java:24)
	at Branch.ValidateEmployeeDepartmentsDataConsistency.validateOperationsEmployeeDepartmentsConsistency(ValidateEmployeeDepartmentsDataConsistency.java:115)
... Removed 24 stack frames]]>
    </failure>
  </testcase> <!-- validateOperationsEmployeeDepartmentsConsistency -->
  <testcase name="validatePartnerGrowthEmployeeDepartmentsConsistency" time="0.001" classname="Branch.ValidateEmployeeDepartmentsDataConsistency">
    <failure type="java.lang.NullPointerException">
      <![CDATA[java.lang.NullPointerException
	at pageObjects.BranchTeamPage.getAll(BranchTeamPage.java:24)
	at Branch.ValidateEmployeeDepartmentsDataConsistency.validatePartnerGrowthEmployeeDepartmentsConsistency(ValidateEmployeeDepartmentsDataConsistency.java:135)
... Removed 24 stack frames]]>
    </failure>
  </testcase> <!-- validatePartnerGrowthEmployeeDepartmentsConsistency -->
  <testcase name="validateProductEmployeeDepartmentsConsistency" time="0.001" classname="Branch.ValidateEmployeeDepartmentsDataConsistency">
    <failure type="java.lang.NullPointerException">
      <![CDATA[java.lang.NullPointerException
	at pageObjects.BranchTeamPage.getAll(BranchTeamPage.java:24)
	at Branch.ValidateEmployeeDepartmentsDataConsistency.validateProductEmployeeDepartmentsConsistency(ValidateEmployeeDepartmentsDataConsistency.java:156)
... Removed 24 stack frames]]>
    </failure>
  </testcase> <!-- validateProductEmployeeDepartmentsConsistency -->
  <testcase name="validateRecruitingEmployeeDepartmentsConsistency" time="0.0" classname="Branch.ValidateEmployeeDepartmentsDataConsistency">
    <failure type="java.lang.NullPointerException">
      <![CDATA[java.lang.NullPointerException
	at pageObjects.BranchTeamPage.getAll(BranchTeamPage.java:24)
	at Branch.ValidateEmployeeDepartmentsDataConsistency.validateRecruitingEmployeeDepartmentsConsistency(ValidateEmployeeDepartmentsDataConsistency.java:177)
... Removed 24 stack frames]]>
    </failure>
  </testcase> <!-- validateRecruitingEmployeeDepartmentsConsistency -->
  <testcase name="validateDataDepartmentNames" time="10.069" classname="Branch.ValidateEmployeeDepartmentNames">
    <failure type="org.openqa.selenium.NoSuchElementException" message="no such element: Unable to locate element: {&amp;quot;method&amp;quot;:&amp;quot;xpath&amp;quot;,&amp;quot;selector&amp;quot;:&amp;quot;//a[@href=&amp;apos;#data&amp;apos;]&amp;quot;}
  (Session info: chrome=69.0.3497.92)
  (Driver info: chromedriver=2.41.578737 (49da6702b16031c40d63e5618de03a32ff6c197e),platform=Windows NT 10.0.17134 x86_64) (WARNING: The server did not provide any stacktrace information)
Command duration or timeout: 0 milliseconds
For documentation on this error, please visit: http://seleniumhq.org/exceptions/no_such_element.html
Build info: version: &amp;apos;3.13.0&amp;apos;, revision: &amp;apos;2f0d292&amp;apos;, time: &amp;apos;2018-06-25T15:24:21.231Z&amp;apos;
System info: host: &amp;apos;NEHAGOKHALE&amp;apos;, ip: &amp;apos;192.168.1.23&amp;apos;, os.name: &amp;apos;Windows 10&amp;apos;, os.arch: &amp;apos;amd64&amp;apos;, os.version: &amp;apos;10.0&amp;apos;, java.version: &amp;apos;1.8.0_171&amp;apos;
Driver info: org.openqa.selenium.chrome.ChromeDriver
Capabilities {acceptInsecureCerts: false, acceptSslCerts: false, applicationCacheEnabled: false, browserConnectionEnabled: false, browserName: chrome, chrome: {chromedriverVersion: 2.41.578737 (49da6702b16031..., userDataDir: C:\Users\nehag\AppData\Loca...}, cssSelectorsEnabled: true, databaseEnabled: false, goog:chromeOptions: {debuggerAddress: localhost:56519}, handlesAlerts: true, hasTouchScreen: false, javascriptEnabled: true, locationContextEnabled: true, mobileEmulationEnabled: false, nativeEvents: true, networkConnectionEnabled: false, pageLoadStrategy: normal, platform: XP, platformName: XP, rotatable: false, setWindowRect: true, takesHeapSnapshot: true, takesScreenshot: true, unexpectedAlertBehaviour: , unhandledPromptBehavior: , version: 69.0.3497.92, webStorageEnabled: true}
Session ID: 26b6c183b0337b1ec1e33ad61f4d07b2
*** Element info: {Using=xpath, value=//a[@href=&amp;apos;#data&amp;apos;]}">
      <![CDATA[org.openqa.selenium.NoSuchElementException: no such element: Unable to locate element: {"method":"xpath","selector":"//a[@href='#data']"}
  (Session info: chrome=69.0.3497.92)
  (Driver info: chromedriver=2.41.578737 (49da6702b16031c40d63e5618de03a32ff6c197e),platform=Windows NT 10.0.17134 x86_64) (WARNING: The server did not provide any stacktrace information)
Command duration or timeout: 0 milliseconds
For documentation on this error, please visit: http://seleniumhq.org/exceptions/no_such_element.html
Build info: version: '3.13.0', revision: '2f0d292', time: '2018-06-25T15:24:21.231Z'
System info: host: 'NEHAGOKHALE', ip: '192.168.1.23', os.name: 'Windows 10', os.arch: 'amd64', os.version: '10.0', java.version: '1.8.0_171'
Driver info: org.openqa.selenium.chrome.ChromeDriver
Capabilities {acceptInsecureCerts: false, acceptSslCerts: false, applicationCacheEnabled: false, browserConnectionEnabled: false, browserName: chrome, chrome: {chromedriverVersion: 2.41.578737 (49da6702b16031..., userDataDir: C:\Users\nehag\AppData\Loca...}, cssSelectorsEnabled: true, databaseEnabled: false, goog:chromeOptions: {debuggerAddress: localhost:56519}, handlesAlerts: true, hasTouchScreen: false, javascriptEnabled: true, locationContextEnabled: true, mobileEmulationEnabled: false, nativeEvents: true, networkConnectionEnabled: false, pageLoadStrategy: normal, platform: XP, platformName: XP, rotatable: false, setWindowRect: true, takesHeapSnapshot: true, takesScreenshot: true, unexpectedAlertBehaviour: , unhandledPromptBehavior: , version: 69.0.3497.92, webStorageEnabled: true}
Session ID: 26b6c183b0337b1ec1e33ad61f4d07b2
*** Element info: {Using=xpath, value=//a[@href='#data']}
	at org.openqa.selenium.remote.ErrorHandler.createThrowable(ErrorHandler.java:214)
	at org.openqa.selenium.remote.ErrorHandler.throwIfResponseFailed(ErrorHandler.java:166)
	at org.openqa.selenium.remote.http.JsonHttpResponseCodec.reconstructValue(JsonHttpResponseCodec.java:40)
	at org.openqa.selenium.remote.http.AbstractHttpResponseCodec.decode(AbstractHttpResponseCodec.java:80)
	at org.openqa.selenium.remote.http.AbstractHttpResponseCodec.decode(AbstractHttpResponseCodec.java:44)
	at org.openqa.selenium.remote.HttpCommandExecutor.execute(HttpCommandExecutor.java:158)
	at org.openqa.selenium.remote.service.DriverCommandExecutor.execute(DriverCommandExecutor.java:83)
	at org.openqa.selenium.remote.RemoteWebDriver.execute(RemoteWebDriver.java:548)
	at org.openqa.selenium.remote.RemoteWebDriver.findElement(RemoteWebDriver.java:322)
	at org.openqa.selenium.remote.RemoteWebDriver.findElementByXPath(RemoteWebDriver.java:424)
	at org.openqa.selenium.By$ByXPath.findElement(By.java:353)
	at org.openqa.selenium.remote.RemoteWebDriver.findElement(RemoteWebDriver.java:314)
	at pageObjects.BranchTeamPage.getData(BranchTeamPage.java:28)
	at Branch.ValidateEmployeeDepartmentNames.validateDataDepartmentNames(ValidateEmployeeDepartmentNames.java:52)
... Removed 28 stack frames]]>
    </failure>
  </testcase> <!-- validateDataDepartmentNames -->
  <testcase name="validateEngineeringDepartmentNames" time="10.061" classname="Branch.ValidateEmployeeDepartmentNames">
    <failure type="org.openqa.selenium.NoSuchElementException" message="no such element: Unable to locate element: {&amp;quot;method&amp;quot;:&amp;quot;xpath&amp;quot;,&amp;quot;selector&amp;quot;:&amp;quot;//a[@href=&amp;apos;#engineering&amp;apos;]&amp;quot;}
  (Session info: chrome=69.0.3497.92)
  (Driver info: chromedriver=2.41.578737 (49da6702b16031c40d63e5618de03a32ff6c197e),platform=Windows NT 10.0.17134 x86_64) (WARNING: The server did not provide any stacktrace information)
Command duration or timeout: 0 milliseconds
For documentation on this error, please visit: http://seleniumhq.org/exceptions/no_such_element.html
Build info: version: &amp;apos;3.13.0&amp;apos;, revision: &amp;apos;2f0d292&amp;apos;, time: &amp;apos;2018-06-25T15:24:21.231Z&amp;apos;
System info: host: &amp;apos;NEHAGOKHALE&amp;apos;, ip: &amp;apos;192.168.1.23&amp;apos;, os.name: &amp;apos;Windows 10&amp;apos;, os.arch: &amp;apos;amd64&amp;apos;, os.version: &amp;apos;10.0&amp;apos;, java.version: &amp;apos;1.8.0_171&amp;apos;
Driver info: org.openqa.selenium.chrome.ChromeDriver
Capabilities {acceptInsecureCerts: false, acceptSslCerts: false, applicationCacheEnabled: false, browserConnectionEnabled: false, browserName: chrome, chrome: {chromedriverVersion: 2.41.578737 (49da6702b16031..., userDataDir: C:\Users\nehag\AppData\Loca...}, cssSelectorsEnabled: true, databaseEnabled: false, goog:chromeOptions: {debuggerAddress: localhost:56519}, handlesAlerts: true, hasTouchScreen: false, javascriptEnabled: true, locationContextEnabled: true, mobileEmulationEnabled: false, nativeEvents: true, networkConnectionEnabled: false, pageLoadStrategy: normal, platform: XP, platformName: XP, rotatable: false, setWindowRect: true, takesHeapSnapshot: true, takesScreenshot: true, unexpectedAlertBehaviour: , unhandledPromptBehavior: , version: 69.0.3497.92, webStorageEnabled: true}
Session ID: 26b6c183b0337b1ec1e33ad61f4d07b2
*** Element info: {Using=xpath, value=//a[@href=&amp;apos;#engineering&amp;apos;]}">
      <![CDATA[org.openqa.selenium.NoSuchElementException: no such element: Unable to locate element: {"method":"xpath","selector":"//a[@href='#engineering']"}
  (Session info: chrome=69.0.3497.92)
  (Driver info: chromedriver=2.41.578737 (49da6702b16031c40d63e5618de03a32ff6c197e),platform=Windows NT 10.0.17134 x86_64) (WARNING: The server did not provide any stacktrace information)
Command duration or timeout: 0 milliseconds
For documentation on this error, please visit: http://seleniumhq.org/exceptions/no_such_element.html
Build info: version: '3.13.0', revision: '2f0d292', time: '2018-06-25T15:24:21.231Z'
System info: host: 'NEHAGOKHALE', ip: '192.168.1.23', os.name: 'Windows 10', os.arch: 'amd64', os.version: '10.0', java.version: '1.8.0_171'
Driver info: org.openqa.selenium.chrome.ChromeDriver
Capabilities {acceptInsecureCerts: false, acceptSslCerts: false, applicationCacheEnabled: false, browserConnectionEnabled: false, browserName: chrome, chrome: {chromedriverVersion: 2.41.578737 (49da6702b16031..., userDataDir: C:\Users\nehag\AppData\Loca...}, cssSelectorsEnabled: true, databaseEnabled: false, goog:chromeOptions: {debuggerAddress: localhost:56519}, handlesAlerts: true, hasTouchScreen: false, javascriptEnabled: true, locationContextEnabled: true, mobileEmulationEnabled: false, nativeEvents: true, networkConnectionEnabled: false, pageLoadStrategy: normal, platform: XP, platformName: XP, rotatable: false, setWindowRect: true, takesHeapSnapshot: true, takesScreenshot: true, unexpectedAlertBehaviour: , unhandledPromptBehavior: , version: 69.0.3497.92, webStorageEnabled: true}
Session ID: 26b6c183b0337b1ec1e33ad61f4d07b2
*** Element info: {Using=xpath, value=//a[@href='#engineering']}
	at org.openqa.selenium.remote.ErrorHandler.createThrowable(ErrorHandler.java:214)
	at org.openqa.selenium.remote.ErrorHandler.throwIfResponseFailed(ErrorHandler.java:166)
	at org.openqa.selenium.remote.http.JsonHttpResponseCodec.reconstructValue(JsonHttpResponseCodec.java:40)
	at org.openqa.selenium.remote.http.AbstractHttpResponseCodec.decode(AbstractHttpResponseCodec.java:80)
	at org.openqa.selenium.remote.http.AbstractHttpResponseCodec.decode(AbstractHttpResponseCodec.java:44)
	at org.openqa.selenium.remote.HttpCommandExecutor.execute(HttpCommandExecutor.java:158)
	at org.openqa.selenium.remote.service.DriverCommandExecutor.execute(DriverCommandExecutor.java:83)
	at org.openqa.selenium.remote.RemoteWebDriver.execute(RemoteWebDriver.java:548)
	at org.openqa.selenium.remote.RemoteWebDriver.findElement(RemoteWebDriver.java:322)
	at org.openqa.selenium.remote.RemoteWebDriver.findElementByXPath(RemoteWebDriver.java:424)
	at org.openqa.selenium.By$ByXPath.findElement(By.java:353)
	at org.openqa.selenium.remote.RemoteWebDriver.findElement(RemoteWebDriver.java:314)
	at pageObjects.BranchTeamPage.getEngineering(BranchTeamPage.java:32)
	at Branch.ValidateEmployeeDepartmentNames.validateEngineeringDepartmentNames(ValidateEmployeeDepartmentNames.java:70)
... Removed 28 stack frames]]>
    </failure>
  </testcase> <!-- validateEngineeringDepartmentNames -->
  <testcase name="validateMarketingDepartmentNames" time="10.021" classname="Branch.ValidateEmployeeDepartmentNames">
    <failure type="org.openqa.selenium.NoSuchElementException" message="no such element: Unable to locate element: {&amp;quot;method&amp;quot;:&amp;quot;xpath&amp;quot;,&amp;quot;selector&amp;quot;:&amp;quot;//a[@href=&amp;apos;#marketing&amp;apos;]&amp;quot;}
  (Session info: chrome=69.0.3497.92)
  (Driver info: chromedriver=2.41.578737 (49da6702b16031c40d63e5618de03a32ff6c197e),platform=Windows NT 10.0.17134 x86_64) (WARNING: The server did not provide any stacktrace information)
Command duration or timeout: 0 milliseconds
For documentation on this error, please visit: http://seleniumhq.org/exceptions/no_such_element.html
Build info: version: &amp;apos;3.13.0&amp;apos;, revision: &amp;apos;2f0d292&amp;apos;, time: &amp;apos;2018-06-25T15:24:21.231Z&amp;apos;
System info: host: &amp;apos;NEHAGOKHALE&amp;apos;, ip: &amp;apos;192.168.1.23&amp;apos;, os.name: &amp;apos;Windows 10&amp;apos;, os.arch: &amp;apos;amd64&amp;apos;, os.version: &amp;apos;10.0&amp;apos;, java.version: &amp;apos;1.8.0_171&amp;apos;
Driver info: org.openqa.selenium.chrome.ChromeDriver
Capabilities {acceptInsecureCerts: false, acceptSslCerts: false, applicationCacheEnabled: false, browserConnectionEnabled: false, browserName: chrome, chrome: {chromedriverVersion: 2.41.578737 (49da6702b16031..., userDataDir: C:\Users\nehag\AppData\Loca...}, cssSelectorsEnabled: true, databaseEnabled: false, goog:chromeOptions: {debuggerAddress: localhost:56519}, handlesAlerts: true, hasTouchScreen: false, javascriptEnabled: true, locationContextEnabled: true, mobileEmulationEnabled: false, nativeEvents: true, networkConnectionEnabled: false, pageLoadStrategy: normal, platform: XP, platformName: XP, rotatable: false, setWindowRect: true, takesHeapSnapshot: true, takesScreenshot: true, unexpectedAlertBehaviour: , unhandledPromptBehavior: , version: 69.0.3497.92, webStorageEnabled: true}
Session ID: 26b6c183b0337b1ec1e33ad61f4d07b2
*** Element info: {Using=xpath, value=//a[@href=&amp;apos;#marketing&amp;apos;]}">
      <![CDATA[org.openqa.selenium.NoSuchElementException: no such element: Unable to locate element: {"method":"xpath","selector":"//a[@href='#marketing']"}
  (Session info: chrome=69.0.3497.92)
  (Driver info: chromedriver=2.41.578737 (49da6702b16031c40d63e5618de03a32ff6c197e),platform=Windows NT 10.0.17134 x86_64) (WARNING: The server did not provide any stacktrace information)
Command duration or timeout: 0 milliseconds
For documentation on this error, please visit: http://seleniumhq.org/exceptions/no_such_element.html
Build info: version: '3.13.0', revision: '2f0d292', time: '2018-06-25T15:24:21.231Z'
System info: host: 'NEHAGOKHALE', ip: '192.168.1.23', os.name: 'Windows 10', os.arch: 'amd64', os.version: '10.0', java.version: '1.8.0_171'
Driver info: org.openqa.selenium.chrome.ChromeDriver
Capabilities {acceptInsecureCerts: false, acceptSslCerts: false, applicationCacheEnabled: false, browserConnectionEnabled: false, browserName: chrome, chrome: {chromedriverVersion: 2.41.578737 (49da6702b16031..., userDataDir: C:\Users\nehag\AppData\Loca...}, cssSelectorsEnabled: true, databaseEnabled: false, goog:chromeOptions: {debuggerAddress: localhost:56519}, handlesAlerts: true, hasTouchScreen: false, javascriptEnabled: true, locationContextEnabled: true, mobileEmulationEnabled: false, nativeEvents: true, networkConnectionEnabled: false, pageLoadStrategy: normal, platform: XP, platformName: XP, rotatable: false, setWindowRect: true, takesHeapSnapshot: true, takesScreenshot: true, unexpectedAlertBehaviour: , unhandledPromptBehavior: , version: 69.0.3497.92, webStorageEnabled: true}
Session ID: 26b6c183b0337b1ec1e33ad61f4d07b2
*** Element info: {Using=xpath, value=//a[@href='#marketing']}
	at org.openqa.selenium.remote.ErrorHandler.createThrowable(ErrorHandler.java:214)
	at org.openqa.selenium.remote.ErrorHandler.throwIfResponseFailed(ErrorHandler.java:166)
	at org.openqa.selenium.remote.http.JsonHttpResponseCodec.reconstructValue(JsonHttpResponseCodec.java:40)
	at org.openqa.selenium.remote.http.AbstractHttpResponseCodec.decode(AbstractHttpResponseCodec.java:80)
	at org.openqa.selenium.remote.http.AbstractHttpResponseCodec.decode(AbstractHttpResponseCodec.java:44)
	at org.openqa.selenium.remote.HttpCommandExecutor.execute(HttpCommandExecutor.java:158)
	at org.openqa.selenium.remote.service.DriverCommandExecutor.execute(DriverCommandExecutor.java:83)
	at org.openqa.selenium.remote.RemoteWebDriver.execute(RemoteWebDriver.java:548)
	at org.openqa.selenium.remote.RemoteWebDriver.findElement(RemoteWebDriver.java:322)
	at org.openqa.selenium.remote.RemoteWebDriver.findElementByXPath(RemoteWebDriver.java:424)
	at org.openqa.selenium.By$ByXPath.findElement(By.java:353)
	at org.openqa.selenium.remote.RemoteWebDriver.findElement(RemoteWebDriver.java:314)
	at pageObjects.BranchTeamPage.getMarketing(BranchTeamPage.java:36)
	at Branch.ValidateEmployeeDepartmentNames.validateMarketingDepartmentNames(ValidateEmployeeDepartmentNames.java:88)
... Removed 28 stack frames]]>
    </failure>
  </testcase> <!-- validateMarketingDepartmentNames -->
  <testcase name="validateOperationsDepartmentNames" time="10.019" classname="Branch.ValidateEmployeeDepartmentNames">
    <failure type="org.openqa.selenium.NoSuchElementException" message="no such element: Unable to locate element: {&amp;quot;method&amp;quot;:&amp;quot;xpath&amp;quot;,&amp;quot;selector&amp;quot;:&amp;quot;//a[@href=&amp;apos;#operations&amp;apos;]&amp;quot;}
  (Session info: chrome=69.0.3497.92)
  (Driver info: chromedriver=2.41.578737 (49da6702b16031c40d63e5618de03a32ff6c197e),platform=Windows NT 10.0.17134 x86_64) (WARNING: The server did not provide any stacktrace information)
Command duration or timeout: 0 milliseconds
For documentation on this error, please visit: http://seleniumhq.org/exceptions/no_such_element.html
Build info: version: &amp;apos;3.13.0&amp;apos;, revision: &amp;apos;2f0d292&amp;apos;, time: &amp;apos;2018-06-25T15:24:21.231Z&amp;apos;
System info: host: &amp;apos;NEHAGOKHALE&amp;apos;, ip: &amp;apos;192.168.1.23&amp;apos;, os.name: &amp;apos;Windows 10&amp;apos;, os.arch: &amp;apos;amd64&amp;apos;, os.version: &amp;apos;10.0&amp;apos;, java.version: &amp;apos;1.8.0_171&amp;apos;
Driver info: org.openqa.selenium.chrome.ChromeDriver
Capabilities {acceptInsecureCerts: false, acceptSslCerts: false, applicationCacheEnabled: false, browserConnectionEnabled: false, browserName: chrome, chrome: {chromedriverVersion: 2.41.578737 (49da6702b16031..., userDataDir: C:\Users\nehag\AppData\Loca...}, cssSelectorsEnabled: true, databaseEnabled: false, goog:chromeOptions: {debuggerAddress: localhost:56519}, handlesAlerts: true, hasTouchScreen: false, javascriptEnabled: true, locationContextEnabled: true, mobileEmulationEnabled: false, nativeEvents: true, networkConnectionEnabled: false, pageLoadStrategy: normal, platform: XP, platformName: XP, rotatable: false, setWindowRect: true, takesHeapSnapshot: true, takesScreenshot: true, unexpectedAlertBehaviour: , unhandledPromptBehavior: , version: 69.0.3497.92, webStorageEnabled: true}
Session ID: 26b6c183b0337b1ec1e33ad61f4d07b2
*** Element info: {Using=xpath, value=//a[@href=&amp;apos;#operations&amp;apos;]}">
      <![CDATA[org.openqa.selenium.NoSuchElementException: no such element: Unable to locate element: {"method":"xpath","selector":"//a[@href='#operations']"}
  (Session info: chrome=69.0.3497.92)
  (Driver info: chromedriver=2.41.578737 (49da6702b16031c40d63e5618de03a32ff6c197e),platform=Windows NT 10.0.17134 x86_64) (WARNING: The server did not provide any stacktrace information)
Command duration or timeout: 0 milliseconds
For documentation on this error, please visit: http://seleniumhq.org/exceptions/no_such_element.html
Build info: version: '3.13.0', revision: '2f0d292', time: '2018-06-25T15:24:21.231Z'
System info: host: 'NEHAGOKHALE', ip: '192.168.1.23', os.name: 'Windows 10', os.arch: 'amd64', os.version: '10.0', java.version: '1.8.0_171'
Driver info: org.openqa.selenium.chrome.ChromeDriver
Capabilities {acceptInsecureCerts: false, acceptSslCerts: false, applicationCacheEnabled: false, browserConnectionEnabled: false, browserName: chrome, chrome: {chromedriverVersion: 2.41.578737 (49da6702b16031..., userDataDir: C:\Users\nehag\AppData\Loca...}, cssSelectorsEnabled: true, databaseEnabled: false, goog:chromeOptions: {debuggerAddress: localhost:56519}, handlesAlerts: true, hasTouchScreen: false, javascriptEnabled: true, locationContextEnabled: true, mobileEmulationEnabled: false, nativeEvents: true, networkConnectionEnabled: false, pageLoadStrategy: normal, platform: XP, platformName: XP, rotatable: false, setWindowRect: true, takesHeapSnapshot: true, takesScreenshot: true, unexpectedAlertBehaviour: , unhandledPromptBehavior: , version: 69.0.3497.92, webStorageEnabled: true}
Session ID: 26b6c183b0337b1ec1e33ad61f4d07b2
*** Element info: {Using=xpath, value=//a[@href='#operations']}
	at org.openqa.selenium.remote.ErrorHandler.createThrowable(ErrorHandler.java:214)
	at org.openqa.selenium.remote.ErrorHandler.throwIfResponseFailed(ErrorHandler.java:166)
	at org.openqa.selenium.remote.http.JsonHttpResponseCodec.reconstructValue(JsonHttpResponseCodec.java:40)
	at org.openqa.selenium.remote.http.AbstractHttpResponseCodec.decode(AbstractHttpResponseCodec.java:80)
	at org.openqa.selenium.remote.http.AbstractHttpResponseCodec.decode(AbstractHttpResponseCodec.java:44)
	at org.openqa.selenium.remote.HttpCommandExecutor.execute(HttpCommandExecutor.java:158)
	at org.openqa.selenium.remote.service.DriverCommandExecutor.execute(DriverCommandExecutor.java:83)
	at org.openqa.selenium.remote.RemoteWebDriver.execute(RemoteWebDriver.java:548)
	at org.openqa.selenium.remote.RemoteWebDriver.findElement(RemoteWebDriver.java:322)
	at org.openqa.selenium.remote.RemoteWebDriver.findElementByXPath(RemoteWebDriver.java:424)
	at org.openqa.selenium.By$ByXPath.findElement(By.java:353)
	at org.openqa.selenium.remote.RemoteWebDriver.findElement(RemoteWebDriver.java:314)
	at pageObjects.BranchTeamPage.getOperations(BranchTeamPage.java:40)
	at Branch.ValidateEmployeeDepartmentNames.validateOperationsDepartmentNames(ValidateEmployeeDepartmentNames.java:106)
... Removed 28 stack frames]]>
    </failure>
  </testcase> <!-- validateOperationsDepartmentNames -->
  <testcase name="validatePartnerGrowthDepartmentNames" time="6.522" classname="Branch.ValidateEmployeeDepartmentNames">
    <failure type="java.lang.NullPointerException">
      <![CDATA[java.lang.NullPointerException
	at Branch.ValidateEmployeeDepartmentNames.validatePartnerGrowthDepartmentNames(ValidateEmployeeDepartmentNames.java:124)
... Removed 24 stack frames]]>
    </failure>
  </testcase> <!-- validatePartnerGrowthDepartmentNames -->
  <testcase name="validateProductDepartmentNames" time="6.031" classname="Branch.ValidateEmployeeDepartmentNames">
    <failure type="org.openqa.selenium.WebDriverException" message="chrome not reachable
  (Session info: chrome=69.0.3497.92)
  (Driver info: chromedriver=2.41.578737 (49da6702b16031c40d63e5618de03a32ff6c197e),platform=Windows NT 10.0.17134 x86_64) (WARNING: The server did not provide any stacktrace information)
Command duration or timeout: 0 milliseconds
Build info: version: &amp;apos;3.13.0&amp;apos;, revision: &amp;apos;2f0d292&amp;apos;, time: &amp;apos;2018-06-25T15:24:21.231Z&amp;apos;
System info: host: &amp;apos;NEHAGOKHALE&amp;apos;, ip: &amp;apos;192.168.1.23&amp;apos;, os.name: &amp;apos;Windows 10&amp;apos;, os.arch: &amp;apos;amd64&amp;apos;, os.version: &amp;apos;10.0&amp;apos;, java.version: &amp;apos;1.8.0_171&amp;apos;
Driver info: org.openqa.selenium.chrome.ChromeDriver
Capabilities {acceptInsecureCerts: false, acceptSslCerts: false, applicationCacheEnabled: false, browserConnectionEnabled: false, browserName: chrome, chrome: {chromedriverVersion: 2.41.578737 (49da6702b16031..., userDataDir: C:\Users\nehag\AppData\Loca...}, cssSelectorsEnabled: true, databaseEnabled: false, goog:chromeOptions: {debuggerAddress: localhost:56519}, handlesAlerts: true, hasTouchScreen: false, javascriptEnabled: true, locationContextEnabled: true, mobileEmulationEnabled: false, nativeEvents: true, networkConnectionEnabled: false, pageLoadStrategy: normal, platform: XP, platformName: XP, rotatable: false, setWindowRect: true, takesHeapSnapshot: true, takesScreenshot: true, unexpectedAlertBehaviour: , unhandledPromptBehavior: , version: 69.0.3497.92, webStorageEnabled: true}
Session ID: 26b6c183b0337b1ec1e33ad61f4d07b2
*** Element info: {Using=xpath, value=//a[@href=&amp;apos;#product&amp;apos;]}">
      <![CDATA[org.openqa.selenium.WebDriverException: chrome not reachable
  (Session info: chrome=69.0.3497.92)
  (Driver info: chromedriver=2.41.578737 (49da6702b16031c40d63e5618de03a32ff6c197e),platform=Windows NT 10.0.17134 x86_64) (WARNING: The server did not provide any stacktrace information)
Command duration or timeout: 0 milliseconds
Build info: version: '3.13.0', revision: '2f0d292', time: '2018-06-25T15:24:21.231Z'
System info: host: 'NEHAGOKHALE', ip: '192.168.1.23', os.name: 'Windows 10', os.arch: 'amd64', os.version: '10.0', java.version: '1.8.0_171'
Driver info: org.openqa.selenium.chrome.ChromeDriver
Capabilities {acceptInsecureCerts: false, acceptSslCerts: false, applicationCacheEnabled: false, browserConnectionEnabled: false, browserName: chrome, chrome: {chromedriverVersion: 2.41.578737 (49da6702b16031..., userDataDir: C:\Users\nehag\AppData\Loca...}, cssSelectorsEnabled: true, databaseEnabled: false, goog:chromeOptions: {debuggerAddress: localhost:56519}, handlesAlerts: true, hasTouchScreen: false, javascriptEnabled: true, locationContextEnabled: true, mobileEmulationEnabled: false, nativeEvents: true, networkConnectionEnabled: false, pageLoadStrategy: normal, platform: XP, platformName: XP, rotatable: false, setWindowRect: true, takesHeapSnapshot: true, takesScreenshot: true, unexpectedAlertBehaviour: , unhandledPromptBehavior: , version: 69.0.3497.92, webStorageEnabled: true}
Session ID: 26b6c183b0337b1ec1e33ad61f4d07b2
*** Element info: {Using=xpath, value=//a[@href='#product']}
	at org.openqa.selenium.remote.ErrorHandler.createThrowable(ErrorHandler.java:214)
	at org.openqa.selenium.remote.ErrorHandler.throwIfResponseFailed(ErrorHandler.java:166)
	at org.openqa.selenium.remote.http.JsonHttpResponseCodec.reconstructValue(JsonHttpResponseCodec.java:40)
	at org.openqa.selenium.remote.http.AbstractHttpResponseCodec.decode(AbstractHttpResponseCodec.java:80)
	at org.openqa.selenium.remote.http.AbstractHttpResponseCodec.decode(AbstractHttpResponseCodec.java:44)
	at org.openqa.selenium.remote.HttpCommandExecutor.execute(HttpCommandExecutor.java:158)
	at org.openqa.selenium.remote.service.DriverCommandExecutor.execute(DriverCommandExecutor.java:83)
	at org.openqa.selenium.remote.RemoteWebDriver.execute(RemoteWebDriver.java:548)
	at org.openqa.selenium.remote.RemoteWebDriver.findElement(RemoteWebDriver.java:322)
	at org.openqa.selenium.remote.RemoteWebDriver.findElementByXPath(RemoteWebDriver.java:424)
	at org.openqa.selenium.By$ByXPath.findElement(By.java:353)
	at org.openqa.selenium.remote.RemoteWebDriver.findElement(RemoteWebDriver.java:314)
	at pageObjects.BranchTeamPage.getProduct(BranchTeamPage.java:48)
	at Branch.ValidateEmployeeDepartmentNames.validateProductDepartmentNames(ValidateEmployeeDepartmentNames.java:143)
... Removed 28 stack frames]]>
    </failure>
  </testcase> <!-- validateProductDepartmentNames -->
  <testcase name="validateRecruitingDepartmentNames" time="6.026" classname="Branch.ValidateEmployeeDepartmentNames">
    <failure type="org.openqa.selenium.WebDriverException" message="chrome not reachable
  (Session info: chrome=69.0.3497.92)
  (Driver info: chromedriver=2.41.578737 (49da6702b16031c40d63e5618de03a32ff6c197e),platform=Windows NT 10.0.17134 x86_64) (WARNING: The server did not provide any stacktrace information)
Command duration or timeout: 0 milliseconds
Build info: version: &amp;apos;3.13.0&amp;apos;, revision: &amp;apos;2f0d292&amp;apos;, time: &amp;apos;2018-06-25T15:24:21.231Z&amp;apos;
System info: host: &amp;apos;NEHAGOKHALE&amp;apos;, ip: &amp;apos;192.168.1.23&amp;apos;, os.name: &amp;apos;Windows 10&amp;apos;, os.arch: &amp;apos;amd64&amp;apos;, os.version: &amp;apos;10.0&amp;apos;, java.version: &amp;apos;1.8.0_171&amp;apos;
Driver info: org.openqa.selenium.chrome.ChromeDriver
Capabilities {acceptInsecureCerts: false, acceptSslCerts: false, applicationCacheEnabled: false, browserConnectionEnabled: false, browserName: chrome, chrome: {chromedriverVersion: 2.41.578737 (49da6702b16031..., userDataDir: C:\Users\nehag\AppData\Loca...}, cssSelectorsEnabled: true, databaseEnabled: false, goog:chromeOptions: {debuggerAddress: localhost:56519}, handlesAlerts: true, hasTouchScreen: false, javascriptEnabled: true, locationContextEnabled: true, mobileEmulationEnabled: false, nativeEvents: true, networkConnectionEnabled: false, pageLoadStrategy: normal, platform: XP, platformName: XP, rotatable: false, setWindowRect: true, takesHeapSnapshot: true, takesScreenshot: true, unexpectedAlertBehaviour: , unhandledPromptBehavior: , version: 69.0.3497.92, webStorageEnabled: true}
Session ID: 26b6c183b0337b1ec1e33ad61f4d07b2
*** Element info: {Using=xpath, value=//a[@href=&amp;apos;#recruiting&amp;apos;]}">
      <![CDATA[org.openqa.selenium.WebDriverException: chrome not reachable
  (Session info: chrome=69.0.3497.92)
  (Driver info: chromedriver=2.41.578737 (49da6702b16031c40d63e5618de03a32ff6c197e),platform=Windows NT 10.0.17134 x86_64) (WARNING: The server did not provide any stacktrace information)
Command duration or timeout: 0 milliseconds
Build info: version: '3.13.0', revision: '2f0d292', time: '2018-06-25T15:24:21.231Z'
System info: host: 'NEHAGOKHALE', ip: '192.168.1.23', os.name: 'Windows 10', os.arch: 'amd64', os.version: '10.0', java.version: '1.8.0_171'
Driver info: org.openqa.selenium.chrome.ChromeDriver
Capabilities {acceptInsecureCerts: false, acceptSslCerts: false, applicationCacheEnabled: false, browserConnectionEnabled: false, browserName: chrome, chrome: {chromedriverVersion: 2.41.578737 (49da6702b16031..., userDataDir: C:\Users\nehag\AppData\Loca...}, cssSelectorsEnabled: true, databaseEnabled: false, goog:chromeOptions: {debuggerAddress: localhost:56519}, handlesAlerts: true, hasTouchScreen: false, javascriptEnabled: true, locationContextEnabled: true, mobileEmulationEnabled: false, nativeEvents: true, networkConnectionEnabled: false, pageLoadStrategy: normal, platform: XP, platformName: XP, rotatable: false, setWindowRect: true, takesHeapSnapshot: true, takesScreenshot: true, unexpectedAlertBehaviour: , unhandledPromptBehavior: , version: 69.0.3497.92, webStorageEnabled: true}
Session ID: 26b6c183b0337b1ec1e33ad61f4d07b2
*** Element info: {Using=xpath, value=//a[@href='#recruiting']}
	at org.openqa.selenium.remote.ErrorHandler.createThrowable(ErrorHandler.java:214)
	at org.openqa.selenium.remote.ErrorHandler.throwIfResponseFailed(ErrorHandler.java:166)
	at org.openqa.selenium.remote.http.JsonHttpResponseCodec.reconstructValue(JsonHttpResponseCodec.java:40)
	at org.openqa.selenium.remote.http.AbstractHttpResponseCodec.decode(AbstractHttpResponseCodec.java:80)
	at org.openqa.selenium.remote.http.AbstractHttpResponseCodec.decode(AbstractHttpResponseCodec.java:44)
	at org.openqa.selenium.remote.HttpCommandExecutor.execute(HttpCommandExecutor.java:158)
	at org.openqa.selenium.remote.service.DriverCommandExecutor.execute(DriverCommandExecutor.java:83)
	at org.openqa.selenium.remote.RemoteWebDriver.execute(RemoteWebDriver.java:548)
	at org.openqa.selenium.remote.RemoteWebDriver.findElement(RemoteWebDriver.java:322)
	at org.openqa.selenium.remote.RemoteWebDriver.findElementByXPath(RemoteWebDriver.java:424)
	at org.openqa.selenium.By$ByXPath.findElement(By.java:353)
	at org.openqa.selenium.remote.RemoteWebDriver.findElement(RemoteWebDriver.java:314)
	at pageObjects.BranchTeamPage.getRecruiting(BranchTeamPage.java:52)
	at Branch.ValidateEmployeeDepartmentNames.validateRecruitingDepartmentNames(ValidateEmployeeDepartmentNames.java:161)
... Removed 28 stack frames]]>
    </failure>
  </testcase> <!-- validateRecruitingDepartmentNames -->
</testsuite> <!-- Test -->
