<?xml version="1.0" encoding="UTF-8"?>
<!-- Generated by org.testng.reporters.JUnitXMLReporter -->
<testsuite hostname="NehaGokhale" name="Validating Employee Department Names" tests="7" failures="3" timestamp="17 Sep 2018 21:14:02 GMT" time="10.905" errors="0">
  <testcase name="validateDataDepartmentNames" time="0.251" classname="Branch.ValidateEmployeeDepartmentNames"/>
  <testcase name="validateEngineeringDepartmentNames" time="0.117" classname="Branch.ValidateEmployeeDepartmentNames">
    <failure type="java.lang.AssertionError" message="expected [Engineering] but found [Co-Founder / CEO]">
      <![CDATA[java.lang.AssertionError: expected [Engineering] but found [Co-Founder / CEO]
	at Branch.ValidateEmployeeDepartmentNames.validateEngineeringDepartmentNames(ValidateEmployeeDepartmentNames.java:80)
... Removed 29 stack frames]]>
    </failure>
  </testcase> <!-- validateEngineeringDepartmentNames -->
  <testcase name="validateMarketingDepartmentNames" time="0.122" classname="Branch.ValidateEmployeeDepartmentNames">
    <failure type="java.lang.AssertionError" message="expected [Marketing] but found [Co-Founder / Marketing]">
      <![CDATA[java.lang.AssertionError: expected [Marketing] but found [Co-Founder / Marketing]
	at Branch.ValidateEmployeeDepartmentNames.validateMarketingDepartmentNames(ValidateEmployeeDepartmentNames.java:98)
... Removed 29 stack frames]]>
    </failure>
  </testcase> <!-- validateMarketingDepartmentNames -->
  <testcase name="validateOperationsDepartmentNames" time="0.127" classname="Branch.ValidateEmployeeDepartmentNames"/>
  <testcase name="validatePartnerGrowthDepartmentNames" time="0.122" classname="Branch.ValidateEmployeeDepartmentNames">
    <failure type="java.lang.AssertionError" message="expected [Partner Growth] but found [Co-Founder / COO]">
      <![CDATA[java.lang.AssertionError: expected [Partner Growth] but found [Co-Founder / COO]
	at Branch.ValidateEmployeeDepartmentNames.validatePartnerGrowthDepartmentNames(ValidateEmployeeDepartmentNames.java:134)
... Removed 29 stack frames]]>
    </failure>
  </testcase> <!-- validatePartnerGrowthDepartmentNames -->
  <testcase name="validateProductDepartmentNames" time="0.146" classname="Branch.ValidateEmployeeDepartmentNames"/>
  <testcase name="validateRecruitingDepartmentNames" time="0.122" classname="Branch.ValidateEmployeeDepartmentNames"/>
</testsuite> <!-- Validating Employee Department Names -->
