<!DOCTYPE html>

<html>
  <head>
  <title>TestNG reports</title>

    <link type="text/css" href="testng-reports.css" rel="stylesheet" />  
    <script type="text/javascript" src="jquery-1.7.1.min.js"></script>
    <script type="text/javascript" src="testng-reports.js"></script>
    <script type="text/javascript" src="https://www.google.com/jsapi"></script>
    <script type='text/javascript'>
      google.load('visualization', '1', {packages:['table']});
      google.setOnLoadCallback(drawTable);
      var suiteTableInitFunctions = new Array();
      var suiteTableData = new Array();
    </script>
    <!--
      <script type="text/javascript" src="jquery-ui/js/jquery-ui-1.8.16.custom.min.js"></script>
     -->
  </head>

  <body>
    <div class="top-banner-root">
      <span class="top-banner-title-font">Test results</span>
      <br/>
      <span class="top-banner-font-1">1 suite, 16 failed tests</span>
    </div> <!-- top-banner-root -->
    <div class="navigator-root">
      <div class="navigator-suite-header">
        <span>All suites</span>
        <a href="#" class="collapse-all-link" title="Collapse/expand all the suites">
          <img class="collapse-all-icon" src="collapseall.gif">
          </img> <!-- collapse-all-icon -->
        </a> <!-- collapse-all-link -->
      </div> <!-- navigator-suite-header -->
      <div class="suite">
        <div class="rounded-window">
          <div class="suite-header light-rounded-window-top">
            <a href="#" class="navigator-link" panel-name="suite-Team_Page_Testing">
              <span class="suite-name border-failed">Team Page Testing</span>
            </a> <!-- navigator-link -->
          </div> <!-- suite-header light-rounded-window-top -->
          <div class="navigator-suite-content">
            <div class="suite-section-title">
              <span>Info</span>
            </div> <!-- suite-section-title -->
            <div class="suite-section-content">
              <ul>
                <li>
                  <a href="#" class="navigator-link " panel-name="test-xml-Team_Page_Testing">
                    <span>C:\Users\nehag\BranchTeam\testng.xml</span>
                  </a> <!-- navigator-link  -->
                </li>
                <li>
                  <a href="#" class="navigator-link " panel-name="testlist-Team_Page_Testing">
                    <span class="test-stats">7 tests</span>
                  </a> <!-- navigator-link  -->
                </li>
                <li>
                  <a href="#" class="navigator-link " panel-name="group-Team_Page_Testing">
                    <span>0 groups</span>
                  </a> <!-- navigator-link  -->
                </li>
                <li>
                  <a href="#" class="navigator-link " panel-name="times-Team_Page_Testing">
                    <span>Times</span>
                  </a> <!-- navigator-link  -->
                </li>
                <li>
                  <a href="#" class="navigator-link " panel-name="reporter-Team_Page_Testing">
                    <span>Reporter output</span>
                  </a> <!-- navigator-link  -->
                </li>
                <li>
                  <a href="#" class="navigator-link " panel-name="ignored-methods-Team_Page_Testing">
                    <span>Ignored methods</span>
                  </a> <!-- navigator-link  -->
                </li>
                <li>
                  <a href="#" class="navigator-link " panel-name="chronological-Team_Page_Testing">
                    <span>Chronological view</span>
                  </a> <!-- navigator-link  -->
                </li>
              </ul>
            </div> <!-- suite-section-content -->
            <div class="result-section">
              <div class="suite-section-title">
                <span>Results</span>
              </div> <!-- suite-section-title -->
              <div class="suite-section-content">
                <ul>
                  <li>
                    <span class="method-stats">39 methods, 16 failed,   23 passed</span>
                  </li>
                  <li>
                    <span class="method-list-title failed">Failed methods</span>
                    <span class="show-or-hide-methods failed">
                      <a href="#" panel-name="suite-Team_Page_Testing" class="hide-methods failed suite-Team_Page_Testing"> (hide)</a> <!-- hide-methods failed suite-Team_Page_Testing -->
                      <a href="#" panel-name="suite-Team_Page_Testing" class="show-methods failed suite-Team_Page_Testing"> (show)</a> <!-- show-methods failed suite-Team_Page_Testing -->
                    </span>
                    <div class="method-list-content failed suite-Team_Page_Testing">
                      <span>
                        <img width="3%" src="failed.png"/>
                        <a href="#" class="method navigator-link" panel-name="suite-Team_Page_Testing" title="Branch.ValidateAlphabeticalOrder" hash-for-method="validateAllAlphabeticalOrder">validateAllAlphabeticalOrder</a> <!-- method navigator-link -->
                      </span>
                      <br/>
                      <span>
                        <img width="3%" src="failed.png"/>
                        <a href="#" class="method navigator-link" panel-name="suite-Team_Page_Testing" title="Branch.ValidateEmployeeDepartmentsDataConsistency" hash-for-method="validateDataEmployeeDepartmentsConsistency">validateDataEmployeeDepartmentsConsistency</a> <!-- method navigator-link -->
                      </span>
                      <br/>
                      <span>
                        <img width="3%" src="failed.png"/>
                        <a href="#" class="method navigator-link" panel-name="suite-Team_Page_Testing" title="Branch.ValidateEmployeeDescription" hash-for-method="validateEmployeeDescriptionIsNotNull">validateEmployeeDescriptionIsNotNull</a> <!-- method navigator-link -->
                      </span>
                      <br/>
                      <span>
                        <img width="3%" src="failed.png"/>
                        <a href="#" class="method navigator-link" panel-name="suite-Team_Page_Testing" title="Branch.ValidateAlphabeticalOrder" hash-for-method="validateEngineeringAlphabeticalOrder">validateEngineeringAlphabeticalOrder</a> <!-- method navigator-link -->
                      </span>
                      <br/>
                      <span>
                        <img width="3%" src="failed.png"/>
                        <a href="#" class="method navigator-link" panel-name="suite-Team_Page_Testing" title="Branch.ValidateEmployeeDepartmentNames" hash-for-method="validateEngineeringDepartmentNames">validateEngineeringDepartmentNames</a> <!-- method navigator-link -->
                      </span>
                      <br/>
                      <span>
                        <img width="3%" src="failed.png"/>
                        <a href="#" class="method navigator-link" panel-name="suite-Team_Page_Testing" title="Branch.ValidateEmployeeDepartmentsDataConsistency" hash-for-method="validateEngineeringEmployeeDepartmentsConsistency">validateEngineeringEmployeeDepartmentsConsistency</a> <!-- method navigator-link -->
                      </span>
                      <br/>
                      <span>
                        <img width="3%" src="failed.png"/>
                        <a href="#" class="method navigator-link" panel-name="suite-Team_Page_Testing" title="Branch.ValidateAlphabeticalOrder" hash-for-method="validateMarketingAlphabeticalOrder">validateMarketingAlphabeticalOrder</a> <!-- method navigator-link -->
                      </span>
                      <br/>
                      <span>
                        <img width="3%" src="failed.png"/>
                        <a href="#" class="method navigator-link" panel-name="suite-Team_Page_Testing" title="Branch.ValidateEmployeeDepartmentNames" hash-for-method="validateMarketingDepartmentNames">validateMarketingDepartmentNames</a> <!-- method navigator-link -->
                      </span>
                      <br/>
                      <span>
                        <img width="3%" src="failed.png"/>
                        <a href="#" class="method navigator-link" panel-name="suite-Team_Page_Testing" title="Branch.ValidateEmployeeDepartmentsDataConsistency" hash-for-method="validateMarketingEmployeeDepartmentsConsistency">validateMarketingEmployeeDepartmentsConsistency</a> <!-- method navigator-link -->
                      </span>
                      <br/>
                      <span>
                        <img width="3%" src="failed.png"/>
                        <a href="#" class="method navigator-link" panel-name="suite-Team_Page_Testing" title="Branch.ValidateNumberOfEmployees" hash-for-method="validateNoOfEmployees">validateNoOfEmployees</a> <!-- method navigator-link -->
                      </span>
                      <br/>
                      <span>
                        <img width="3%" src="failed.png"/>
                        <a href="#" class="method navigator-link" panel-name="suite-Team_Page_Testing" title="Branch.ValidateEmployeeDepartmentsDataConsistency" hash-for-method="validateOperationsEmployeeDepartmentsConsistency">validateOperationsEmployeeDepartmentsConsistency</a> <!-- method navigator-link -->
                      </span>
                      <br/>
                      <span>
                        <img width="3%" src="failed.png"/>
                        <a href="#" class="method navigator-link" panel-name="suite-Team_Page_Testing" title="Branch.ValidateAlphabeticalOrder" hash-for-method="validatePartnerGrowthAlphabeticalOrder">validatePartnerGrowthAlphabeticalOrder</a> <!-- method navigator-link -->
                      </span>
                      <br/>
                      <span>
                        <img width="3%" src="failed.png"/>
                        <a href="#" class="method navigator-link" panel-name="suite-Team_Page_Testing" title="Branch.ValidateEmployeeDepartmentNames" hash-for-method="validatePartnerGrowthDepartmentNames">validatePartnerGrowthDepartmentNames</a> <!-- method navigator-link -->
                      </span>
                      <br/>
                      <span>
                        <img width="3%" src="failed.png"/>
                        <a href="#" class="method navigator-link" panel-name="suite-Team_Page_Testing" title="Branch.ValidateEmployeeDepartmentsDataConsistency" hash-for-method="validatePartnerGrowthEmployeeDepartmentsConsistency">validatePartnerGrowthEmployeeDepartmentsConsistency</a> <!-- method navigator-link -->
                      </span>
                      <br/>
                      <span>
                        <img width="3%" src="failed.png"/>
                        <a href="#" class="method navigator-link" panel-name="suite-Team_Page_Testing" title="Branch.ValidateEmployeeDepartmentsDataConsistency" hash-for-method="validateProductEmployeeDepartmentsConsistency">validateProductEmployeeDepartmentsConsistency</a> <!-- method navigator-link -->
                      </span>
                      <br/>
                      <span>
                        <img width="3%" src="failed.png"/>
                        <a href="#" class="method navigator-link" panel-name="suite-Team_Page_Testing" title="Branch.ValidateEmployeeDepartmentsDataConsistency" hash-for-method="validateRecruitingEmployeeDepartmentsConsistency">validateRecruitingEmployeeDepartmentsConsistency</a> <!-- method navigator-link -->
                      </span>
                      <br/>
                    </div> <!-- method-list-content failed suite-Team_Page_Testing -->
                  </li>
                  <li>
                    <span class="method-list-title passed">Passed methods</span>
                    <span class="show-or-hide-methods passed">
                      <a href="#" panel-name="suite-Team_Page_Testing" class="hide-methods passed suite-Team_Page_Testing"> (hide)</a> <!-- hide-methods passed suite-Team_Page_Testing -->
                      <a href="#" panel-name="suite-Team_Page_Testing" class="show-methods passed suite-Team_Page_Testing"> (show)</a> <!-- show-methods passed suite-Team_Page_Testing -->
                    </span>
                    <div class="method-list-content passed suite-Team_Page_Testing">
                      <span>
                        <img width="3%" src="passed.png"/>
                        <a href="#" class="method navigator-link" panel-name="suite-Team_Page_Testing" title="Branch.ValidateEmployeeDisplayPictures" hash-for-method="validateAllEmployeesDisplayPictures">validateAllEmployeesDisplayPictures</a> <!-- method navigator-link -->
                      </span>
                      <br/>
                      <span>
                        <img width="3%" src="passed.png"/>
                        <a href="#" class="method navigator-link" panel-name="suite-Team_Page_Testing" title="Branch.ValidateAlphabeticalOrder" hash-for-method="validateDataAlphabeticalOrder">validateDataAlphabeticalOrder</a> <!-- method navigator-link -->
                      </span>
                      <br/>
                      <span>
                        <img width="3%" src="passed.png"/>
                        <a href="#" class="method navigator-link" panel-name="suite-Team_Page_Testing" title="Branch.ValidateEmployeeDepartmentNames" hash-for-method="validateDataDepartmentNames">validateDataDepartmentNames</a> <!-- method navigator-link -->
                      </span>
                      <br/>
                      <span>
                        <img width="3%" src="passed.png"/>
                        <a href="#" class="method navigator-link" panel-name="suite-Team_Page_Testing" title="Branch.ValidateEmployeeNames" hash-for-method="validateDataEmployeeNames">validateDataEmployeeNames</a> <!-- method navigator-link -->
                      </span>
                      <br/>
                      <span>
                        <img width="3%" src="passed.png"/>
                        <a href="#" class="method navigator-link" panel-name="suite-Team_Page_Testing" title="Branch.ValidateEmployeeDisplayPictures" hash-for-method="validateDataEmployeesDisplayPictures">validateDataEmployeesDisplayPictures</a> <!-- method navigator-link -->
                      </span>
                      <br/>
                      <span>
                        <img width="3%" src="passed.png"/>
                        <a href="#" class="method navigator-link" panel-name="suite-Team_Page_Testing" title="Branch.ValidateEmployeeNames" hash-for-method="validateEngineeringEmployeeNames">validateEngineeringEmployeeNames</a> <!-- method navigator-link -->
                      </span>
                      <br/>
                      <span>
                        <img width="3%" src="passed.png"/>
                        <a href="#" class="method navigator-link" panel-name="suite-Team_Page_Testing" title="Branch.ValidateEmployeeDisplayPictures" hash-for-method="validateEngineeringEmployeesDisplayPictures">validateEngineeringEmployeesDisplayPictures</a> <!-- method navigator-link -->
                      </span>
                      <br/>
                      <span>
                        <img width="3%" src="passed.png"/>
                        <a href="#" class="method navigator-link" panel-name="suite-Team_Page_Testing" title="Branch.ValidateEmployeeNames" hash-for-method="validateMarketingEmployeeNames">validateMarketingEmployeeNames</a> <!-- method navigator-link -->
                      </span>
                      <br/>
                      <span>
                        <img width="3%" src="passed.png"/>
                        <a href="#" class="method navigator-link" panel-name="suite-Team_Page_Testing" title="Branch.ValidateEmployeeDisplayPictures" hash-for-method="validateMarketingEmployeesDisplayPictures">validateMarketingEmployeesDisplayPictures</a> <!-- method navigator-link -->
                      </span>
                      <br/>
                      <span>
                        <img width="3%" src="passed.png"/>
                        <a href="#" class="method navigator-link" panel-name="suite-Team_Page_Testing" title="Branch.ValidateAlphabeticalOrder" hash-for-method="validateOperationsAlphabeticalOrder">validateOperationsAlphabeticalOrder</a> <!-- method navigator-link -->
                      </span>
                      <br/>
                      <span>
                        <img width="3%" src="passed.png"/>
                        <a href="#" class="method navigator-link" panel-name="suite-Team_Page_Testing" title="Branch.ValidateEmployeeDepartmentNames" hash-for-method="validateOperationsDepartmentNames">validateOperationsDepartmentNames</a> <!-- method navigator-link -->
                      </span>
                      <br/>
                      <span>
                        <img width="3%" src="passed.png"/>
                        <a href="#" class="method navigator-link" panel-name="suite-Team_Page_Testing" title="Branch.ValidateEmployeeNames" hash-for-method="validateOperationsEmployeeNames">validateOperationsEmployeeNames</a> <!-- method navigator-link -->
                      </span>
                      <br/>
                      <span>
                        <img width="3%" src="passed.png"/>
                        <a href="#" class="method navigator-link" panel-name="suite-Team_Page_Testing" title="Branch.ValidateEmployeeDisplayPictures" hash-for-method="validateOperationsEmployeesDisplayPictures">validateOperationsEmployeesDisplayPictures</a> <!-- method navigator-link -->
                      </span>
                      <br/>
                      <span>
                        <img width="3%" src="passed.png"/>
                        <a href="#" class="method navigator-link" panel-name="suite-Team_Page_Testing" title="Branch.ValidateEmployeeNames" hash-for-method="validatePartnerGrowthEmployeeNames">validatePartnerGrowthEmployeeNames</a> <!-- method navigator-link -->
                      </span>
                      <br/>
                      <span>
                        <img width="3%" src="passed.png"/>
                        <a href="#" class="method navigator-link" panel-name="suite-Team_Page_Testing" title="Branch.ValidateEmployeeDisplayPictures" hash-for-method="validatePartnerGrowthEmployeesDisplayPictures">validatePartnerGrowthEmployeesDisplayPictures</a> <!-- method navigator-link -->
                      </span>
                      <br/>
                      <span>
                        <img width="3%" src="passed.png"/>
                        <a href="#" class="method navigator-link" panel-name="suite-Team_Page_Testing" title="Branch.ValidateAlphabeticalOrder" hash-for-method="validateProductAlphabeticalOrder">validateProductAlphabeticalOrder</a> <!-- method navigator-link -->
                      </span>
                      <br/>
                      <span>
                        <img width="3%" src="passed.png"/>
                        <a href="#" class="method navigator-link" panel-name="suite-Team_Page_Testing" title="Branch.ValidateEmployeeDepartmentNames" hash-for-method="validateProductDepartmentNames">validateProductDepartmentNames</a> <!-- method navigator-link -->
                      </span>
                      <br/>
                      <span>
                        <img width="3%" src="passed.png"/>
                        <a href="#" class="method navigator-link" panel-name="suite-Team_Page_Testing" title="Branch.ValidateEmployeeNames" hash-for-method="validateProductEmployeeNames">validateProductEmployeeNames</a> <!-- method navigator-link -->
                      </span>
                      <br/>
                      <span>
                        <img width="3%" src="passed.png"/>
                        <a href="#" class="method navigator-link" panel-name="suite-Team_Page_Testing" title="Branch.ValidateEmployeeDisplayPictures" hash-for-method="validateProductEmployeesDisplayPictures">validateProductEmployeesDisplayPictures</a> <!-- method navigator-link -->
                      </span>
                      <br/>
                      <span>
                        <img width="3%" src="passed.png"/>
                        <a href="#" class="method navigator-link" panel-name="suite-Team_Page_Testing" title="Branch.ValidateAlphabeticalOrder" hash-for-method="validateRecruitingAlphabeticalOrder">validateRecruitingAlphabeticalOrder</a> <!-- method navigator-link -->
                      </span>
                      <br/>
                      <span>
                        <img width="3%" src="passed.png"/>
                        <a href="#" class="method navigator-link" panel-name="suite-Team_Page_Testing" title="Branch.ValidateEmployeeDepartmentNames" hash-for-method="validateRecruitingDepartmentNames">validateRecruitingDepartmentNames</a> <!-- method navigator-link -->
                      </span>
                      <br/>
                      <span>
                        <img width="3%" src="passed.png"/>
                        <a href="#" class="method navigator-link" panel-name="suite-Team_Page_Testing" title="Branch.ValidateEmployeeNames" hash-for-method="validateRecruitingEmployeeNames">validateRecruitingEmployeeNames</a> <!-- method navigator-link -->
                      </span>
                      <br/>
                      <span>
                        <img width="3%" src="passed.png"/>
                        <a href="#" class="method navigator-link" panel-name="suite-Team_Page_Testing" title="Branch.ValidateEmployeeDisplayPictures" hash-for-method="validateRecruitingEmployeesDisplayPictures">validateRecruitingEmployeesDisplayPictures</a> <!-- method navigator-link -->
                      </span>
                      <br/>
                    </div> <!-- method-list-content passed suite-Team_Page_Testing -->
                  </li>
                </ul>
              </div> <!-- suite-section-content -->
            </div> <!-- result-section -->
          </div> <!-- navigator-suite-content -->
        </div> <!-- rounded-window -->
      </div> <!-- suite -->
    </div> <!-- navigator-root -->
    <div class="wrapper">
      <div class="main-panel-root">
        <div panel-name="suite-Team_Page_Testing" class="panel Team_Page_Testing">
          <div class="suite-Team_Page_Testing-class-failed">
            <div class="main-panel-header rounded-window-top">
              <img src="failed.png"/>
              <span class="class-name">Branch.ValidateAlphabeticalOrder</span>
            </div> <!-- main-panel-header rounded-window-top -->
            <div class="main-panel-content rounded-window-bottom">
              <div class="method">
                <div class="method-content">
                  <a name="validateAllAlphabeticalOrder">
                  </a> <!-- validateAllAlphabeticalOrder -->
                  <span class="method-name">validateAllAlphabeticalOrder</span>
                  <div class="stack-trace"><b>"java.lang.AssertionError: Lists differ at element [0]: AARON LOPEZ != ALEX AUSTIN expected [AARON LOPEZ] but found [ALEX AUSTIN]
	at Branch.ValidateAlphabeticalOrder.validateAllAlphabeticalOrder(ValidateAlphabeticalOrder.java:67)
... Removed 29 stack frames<br/> java.lang.AssertionError: Lists differ at element [0]: AARON LOPEZ != ALEX AUSTIN expected [AARON LOPEZ] but found [ALEX AUSTIN]
	at org.testng.Assert.fail(Assert.java:94)
	at org.testng.Assert.failNotEquals(Assert.java:494)
	at org.testng.Assert.assertEquals(Assert.java:123)
	at org.testng.Assert.assertEquals(Assert.java:549)
	at org.testng.Assert.assertEquals(Assert.java:514)
	at Branch.ValidateAlphabeticalOrder.validateAllAlphabeticalOrder(ValidateAlphabeticalOrder.java:67)
	at sun.reflect.NativeMethodAccessorImpl.invoke0(Native Method)
	at sun.reflect.NativeMethodAccessorImpl.invoke(Unknown Source)
	at sun.reflect.DelegatingMethodAccessorImpl.invoke(Unknown Source)
	at java.lang.reflect.Method.invoke(Unknown Source)
	at org.testng.internal.MethodInvocationHelper.invokeMethod(MethodInvocationHelper.java:80)
	at org.testng.internal.Invoker.invokeMethod(Invoker.java:714)
	at org.testng.internal.Invoker.invokeTestMethod(Invoker.java:901)
	at org.testng.internal.Invoker.invokeTestMethods(Invoker.java:1231)
	at org.testng.internal.TestMethodWorker.invokeTestMethods(TestMethodWorker.java:127)
	at org.testng.internal.TestMethodWorker.run(TestMethodWorker.java:111)
	at org.testng.TestRunner.privateRun(TestRunner.java:767)
	at org.testng.TestRunner.run(TestRunner.java:617)
	at org.testng.SuiteRunner.runTest(SuiteRunner.java:334)
	at org.testng.SuiteRunner.runSequentially(SuiteRunner.java:329)
	at org.testng.SuiteRunner.privateRun(SuiteRunner.java:291)
	at org.testng.SuiteRunner.run(SuiteRunner.java:240)
	at org.testng.SuiteRunnerWorker.runSuite(SuiteRunnerWorker.java:52)
	at org.testng.SuiteRunnerWorker.run(SuiteRunnerWorker.java:86)
	at org.testng.TestNG.runSuitesSequentially(TestNG.java:1198)
	at org.testng.TestNG.runSuitesLocally(TestNG.java:1123)
	at org.testng.TestNG.run(TestNG.java:1031)
	at org.testng.remote.AbstractRemoteTestNG.run(AbstractRemoteTestNG.java:114)
	at org.testng.remote.RemoteTestNG.initAndRun(RemoteTestNG.java:251)
	at org.testng.remote.RemoteTestNG.main(RemoteTestNG.java:77)
"</b><br>org.testng.Assert.fail(Assert.java:94)<br>org.testng.Assert.failNotEquals(Assert.java:494)<br>org.testng.Assert.assertEquals(Assert.java:123)<br>org.testng.Assert.assertEquals(Assert.java:549)<br>org.testng.Assert.assertEquals(Assert.java:514)<br>Branch.ValidateAlphabeticalOrder.validateAllAlphabeticalOrder(ValidateAlphabeticalOrder.java:67)<br>sun.reflect.NativeMethodAccessorImpl.invoke0(Native Method)<br>sun.reflect.NativeMethodAccessorImpl.invoke(Unknown Source)<br>sun.reflect.DelegatingMethodAccessorImpl.invoke(Unknown Source)<br>java.lang.reflect.Method.invoke(Unknown Source)<br>org.testng.internal.MethodInvocationHelper.invokeMethod(MethodInvocationHelper.java:80)<br>org.testng.internal.Invoker.invokeMethod(Invoker.java:714)<br>org.testng.internal.Invoker.invokeTestMethod(Invoker.java:901)<br>org.testng.internal.Invoker.invokeTestMethods(Invoker.java:1231)<br>org.testng.internal.TestMethodWorker.invokeTestMethods(TestMethodWorker.java:127)<br>org.testng.internal.TestMethodWorker.run(TestMethodWorker.java:111)<br>org.testng.TestRunner.privateRun(TestRunner.java:767)<br>org.testng.TestRunner.run(TestRunner.java:617)<br>org.testng.SuiteRunner.runTest(SuiteRunner.java:334)<br>org.testng.SuiteRunner.runSequentially(SuiteRunner.java:329)<br>org.testng.SuiteRunner.privateRun(SuiteRunner.java:291)<br>org.testng.SuiteRunner.run(SuiteRunner.java:240)<br>org.testng.SuiteRunnerWorker.runSuite(SuiteRunnerWorker.java:52)<br>org.testng.SuiteRunnerWorker.run(SuiteRunnerWorker.java:86)<br>org.testng.TestNG.runSuitesSequentially(TestNG.java:1198)<br>org.testng.TestNG.runSuitesLocally(TestNG.java:1123)<br>org.testng.TestNG.run(TestNG.java:1031)<br>org.testng.remote.AbstractRemoteTestNG.run(AbstractRemoteTestNG.java:114)<br>org.testng.remote.RemoteTestNG.initAndRun(RemoteTestNG.java:251)<br>org.testng.remote.RemoteTestNG.main(RemoteTestNG.java:77)<br>
</div> <!-- stack-trace -->
                </div> <!-- method-content -->
              </div> <!-- method -->
              <div class="method">
                <div class="method-content">
                  <a name="validateEngineeringAlphabeticalOrder">
                  </a> <!-- validateEngineeringAlphabeticalOrder -->
                  <span class="method-name">validateEngineeringAlphabeticalOrder</span>
                  <div class="stack-trace"><b>"java.lang.AssertionError: Lists differ at element [0]: AARON LOPEZ != ALEX AUSTIN expected [AARON LOPEZ] but found [ALEX AUSTIN]
	at Branch.ValidateAlphabeticalOrder.validateEngineeringAlphabeticalOrder(ValidateAlphabeticalOrder.java:95)
... Removed 29 stack frames<br/> java.lang.AssertionError: Lists differ at element [0]: AARON LOPEZ != ALEX AUSTIN expected [AARON LOPEZ] but found [ALEX AUSTIN]
	at org.testng.Assert.fail(Assert.java:94)
	at org.testng.Assert.failNotEquals(Assert.java:494)
	at org.testng.Assert.assertEquals(Assert.java:123)
	at org.testng.Assert.assertEquals(Assert.java:549)
	at org.testng.Assert.assertEquals(Assert.java:514)
	at Branch.ValidateAlphabeticalOrder.validateEngineeringAlphabeticalOrder(ValidateAlphabeticalOrder.java:95)
	at sun.reflect.NativeMethodAccessorImpl.invoke0(Native Method)
	at sun.reflect.NativeMethodAccessorImpl.invoke(Unknown Source)
	at sun.reflect.DelegatingMethodAccessorImpl.invoke(Unknown Source)
	at java.lang.reflect.Method.invoke(Unknown Source)
	at org.testng.internal.MethodInvocationHelper.invokeMethod(MethodInvocationHelper.java:80)
	at org.testng.internal.Invoker.invokeMethod(Invoker.java:714)
	at org.testng.internal.Invoker.invokeTestMethod(Invoker.java:901)
	at org.testng.internal.Invoker.invokeTestMethods(Invoker.java:1231)
	at org.testng.internal.TestMethodWorker.invokeTestMethods(TestMethodWorker.java:127)
	at org.testng.internal.TestMethodWorker.run(TestMethodWorker.java:111)
	at org.testng.TestRunner.privateRun(TestRunner.java:767)
	at org.testng.TestRunner.run(TestRunner.java:617)
	at org.testng.SuiteRunner.runTest(SuiteRunner.java:334)
	at org.testng.SuiteRunner.runSequentially(SuiteRunner.java:329)
	at org.testng.SuiteRunner.privateRun(SuiteRunner.java:291)
	at org.testng.SuiteRunner.run(SuiteRunner.java:240)
	at org.testng.SuiteRunnerWorker.runSuite(SuiteRunnerWorker.java:52)
	at org.testng.SuiteRunnerWorker.run(SuiteRunnerWorker.java:86)
	at org.testng.TestNG.runSuitesSequentially(TestNG.java:1198)
	at org.testng.TestNG.runSuitesLocally(TestNG.java:1123)
	at org.testng.TestNG.run(TestNG.java:1031)
	at org.testng.remote.AbstractRemoteTestNG.run(AbstractRemoteTestNG.java:114)
	at org.testng.remote.RemoteTestNG.initAndRun(RemoteTestNG.java:251)
	at org.testng.remote.RemoteTestNG.main(RemoteTestNG.java:77)
"</b><br>org.testng.Assert.fail(Assert.java:94)<br>org.testng.Assert.failNotEquals(Assert.java:494)<br>org.testng.Assert.assertEquals(Assert.java:123)<br>org.testng.Assert.assertEquals(Assert.java:549)<br>org.testng.Assert.assertEquals(Assert.java:514)<br>Branch.ValidateAlphabeticalOrder.validateEngineeringAlphabeticalOrder(ValidateAlphabeticalOrder.java:95)<br>sun.reflect.NativeMethodAccessorImpl.invoke0(Native Method)<br>sun.reflect.NativeMethodAccessorImpl.invoke(Unknown Source)<br>sun.reflect.DelegatingMethodAccessorImpl.invoke(Unknown Source)<br>java.lang.reflect.Method.invoke(Unknown Source)<br>org.testng.internal.MethodInvocationHelper.invokeMethod(MethodInvocationHelper.java:80)<br>org.testng.internal.Invoker.invokeMethod(Invoker.java:714)<br>org.testng.internal.Invoker.invokeTestMethod(Invoker.java:901)<br>org.testng.internal.Invoker.invokeTestMethods(Invoker.java:1231)<br>org.testng.internal.TestMethodWorker.invokeTestMethods(TestMethodWorker.java:127)<br>org.testng.internal.TestMethodWorker.run(TestMethodWorker.java:111)<br>org.testng.TestRunner.privateRun(TestRunner.java:767)<br>org.testng.TestRunner.run(TestRunner.java:617)<br>org.testng.SuiteRunner.runTest(SuiteRunner.java:334)<br>org.testng.SuiteRunner.runSequentially(SuiteRunner.java:329)<br>org.testng.SuiteRunner.privateRun(SuiteRunner.java:291)<br>org.testng.SuiteRunner.run(SuiteRunner.java:240)<br>org.testng.SuiteRunnerWorker.runSuite(SuiteRunnerWorker.java:52)<br>org.testng.SuiteRunnerWorker.run(SuiteRunnerWorker.java:86)<br>org.testng.TestNG.runSuitesSequentially(TestNG.java:1198)<br>org.testng.TestNG.runSuitesLocally(TestNG.java:1123)<br>org.testng.TestNG.run(TestNG.java:1031)<br>org.testng.remote.AbstractRemoteTestNG.run(AbstractRemoteTestNG.java:114)<br>org.testng.remote.RemoteTestNG.initAndRun(RemoteTestNG.java:251)<br>org.testng.remote.RemoteTestNG.main(RemoteTestNG.java:77)<br>
</div> <!-- stack-trace -->
                </div> <!-- method-content -->
              </div> <!-- method -->
              <div class="method">
                <div class="method-content">
                  <a name="validateMarketingAlphabeticalOrder">
                  </a> <!-- validateMarketingAlphabeticalOrder -->
                  <span class="method-name">validateMarketingAlphabeticalOrder</span>
                  <div class="stack-trace"><b>"java.lang.AssertionError: Lists differ at element [0]: ALEX BAUER != MADA SEGHETE expected [ALEX BAUER] but found [MADA SEGHETE]
	at Branch.ValidateAlphabeticalOrder.validateMarketingAlphabeticalOrder(ValidateAlphabeticalOrder.java:109)
... Removed 29 stack frames<br/> java.lang.AssertionError: Lists differ at element [0]: ALEX BAUER != MADA SEGHETE expected [ALEX BAUER] but found [MADA SEGHETE]
	at org.testng.Assert.fail(Assert.java:94)
	at org.testng.Assert.failNotEquals(Assert.java:494)
	at org.testng.Assert.assertEquals(Assert.java:123)
	at org.testng.Assert.assertEquals(Assert.java:549)
	at org.testng.Assert.assertEquals(Assert.java:514)
	at Branch.ValidateAlphabeticalOrder.validateMarketingAlphabeticalOrder(ValidateAlphabeticalOrder.java:109)
	at sun.reflect.NativeMethodAccessorImpl.invoke0(Native Method)
	at sun.reflect.NativeMethodAccessorImpl.invoke(Unknown Source)
	at sun.reflect.DelegatingMethodAccessorImpl.invoke(Unknown Source)
	at java.lang.reflect.Method.invoke(Unknown Source)
	at org.testng.internal.MethodInvocationHelper.invokeMethod(MethodInvocationHelper.java:80)
	at org.testng.internal.Invoker.invokeMethod(Invoker.java:714)
	at org.testng.internal.Invoker.invokeTestMethod(Invoker.java:901)
	at org.testng.internal.Invoker.invokeTestMethods(Invoker.java:1231)
	at org.testng.internal.TestMethodWorker.invokeTestMethods(TestMethodWorker.java:127)
	at org.testng.internal.TestMethodWorker.run(TestMethodWorker.java:111)
	at org.testng.TestRunner.privateRun(TestRunner.java:767)
	at org.testng.TestRunner.run(TestRunner.java:617)
	at org.testng.SuiteRunner.runTest(SuiteRunner.java:334)
	at org.testng.SuiteRunner.runSequentially(SuiteRunner.java:329)
	at org.testng.SuiteRunner.privateRun(SuiteRunner.java:291)
	at org.testng.SuiteRunner.run(SuiteRunner.java:240)
	at org.testng.SuiteRunnerWorker.runSuite(SuiteRunnerWorker.java:52)
	at org.testng.SuiteRunnerWorker.run(SuiteRunnerWorker.java:86)
	at org.testng.TestNG.runSuitesSequentially(TestNG.java:1198)
	at org.testng.TestNG.runSuitesLocally(TestNG.java:1123)
	at org.testng.TestNG.run(TestNG.java:1031)
	at org.testng.remote.AbstractRemoteTestNG.run(AbstractRemoteTestNG.java:114)
	at org.testng.remote.RemoteTestNG.initAndRun(RemoteTestNG.java:251)
	at org.testng.remote.RemoteTestNG.main(RemoteTestNG.java:77)
"</b><br>org.testng.Assert.fail(Assert.java:94)<br>org.testng.Assert.failNotEquals(Assert.java:494)<br>org.testng.Assert.assertEquals(Assert.java:123)<br>org.testng.Assert.assertEquals(Assert.java:549)<br>org.testng.Assert.assertEquals(Assert.java:514)<br>Branch.ValidateAlphabeticalOrder.validateMarketingAlphabeticalOrder(ValidateAlphabeticalOrder.java:109)<br>sun.reflect.NativeMethodAccessorImpl.invoke0(Native Method)<br>sun.reflect.NativeMethodAccessorImpl.invoke(Unknown Source)<br>sun.reflect.DelegatingMethodAccessorImpl.invoke(Unknown Source)<br>java.lang.reflect.Method.invoke(Unknown Source)<br>org.testng.internal.MethodInvocationHelper.invokeMethod(MethodInvocationHelper.java:80)<br>org.testng.internal.Invoker.invokeMethod(Invoker.java:714)<br>org.testng.internal.Invoker.invokeTestMethod(Invoker.java:901)<br>org.testng.internal.Invoker.invokeTestMethods(Invoker.java:1231)<br>org.testng.internal.TestMethodWorker.invokeTestMethods(TestMethodWorker.java:127)<br>org.testng.internal.TestMethodWorker.run(TestMethodWorker.java:111)<br>org.testng.TestRunner.privateRun(TestRunner.java:767)<br>org.testng.TestRunner.run(TestRunner.java:617)<br>org.testng.SuiteRunner.runTest(SuiteRunner.java:334)<br>org.testng.SuiteRunner.runSequentially(SuiteRunner.java:329)<br>org.testng.SuiteRunner.privateRun(SuiteRunner.java:291)<br>org.testng.SuiteRunner.run(SuiteRunner.java:240)<br>org.testng.SuiteRunnerWorker.runSuite(SuiteRunnerWorker.java:52)<br>org.testng.SuiteRunnerWorker.run(SuiteRunnerWorker.java:86)<br>org.testng.TestNG.runSuitesSequentially(TestNG.java:1198)<br>org.testng.TestNG.runSuitesLocally(TestNG.java:1123)<br>org.testng.TestNG.run(TestNG.java:1031)<br>org.testng.remote.AbstractRemoteTestNG.run(AbstractRemoteTestNG.java:114)<br>org.testng.remote.RemoteTestNG.initAndRun(RemoteTestNG.java:251)<br>org.testng.remote.RemoteTestNG.main(RemoteTestNG.java:77)<br>
</div> <!-- stack-trace -->
                </div> <!-- method-content -->
              </div> <!-- method -->
              <div class="method">
                <div class="method-content">
                  <a name="validatePartnerGrowthAlphabeticalOrder">
                  </a> <!-- validatePartnerGrowthAlphabeticalOrder -->
                  <span class="method-name">validatePartnerGrowthAlphabeticalOrder</span>
                  <div class="stack-trace"><b>"java.lang.AssertionError: Lists differ at element [0]: ADAM MICHALSKI != MIKE MOLINET expected [ADAM MICHALSKI] but found [MIKE MOLINET]
	at Branch.ValidateAlphabeticalOrder.validatePartnerGrowthAlphabeticalOrder(ValidateAlphabeticalOrder.java:137)
... Removed 29 stack frames<br/> java.lang.AssertionError: Lists differ at element [0]: ADAM MICHALSKI != MIKE MOLINET expected [ADAM MICHALSKI] but found [MIKE MOLINET]
	at org.testng.Assert.fail(Assert.java:94)
	at org.testng.Assert.failNotEquals(Assert.java:494)
	at org.testng.Assert.assertEquals(Assert.java:123)
	at org.testng.Assert.assertEquals(Assert.java:549)
	at org.testng.Assert.assertEquals(Assert.java:514)
	at Branch.ValidateAlphabeticalOrder.validatePartnerGrowthAlphabeticalOrder(ValidateAlphabeticalOrder.java:137)
	at sun.reflect.NativeMethodAccessorImpl.invoke0(Native Method)
	at sun.reflect.NativeMethodAccessorImpl.invoke(Unknown Source)
	at sun.reflect.DelegatingMethodAccessorImpl.invoke(Unknown Source)
	at java.lang.reflect.Method.invoke(Unknown Source)
	at org.testng.internal.MethodInvocationHelper.invokeMethod(MethodInvocationHelper.java:80)
	at org.testng.internal.Invoker.invokeMethod(Invoker.java:714)
	at org.testng.internal.Invoker.invokeTestMethod(Invoker.java:901)
	at org.testng.internal.Invoker.invokeTestMethods(Invoker.java:1231)
	at org.testng.internal.TestMethodWorker.invokeTestMethods(TestMethodWorker.java:127)
	at org.testng.internal.TestMethodWorker.run(TestMethodWorker.java:111)
	at org.testng.TestRunner.privateRun(TestRunner.java:767)
	at org.testng.TestRunner.run(TestRunner.java:617)
	at org.testng.SuiteRunner.runTest(SuiteRunner.java:334)
	at org.testng.SuiteRunner.runSequentially(SuiteRunner.java:329)
	at org.testng.SuiteRunner.privateRun(SuiteRunner.java:291)
	at org.testng.SuiteRunner.run(SuiteRunner.java:240)
	at org.testng.SuiteRunnerWorker.runSuite(SuiteRunnerWorker.java:52)
	at org.testng.SuiteRunnerWorker.run(SuiteRunnerWorker.java:86)
	at org.testng.TestNG.runSuitesSequentially(TestNG.java:1198)
	at org.testng.TestNG.runSuitesLocally(TestNG.java:1123)
	at org.testng.TestNG.run(TestNG.java:1031)
	at org.testng.remote.AbstractRemoteTestNG.run(AbstractRemoteTestNG.java:114)
	at org.testng.remote.RemoteTestNG.initAndRun(RemoteTestNG.java:251)
	at org.testng.remote.RemoteTestNG.main(RemoteTestNG.java:77)
"</b><br>org.testng.Assert.fail(Assert.java:94)<br>org.testng.Assert.failNotEquals(Assert.java:494)<br>org.testng.Assert.assertEquals(Assert.java:123)<br>org.testng.Assert.assertEquals(Assert.java:549)<br>org.testng.Assert.assertEquals(Assert.java:514)<br>Branch.ValidateAlphabeticalOrder.validatePartnerGrowthAlphabeticalOrder(ValidateAlphabeticalOrder.java:137)<br>sun.reflect.NativeMethodAccessorImpl.invoke0(Native Method)<br>sun.reflect.NativeMethodAccessorImpl.invoke(Unknown Source)<br>sun.reflect.DelegatingMethodAccessorImpl.invoke(Unknown Source)<br>java.lang.reflect.Method.invoke(Unknown Source)<br>org.testng.internal.MethodInvocationHelper.invokeMethod(MethodInvocationHelper.java:80)<br>org.testng.internal.Invoker.invokeMethod(Invoker.java:714)<br>org.testng.internal.Invoker.invokeTestMethod(Invoker.java:901)<br>org.testng.internal.Invoker.invokeTestMethods(Invoker.java:1231)<br>org.testng.internal.TestMethodWorker.invokeTestMethods(TestMethodWorker.java:127)<br>org.testng.internal.TestMethodWorker.run(TestMethodWorker.java:111)<br>org.testng.TestRunner.privateRun(TestRunner.java:767)<br>org.testng.TestRunner.run(TestRunner.java:617)<br>org.testng.SuiteRunner.runTest(SuiteRunner.java:334)<br>org.testng.SuiteRunner.runSequentially(SuiteRunner.java:329)<br>org.testng.SuiteRunner.privateRun(SuiteRunner.java:291)<br>org.testng.SuiteRunner.run(SuiteRunner.java:240)<br>org.testng.SuiteRunnerWorker.runSuite(SuiteRunnerWorker.java:52)<br>org.testng.SuiteRunnerWorker.run(SuiteRunnerWorker.java:86)<br>org.testng.TestNG.runSuitesSequentially(TestNG.java:1198)<br>org.testng.TestNG.runSuitesLocally(TestNG.java:1123)<br>org.testng.TestNG.run(TestNG.java:1031)<br>org.testng.remote.AbstractRemoteTestNG.run(AbstractRemoteTestNG.java:114)<br>org.testng.remote.RemoteTestNG.initAndRun(RemoteTestNG.java:251)<br>org.testng.remote.RemoteTestNG.main(RemoteTestNG.java:77)<br>
</div> <!-- stack-trace -->
                </div> <!-- method-content -->
              </div> <!-- method -->
            </div> <!-- main-panel-content rounded-window-bottom -->
          </div> <!-- suite-Team_Page_Testing-class-failed -->
          <div class="suite-Team_Page_Testing-class-failed">
            <div class="main-panel-header rounded-window-top">
              <img src="failed.png"/>
              <span class="class-name">Branch.ValidateNumberOfEmployees</span>
            </div> <!-- main-panel-header rounded-window-top -->
            <div class="main-panel-content rounded-window-bottom">
              <div class="method">
                <div class="method-content">
                  <a name="validateNoOfEmployees">
                  </a> <!-- validateNoOfEmployees -->
                  <span class="method-name">validateNoOfEmployees</span>
                  <div class="stack-trace"><b>"java.lang.NullPointerException
	at Branch.ValidateNumberOfEmployees.validateNoOfEmployees(ValidateNumberOfEmployees.java:55)
... Removed 24 stack frames<br/> java.lang.NullPointerException
	at Branch.ValidateNumberOfEmployees.validateNoOfEmployees(ValidateNumberOfEmployees.java:55)
	at sun.reflect.NativeMethodAccessorImpl.invoke0(Native Method)
	at sun.reflect.NativeMethodAccessorImpl.invoke(Unknown Source)
	at sun.reflect.DelegatingMethodAccessorImpl.invoke(Unknown Source)
	at java.lang.reflect.Method.invoke(Unknown Source)
	at org.testng.internal.MethodInvocationHelper.invokeMethod(MethodInvocationHelper.java:80)
	at org.testng.internal.Invoker.invokeMethod(Invoker.java:714)
	at org.testng.internal.Invoker.invokeTestMethod(Invoker.java:901)
	at org.testng.internal.Invoker.invokeTestMethods(Invoker.java:1231)
	at org.testng.internal.TestMethodWorker.invokeTestMethods(TestMethodWorker.java:127)
	at org.testng.internal.TestMethodWorker.run(TestMethodWorker.java:111)
	at org.testng.TestRunner.privateRun(TestRunner.java:767)
	at org.testng.TestRunner.run(TestRunner.java:617)
	at org.testng.SuiteRunner.runTest(SuiteRunner.java:334)
	at org.testng.SuiteRunner.runSequentially(SuiteRunner.java:329)
	at org.testng.SuiteRunner.privateRun(SuiteRunner.java:291)
	at org.testng.SuiteRunner.run(SuiteRunner.java:240)
	at org.testng.SuiteRunnerWorker.runSuite(SuiteRunnerWorker.java:52)
	at org.testng.SuiteRunnerWorker.run(SuiteRunnerWorker.java:86)
	at org.testng.TestNG.runSuitesSequentially(TestNG.java:1198)
	at org.testng.TestNG.runSuitesLocally(TestNG.java:1123)
	at org.testng.TestNG.run(TestNG.java:1031)
	at org.testng.remote.AbstractRemoteTestNG.run(AbstractRemoteTestNG.java:114)
	at org.testng.remote.RemoteTestNG.initAndRun(RemoteTestNG.java:251)
	at org.testng.remote.RemoteTestNG.main(RemoteTestNG.java:77)
"</b><br>Branch.ValidateNumberOfEmployees.validateNoOfEmployees(ValidateNumberOfEmployees.java:55)<br>sun.reflect.NativeMethodAccessorImpl.invoke0(Native Method)<br>sun.reflect.NativeMethodAccessorImpl.invoke(Unknown Source)<br>sun.reflect.DelegatingMethodAccessorImpl.invoke(Unknown Source)<br>java.lang.reflect.Method.invoke(Unknown Source)<br>org.testng.internal.MethodInvocationHelper.invokeMethod(MethodInvocationHelper.java:80)<br>org.testng.internal.Invoker.invokeMethod(Invoker.java:714)<br>org.testng.internal.Invoker.invokeTestMethod(Invoker.java:901)<br>org.testng.internal.Invoker.invokeTestMethods(Invoker.java:1231)<br>org.testng.internal.TestMethodWorker.invokeTestMethods(TestMethodWorker.java:127)<br>org.testng.internal.TestMethodWorker.run(TestMethodWorker.java:111)<br>org.testng.TestRunner.privateRun(TestRunner.java:767)<br>org.testng.TestRunner.run(TestRunner.java:617)<br>org.testng.SuiteRunner.runTest(SuiteRunner.java:334)<br>org.testng.SuiteRunner.runSequentially(SuiteRunner.java:329)<br>org.testng.SuiteRunner.privateRun(SuiteRunner.java:291)<br>org.testng.SuiteRunner.run(SuiteRunner.java:240)<br>org.testng.SuiteRunnerWorker.runSuite(SuiteRunnerWorker.java:52)<br>org.testng.SuiteRunnerWorker.run(SuiteRunnerWorker.java:86)<br>org.testng.TestNG.runSuitesSequentially(TestNG.java:1198)<br>org.testng.TestNG.runSuitesLocally(TestNG.java:1123)<br>org.testng.TestNG.run(TestNG.java:1031)<br>org.testng.remote.AbstractRemoteTestNG.run(AbstractRemoteTestNG.java:114)<br>org.testng.remote.RemoteTestNG.initAndRun(RemoteTestNG.java:251)<br>org.testng.remote.RemoteTestNG.main(RemoteTestNG.java:77)<br>
</div> <!-- stack-trace -->
                </div> <!-- method-content -->
              </div> <!-- method -->
            </div> <!-- main-panel-content rounded-window-bottom -->
          </div> <!-- suite-Team_Page_Testing-class-failed -->
          <div class="suite-Team_Page_Testing-class-failed">
            <div class="main-panel-header rounded-window-top">
              <img src="failed.png"/>
              <span class="class-name">Branch.ValidateEmployeeDescription</span>
            </div> <!-- main-panel-header rounded-window-top -->
            <div class="main-panel-content rounded-window-bottom">
              <div class="method">
                <div class="method-content">
                  <a name="validateEmployeeDescriptionIsNotNull">
                  </a> <!-- validateEmployeeDescriptionIsNotNull -->
                  <span class="method-name">validateEmployeeDescriptionIsNotNull</span>
                  <div class="stack-trace"><b>"java.lang.AssertionError: Description is missing for some employees. Their Names are printed in the console. expected [true] but found [false]
	at Branch.ValidateEmployeeDescription.validateEmployeeDescriptionIsNotNull(ValidateEmployeeDescription.java:75)
... Removed 27 stack frames<br/> java.lang.AssertionError: Description is missing for some employees. Their Names are printed in the console. expected [true] but found [false]
	at org.testng.Assert.fail(Assert.java:94)
	at org.testng.Assert.failNotEquals(Assert.java:494)
	at org.testng.Assert.assertTrue(Assert.java:42)
	at Branch.ValidateEmployeeDescription.validateEmployeeDescriptionIsNotNull(ValidateEmployeeDescription.java:75)
	at sun.reflect.NativeMethodAccessorImpl.invoke0(Native Method)
	at sun.reflect.NativeMethodAccessorImpl.invoke(Unknown Source)
	at sun.reflect.DelegatingMethodAccessorImpl.invoke(Unknown Source)
	at java.lang.reflect.Method.invoke(Unknown Source)
	at org.testng.internal.MethodInvocationHelper.invokeMethod(MethodInvocationHelper.java:80)
	at org.testng.internal.Invoker.invokeMethod(Invoker.java:714)
	at org.testng.internal.Invoker.invokeTestMethod(Invoker.java:901)
	at org.testng.internal.Invoker.invokeTestMethods(Invoker.java:1231)
	at org.testng.internal.TestMethodWorker.invokeTestMethods(TestMethodWorker.java:127)
	at org.testng.internal.TestMethodWorker.run(TestMethodWorker.java:111)
	at org.testng.TestRunner.privateRun(TestRunner.java:767)
	at org.testng.TestRunner.run(TestRunner.java:617)
	at org.testng.SuiteRunner.runTest(SuiteRunner.java:334)
	at org.testng.SuiteRunner.runSequentially(SuiteRunner.java:329)
	at org.testng.SuiteRunner.privateRun(SuiteRunner.java:291)
	at org.testng.SuiteRunner.run(SuiteRunner.java:240)
	at org.testng.SuiteRunnerWorker.runSuite(SuiteRunnerWorker.java:52)
	at org.testng.SuiteRunnerWorker.run(SuiteRunnerWorker.java:86)
	at org.testng.TestNG.runSuitesSequentially(TestNG.java:1198)
	at org.testng.TestNG.runSuitesLocally(TestNG.java:1123)
	at org.testng.TestNG.run(TestNG.java:1031)
	at org.testng.remote.AbstractRemoteTestNG.run(AbstractRemoteTestNG.java:114)
	at org.testng.remote.RemoteTestNG.initAndRun(RemoteTestNG.java:251)
	at org.testng.remote.RemoteTestNG.main(RemoteTestNG.java:77)
"</b><br>org.testng.Assert.fail(Assert.java:94)<br>org.testng.Assert.failNotEquals(Assert.java:494)<br>org.testng.Assert.assertTrue(Assert.java:42)<br>Branch.ValidateEmployeeDescription.validateEmployeeDescriptionIsNotNull(ValidateEmployeeDescription.java:75)<br>sun.reflect.NativeMethodAccessorImpl.invoke0(Native Method)<br>sun.reflect.NativeMethodAccessorImpl.invoke(Unknown Source)<br>sun.reflect.DelegatingMethodAccessorImpl.invoke(Unknown Source)<br>java.lang.reflect.Method.invoke(Unknown Source)<br>org.testng.internal.MethodInvocationHelper.invokeMethod(MethodInvocationHelper.java:80)<br>org.testng.internal.Invoker.invokeMethod(Invoker.java:714)<br>org.testng.internal.Invoker.invokeTestMethod(Invoker.java:901)<br>org.testng.internal.Invoker.invokeTestMethods(Invoker.java:1231)<br>org.testng.internal.TestMethodWorker.invokeTestMethods(TestMethodWorker.java:127)<br>org.testng.internal.TestMethodWorker.run(TestMethodWorker.java:111)<br>org.testng.TestRunner.privateRun(TestRunner.java:767)<br>org.testng.TestRunner.run(TestRunner.java:617)<br>org.testng.SuiteRunner.runTest(SuiteRunner.java:334)<br>org.testng.SuiteRunner.runSequentially(SuiteRunner.java:329)<br>org.testng.SuiteRunner.privateRun(SuiteRunner.java:291)<br>org.testng.SuiteRunner.run(SuiteRunner.java:240)<br>org.testng.SuiteRunnerWorker.runSuite(SuiteRunnerWorker.java:52)<br>org.testng.SuiteRunnerWorker.run(SuiteRunnerWorker.java:86)<br>org.testng.TestNG.runSuitesSequentially(TestNG.java:1198)<br>org.testng.TestNG.runSuitesLocally(TestNG.java:1123)<br>org.testng.TestNG.run(TestNG.java:1031)<br>org.testng.remote.AbstractRemoteTestNG.run(AbstractRemoteTestNG.java:114)<br>org.testng.remote.RemoteTestNG.initAndRun(RemoteTestNG.java:251)<br>org.testng.remote.RemoteTestNG.main(RemoteTestNG.java:77)<br>
</div> <!-- stack-trace -->
                </div> <!-- method-content -->
              </div> <!-- method -->
            </div> <!-- main-panel-content rounded-window-bottom -->
          </div> <!-- suite-Team_Page_Testing-class-failed -->
          <div class="suite-Team_Page_Testing-class-failed">
            <div class="main-panel-header rounded-window-top">
              <img src="failed.png"/>
              <span class="class-name">Branch.ValidateEmployeeDepartmentNames</span>
            </div> <!-- main-panel-header rounded-window-top -->
            <div class="main-panel-content rounded-window-bottom">
              <div class="method">
                <div class="method-content">
                  <a name="validateEngineeringDepartmentNames">
                  </a> <!-- validateEngineeringDepartmentNames -->
                  <span class="method-name">validateEngineeringDepartmentNames</span>
                  <div class="stack-trace"><b>"java.lang.AssertionError: expected [Engineering] but found [Co-Founder / CEO]
	at Branch.ValidateEmployeeDepartmentNames.validateEngineeringDepartmentNames(ValidateEmployeeDepartmentNames.java:80)
... Removed 29 stack frames<br/> java.lang.AssertionError: expected [Engineering] but found [Co-Founder / CEO]
	at org.testng.Assert.fail(Assert.java:94)
	at org.testng.Assert.failNotEquals(Assert.java:494)
	at org.testng.Assert.assertEquals(Assert.java:123)
	at org.testng.Assert.assertEquals(Assert.java:176)
	at org.testng.Assert.assertEquals(Assert.java:186)
	at Branch.ValidateEmployeeDepartmentNames.validateEngineeringDepartmentNames(ValidateEmployeeDepartmentNames.java:80)
	at sun.reflect.NativeMethodAccessorImpl.invoke0(Native Method)
	at sun.reflect.NativeMethodAccessorImpl.invoke(Unknown Source)
	at sun.reflect.DelegatingMethodAccessorImpl.invoke(Unknown Source)
	at java.lang.reflect.Method.invoke(Unknown Source)
	at org.testng.internal.MethodInvocationHelper.invokeMethod(MethodInvocationHelper.java:80)
	at org.testng.internal.Invoker.invokeMethod(Invoker.java:714)
	at org.testng.internal.Invoker.invokeTestMethod(Invoker.java:901)
	at org.testng.internal.Invoker.invokeTestMethods(Invoker.java:1231)
	at org.testng.internal.TestMethodWorker.invokeTestMethods(TestMethodWorker.java:127)
	at org.testng.internal.TestMethodWorker.run(TestMethodWorker.java:111)
	at org.testng.TestRunner.privateRun(TestRunner.java:767)
	at org.testng.TestRunner.run(TestRunner.java:617)
	at org.testng.SuiteRunner.runTest(SuiteRunner.java:334)
	at org.testng.SuiteRunner.runSequentially(SuiteRunner.java:329)
	at org.testng.SuiteRunner.privateRun(SuiteRunner.java:291)
	at org.testng.SuiteRunner.run(SuiteRunner.java:240)
	at org.testng.SuiteRunnerWorker.runSuite(SuiteRunnerWorker.java:52)
	at org.testng.SuiteRunnerWorker.run(SuiteRunnerWorker.java:86)
	at org.testng.TestNG.runSuitesSequentially(TestNG.java:1198)
	at org.testng.TestNG.runSuitesLocally(TestNG.java:1123)
	at org.testng.TestNG.run(TestNG.java:1031)
	at org.testng.remote.AbstractRemoteTestNG.run(AbstractRemoteTestNG.java:114)
	at org.testng.remote.RemoteTestNG.initAndRun(RemoteTestNG.java:251)
	at org.testng.remote.RemoteTestNG.main(RemoteTestNG.java:77)
"</b><br>org.testng.Assert.fail(Assert.java:94)<br>org.testng.Assert.failNotEquals(Assert.java:494)<br>org.testng.Assert.assertEquals(Assert.java:123)<br>org.testng.Assert.assertEquals(Assert.java:176)<br>org.testng.Assert.assertEquals(Assert.java:186)<br>Branch.ValidateEmployeeDepartmentNames.validateEngineeringDepartmentNames(ValidateEmployeeDepartmentNames.java:80)<br>sun.reflect.NativeMethodAccessorImpl.invoke0(Native Method)<br>sun.reflect.NativeMethodAccessorImpl.invoke(Unknown Source)<br>sun.reflect.DelegatingMethodAccessorImpl.invoke(Unknown Source)<br>java.lang.reflect.Method.invoke(Unknown Source)<br>org.testng.internal.MethodInvocationHelper.invokeMethod(MethodInvocationHelper.java:80)<br>org.testng.internal.Invoker.invokeMethod(Invoker.java:714)<br>org.testng.internal.Invoker.invokeTestMethod(Invoker.java:901)<br>org.testng.internal.Invoker.invokeTestMethods(Invoker.java:1231)<br>org.testng.internal.TestMethodWorker.invokeTestMethods(TestMethodWorker.java:127)<br>org.testng.internal.TestMethodWorker.run(TestMethodWorker.java:111)<br>org.testng.TestRunner.privateRun(TestRunner.java:767)<br>org.testng.TestRunner.run(TestRunner.java:617)<br>org.testng.SuiteRunner.runTest(SuiteRunner.java:334)<br>org.testng.SuiteRunner.runSequentially(SuiteRunner.java:329)<br>org.testng.SuiteRunner.privateRun(SuiteRunner.java:291)<br>org.testng.SuiteRunner.run(SuiteRunner.java:240)<br>org.testng.SuiteRunnerWorker.runSuite(SuiteRunnerWorker.java:52)<br>org.testng.SuiteRunnerWorker.run(SuiteRunnerWorker.java:86)<br>org.testng.TestNG.runSuitesSequentially(TestNG.java:1198)<br>org.testng.TestNG.runSuitesLocally(TestNG.java:1123)<br>org.testng.TestNG.run(TestNG.java:1031)<br>org.testng.remote.AbstractRemoteTestNG.run(AbstractRemoteTestNG.java:114)<br>org.testng.remote.RemoteTestNG.initAndRun(RemoteTestNG.java:251)<br>org.testng.remote.RemoteTestNG.main(RemoteTestNG.java:77)<br>
</div> <!-- stack-trace -->
                </div> <!-- method-content -->
              </div> <!-- method -->
              <div class="method">
                <div class="method-content">
                  <a name="validateMarketingDepartmentNames">
                  </a> <!-- validateMarketingDepartmentNames -->
                  <span class="method-name">validateMarketingDepartmentNames</span>
                  <div class="stack-trace"><b>"java.lang.AssertionError: expected [Marketing] but found [Co-Founder / Marketing]
	at Branch.ValidateEmployeeDepartmentNames.validateMarketingDepartmentNames(ValidateEmployeeDepartmentNames.java:98)
... Removed 29 stack frames<br/> java.lang.AssertionError: expected [Marketing] but found [Co-Founder / Marketing]
	at org.testng.Assert.fail(Assert.java:94)
	at org.testng.Assert.failNotEquals(Assert.java:494)
	at org.testng.Assert.assertEquals(Assert.java:123)
	at org.testng.Assert.assertEquals(Assert.java:176)
	at org.testng.Assert.assertEquals(Assert.java:186)
	at Branch.ValidateEmployeeDepartmentNames.validateMarketingDepartmentNames(ValidateEmployeeDepartmentNames.java:98)
	at sun.reflect.NativeMethodAccessorImpl.invoke0(Native Method)
	at sun.reflect.NativeMethodAccessorImpl.invoke(Unknown Source)
	at sun.reflect.DelegatingMethodAccessorImpl.invoke(Unknown Source)
	at java.lang.reflect.Method.invoke(Unknown Source)
	at org.testng.internal.MethodInvocationHelper.invokeMethod(MethodInvocationHelper.java:80)
	at org.testng.internal.Invoker.invokeMethod(Invoker.java:714)
	at org.testng.internal.Invoker.invokeTestMethod(Invoker.java:901)
	at org.testng.internal.Invoker.invokeTestMethods(Invoker.java:1231)
	at org.testng.internal.TestMethodWorker.invokeTestMethods(TestMethodWorker.java:127)
	at org.testng.internal.TestMethodWorker.run(TestMethodWorker.java:111)
	at org.testng.TestRunner.privateRun(TestRunner.java:767)
	at org.testng.TestRunner.run(TestRunner.java:617)
	at org.testng.SuiteRunner.runTest(SuiteRunner.java:334)
	at org.testng.SuiteRunner.runSequentially(SuiteRunner.java:329)
	at org.testng.SuiteRunner.privateRun(SuiteRunner.java:291)
	at org.testng.SuiteRunner.run(SuiteRunner.java:240)
	at org.testng.SuiteRunnerWorker.runSuite(SuiteRunnerWorker.java:52)
	at org.testng.SuiteRunnerWorker.run(SuiteRunnerWorker.java:86)
	at org.testng.TestNG.runSuitesSequentially(TestNG.java:1198)
	at org.testng.TestNG.runSuitesLocally(TestNG.java:1123)
	at org.testng.TestNG.run(TestNG.java:1031)
	at org.testng.remote.AbstractRemoteTestNG.run(AbstractRemoteTestNG.java:114)
	at org.testng.remote.RemoteTestNG.initAndRun(RemoteTestNG.java:251)
	at org.testng.remote.RemoteTestNG.main(RemoteTestNG.java:77)
"</b><br>org.testng.Assert.fail(Assert.java:94)<br>org.testng.Assert.failNotEquals(Assert.java:494)<br>org.testng.Assert.assertEquals(Assert.java:123)<br>org.testng.Assert.assertEquals(Assert.java:176)<br>org.testng.Assert.assertEquals(Assert.java:186)<br>Branch.ValidateEmployeeDepartmentNames.validateMarketingDepartmentNames(ValidateEmployeeDepartmentNames.java:98)<br>sun.reflect.NativeMethodAccessorImpl.invoke0(Native Method)<br>sun.reflect.NativeMethodAccessorImpl.invoke(Unknown Source)<br>sun.reflect.DelegatingMethodAccessorImpl.invoke(Unknown Source)<br>java.lang.reflect.Method.invoke(Unknown Source)<br>org.testng.internal.MethodInvocationHelper.invokeMethod(MethodInvocationHelper.java:80)<br>org.testng.internal.Invoker.invokeMethod(Invoker.java:714)<br>org.testng.internal.Invoker.invokeTestMethod(Invoker.java:901)<br>org.testng.internal.Invoker.invokeTestMethods(Invoker.java:1231)<br>org.testng.internal.TestMethodWorker.invokeTestMethods(TestMethodWorker.java:127)<br>org.testng.internal.TestMethodWorker.run(TestMethodWorker.java:111)<br>org.testng.TestRunner.privateRun(TestRunner.java:767)<br>org.testng.TestRunner.run(TestRunner.java:617)<br>org.testng.SuiteRunner.runTest(SuiteRunner.java:334)<br>org.testng.SuiteRunner.runSequentially(SuiteRunner.java:329)<br>org.testng.SuiteRunner.privateRun(SuiteRunner.java:291)<br>org.testng.SuiteRunner.run(SuiteRunner.java:240)<br>org.testng.SuiteRunnerWorker.runSuite(SuiteRunnerWorker.java:52)<br>org.testng.SuiteRunnerWorker.run(SuiteRunnerWorker.java:86)<br>org.testng.TestNG.runSuitesSequentially(TestNG.java:1198)<br>org.testng.TestNG.runSuitesLocally(TestNG.java:1123)<br>org.testng.TestNG.run(TestNG.java:1031)<br>org.testng.remote.AbstractRemoteTestNG.run(AbstractRemoteTestNG.java:114)<br>org.testng.remote.RemoteTestNG.initAndRun(RemoteTestNG.java:251)<br>org.testng.remote.RemoteTestNG.main(RemoteTestNG.java:77)<br>
</div> <!-- stack-trace -->
                </div> <!-- method-content -->
              </div> <!-- method -->
              <div class="method">
                <div class="method-content">
                  <a name="validatePartnerGrowthDepartmentNames">
                  </a> <!-- validatePartnerGrowthDepartmentNames -->
                  <span class="method-name">validatePartnerGrowthDepartmentNames</span>
                  <div class="stack-trace"><b>"java.lang.AssertionError: expected [Partner Growth] but found [Co-Founder / COO]
	at Branch.ValidateEmployeeDepartmentNames.validatePartnerGrowthDepartmentNames(ValidateEmployeeDepartmentNames.java:134)
... Removed 29 stack frames<br/> java.lang.AssertionError: expected [Partner Growth] but found [Co-Founder / COO]
	at org.testng.Assert.fail(Assert.java:94)
	at org.testng.Assert.failNotEquals(Assert.java:494)
	at org.testng.Assert.assertEquals(Assert.java:123)
	at org.testng.Assert.assertEquals(Assert.java:176)
	at org.testng.Assert.assertEquals(Assert.java:186)
	at Branch.ValidateEmployeeDepartmentNames.validatePartnerGrowthDepartmentNames(ValidateEmployeeDepartmentNames.java:134)
	at sun.reflect.NativeMethodAccessorImpl.invoke0(Native Method)
	at sun.reflect.NativeMethodAccessorImpl.invoke(Unknown Source)
	at sun.reflect.DelegatingMethodAccessorImpl.invoke(Unknown Source)
	at java.lang.reflect.Method.invoke(Unknown Source)
	at org.testng.internal.MethodInvocationHelper.invokeMethod(MethodInvocationHelper.java:80)
	at org.testng.internal.Invoker.invokeMethod(Invoker.java:714)
	at org.testng.internal.Invoker.invokeTestMethod(Invoker.java:901)
	at org.testng.internal.Invoker.invokeTestMethods(Invoker.java:1231)
	at org.testng.internal.TestMethodWorker.invokeTestMethods(TestMethodWorker.java:127)
	at org.testng.internal.TestMethodWorker.run(TestMethodWorker.java:111)
	at org.testng.TestRunner.privateRun(TestRunner.java:767)
	at org.testng.TestRunner.run(TestRunner.java:617)
	at org.testng.SuiteRunner.runTest(SuiteRunner.java:334)
	at org.testng.SuiteRunner.runSequentially(SuiteRunner.java:329)
	at org.testng.SuiteRunner.privateRun(SuiteRunner.java:291)
	at org.testng.SuiteRunner.run(SuiteRunner.java:240)
	at org.testng.SuiteRunnerWorker.runSuite(SuiteRunnerWorker.java:52)
	at org.testng.SuiteRunnerWorker.run(SuiteRunnerWorker.java:86)
	at org.testng.TestNG.runSuitesSequentially(TestNG.java:1198)
	at org.testng.TestNG.runSuitesLocally(TestNG.java:1123)
	at org.testng.TestNG.run(TestNG.java:1031)
	at org.testng.remote.AbstractRemoteTestNG.run(AbstractRemoteTestNG.java:114)
	at org.testng.remote.RemoteTestNG.initAndRun(RemoteTestNG.java:251)
	at org.testng.remote.RemoteTestNG.main(RemoteTestNG.java:77)
"</b><br>org.testng.Assert.fail(Assert.java:94)<br>org.testng.Assert.failNotEquals(Assert.java:494)<br>org.testng.Assert.assertEquals(Assert.java:123)<br>org.testng.Assert.assertEquals(Assert.java:176)<br>org.testng.Assert.assertEquals(Assert.java:186)<br>Branch.ValidateEmployeeDepartmentNames.validatePartnerGrowthDepartmentNames(ValidateEmployeeDepartmentNames.java:134)<br>sun.reflect.NativeMethodAccessorImpl.invoke0(Native Method)<br>sun.reflect.NativeMethodAccessorImpl.invoke(Unknown Source)<br>sun.reflect.DelegatingMethodAccessorImpl.invoke(Unknown Source)<br>java.lang.reflect.Method.invoke(Unknown Source)<br>org.testng.internal.MethodInvocationHelper.invokeMethod(MethodInvocationHelper.java:80)<br>org.testng.internal.Invoker.invokeMethod(Invoker.java:714)<br>org.testng.internal.Invoker.invokeTestMethod(Invoker.java:901)<br>org.testng.internal.Invoker.invokeTestMethods(Invoker.java:1231)<br>org.testng.internal.TestMethodWorker.invokeTestMethods(TestMethodWorker.java:127)<br>org.testng.internal.TestMethodWorker.run(TestMethodWorker.java:111)<br>org.testng.TestRunner.privateRun(TestRunner.java:767)<br>org.testng.TestRunner.run(TestRunner.java:617)<br>org.testng.SuiteRunner.runTest(SuiteRunner.java:334)<br>org.testng.SuiteRunner.runSequentially(SuiteRunner.java:329)<br>org.testng.SuiteRunner.privateRun(SuiteRunner.java:291)<br>org.testng.SuiteRunner.run(SuiteRunner.java:240)<br>org.testng.SuiteRunnerWorker.runSuite(SuiteRunnerWorker.java:52)<br>org.testng.SuiteRunnerWorker.run(SuiteRunnerWorker.java:86)<br>org.testng.TestNG.runSuitesSequentially(TestNG.java:1198)<br>org.testng.TestNG.runSuitesLocally(TestNG.java:1123)<br>org.testng.TestNG.run(TestNG.java:1031)<br>org.testng.remote.AbstractRemoteTestNG.run(AbstractRemoteTestNG.java:114)<br>org.testng.remote.RemoteTestNG.initAndRun(RemoteTestNG.java:251)<br>org.testng.remote.RemoteTestNG.main(RemoteTestNG.java:77)<br>
</div> <!-- stack-trace -->
                </div> <!-- method-content -->
              </div> <!-- method -->
            </div> <!-- main-panel-content rounded-window-bottom -->
          </div> <!-- suite-Team_Page_Testing-class-failed -->
          <div class="suite-Team_Page_Testing-class-failed">
            <div class="main-panel-header rounded-window-top">
              <img src="failed.png"/>
              <span class="class-name">Branch.ValidateEmployeeDepartmentsDataConsistency</span>
            </div> <!-- main-panel-header rounded-window-top -->
            <div class="main-panel-content rounded-window-bottom">
              <div class="method">
                <div class="method-content">
                  <a name="validateDataEmployeeDepartmentsConsistency">
                  </a> <!-- validateDataEmployeeDepartmentsConsistency -->
                  <span class="method-name">validateDataEmployeeDepartmentsConsistency</span>
                  <div class="stack-trace"><b>"java.lang.NullPointerException
	at pageObjects.BranchTeamPage.getAll(BranchTeamPage.java:24)
	at Branch.ValidateEmployeeDepartmentsDataConsistency.validateDataEmployeeDepartmentsConsistency(ValidateEmployeeDepartmentsDataConsistency.java:62)
... Removed 24 stack frames<br/> java.lang.NullPointerException
	at pageObjects.BranchTeamPage.getAll(BranchTeamPage.java:24)
	at Branch.ValidateEmployeeDepartmentsDataConsistency.validateDataEmployeeDepartmentsConsistency(ValidateEmployeeDepartmentsDataConsistency.java:62)
	at sun.reflect.NativeMethodAccessorImpl.invoke0(Native Method)
	at sun.reflect.NativeMethodAccessorImpl.invoke(Unknown Source)
	at sun.reflect.DelegatingMethodAccessorImpl.invoke(Unknown Source)
	at java.lang.reflect.Method.invoke(Unknown Source)
	at org.testng.internal.MethodInvocationHelper.invokeMethod(MethodInvocationHelper.java:80)
	at org.testng.internal.Invoker.invokeMethod(Invoker.java:714)
	at org.testng.internal.Invoker.invokeTestMethod(Invoker.java:901)
	at org.testng.internal.Invoker.invokeTestMethods(Invoker.java:1231)
	at org.testng.internal.TestMethodWorker.invokeTestMethods(TestMethodWorker.java:127)
	at org.testng.internal.TestMethodWorker.run(TestMethodWorker.java:111)
	at org.testng.TestRunner.privateRun(TestRunner.java:767)
	at org.testng.TestRunner.run(TestRunner.java:617)
	at org.testng.SuiteRunner.runTest(SuiteRunner.java:334)
	at org.testng.SuiteRunner.runSequentially(SuiteRunner.java:329)
	at org.testng.SuiteRunner.privateRun(SuiteRunner.java:291)
	at org.testng.SuiteRunner.run(SuiteRunner.java:240)
	at org.testng.SuiteRunnerWorker.runSuite(SuiteRunnerWorker.java:52)
	at org.testng.SuiteRunnerWorker.run(SuiteRunnerWorker.java:86)
	at org.testng.TestNG.runSuitesSequentially(TestNG.java:1198)
	at org.testng.TestNG.runSuitesLocally(TestNG.java:1123)
	at org.testng.TestNG.run(TestNG.java:1031)
	at org.testng.remote.AbstractRemoteTestNG.run(AbstractRemoteTestNG.java:114)
	at org.testng.remote.RemoteTestNG.initAndRun(RemoteTestNG.java:251)
	at org.testng.remote.RemoteTestNG.main(RemoteTestNG.java:77)
"</b><br>pageObjects.BranchTeamPage.getAll(BranchTeamPage.java:24)<br>Branch.ValidateEmployeeDepartmentsDataConsistency.validateDataEmployeeDepartmentsConsistency(ValidateEmployeeDepartmentsDataConsistency.java:62)<br>sun.reflect.NativeMethodAccessorImpl.invoke0(Native Method)<br>sun.reflect.NativeMethodAccessorImpl.invoke(Unknown Source)<br>sun.reflect.DelegatingMethodAccessorImpl.invoke(Unknown Source)<br>java.lang.reflect.Method.invoke(Unknown Source)<br>org.testng.internal.MethodInvocationHelper.invokeMethod(MethodInvocationHelper.java:80)<br>org.testng.internal.Invoker.invokeMethod(Invoker.java:714)<br>org.testng.internal.Invoker.invokeTestMethod(Invoker.java:901)<br>org.testng.internal.Invoker.invokeTestMethods(Invoker.java:1231)<br>org.testng.internal.TestMethodWorker.invokeTestMethods(TestMethodWorker.java:127)<br>org.testng.internal.TestMethodWorker.run(TestMethodWorker.java:111)<br>org.testng.TestRunner.privateRun(TestRunner.java:767)<br>org.testng.TestRunner.run(TestRunner.java:617)<br>org.testng.SuiteRunner.runTest(SuiteRunner.java:334)<br>org.testng.SuiteRunner.runSequentially(SuiteRunner.java:329)<br>org.testng.SuiteRunner.privateRun(SuiteRunner.java:291)<br>org.testng.SuiteRunner.run(SuiteRunner.java:240)<br>org.testng.SuiteRunnerWorker.runSuite(SuiteRunnerWorker.java:52)<br>org.testng.SuiteRunnerWorker.run(SuiteRunnerWorker.java:86)<br>org.testng.TestNG.runSuitesSequentially(TestNG.java:1198)<br>org.testng.TestNG.runSuitesLocally(TestNG.java:1123)<br>org.testng.TestNG.run(TestNG.java:1031)<br>org.testng.remote.AbstractRemoteTestNG.run(AbstractRemoteTestNG.java:114)<br>org.testng.remote.RemoteTestNG.initAndRun(RemoteTestNG.java:251)<br>org.testng.remote.RemoteTestNG.main(RemoteTestNG.java:77)<br>
</div> <!-- stack-trace -->
                </div> <!-- method-content -->
              </div> <!-- method -->
              <div class="method">
                <div class="method-content">
                  <a name="validateEngineeringEmployeeDepartmentsConsistency">
                  </a> <!-- validateEngineeringEmployeeDepartmentsConsistency -->
                  <span class="method-name">validateEngineeringEmployeeDepartmentsConsistency</span>
                  <div class="stack-trace"><b>"java.lang.NullPointerException
	at pageObjects.BranchTeamPage.getAll(BranchTeamPage.java:24)
	at Branch.ValidateEmployeeDepartmentsDataConsistency.validateEngineeringEmployeeDepartmentsConsistency(ValidateEmployeeDepartmentsDataConsistency.java:82)
... Removed 24 stack frames<br/> java.lang.NullPointerException
	at pageObjects.BranchTeamPage.getAll(BranchTeamPage.java:24)
	at Branch.ValidateEmployeeDepartmentsDataConsistency.validateEngineeringEmployeeDepartmentsConsistency(ValidateEmployeeDepartmentsDataConsistency.java:82)
	at sun.reflect.NativeMethodAccessorImpl.invoke0(Native Method)
	at sun.reflect.NativeMethodAccessorImpl.invoke(Unknown Source)
	at sun.reflect.DelegatingMethodAccessorImpl.invoke(Unknown Source)
	at java.lang.reflect.Method.invoke(Unknown Source)
	at org.testng.internal.MethodInvocationHelper.invokeMethod(MethodInvocationHelper.java:80)
	at org.testng.internal.Invoker.invokeMethod(Invoker.java:714)
	at org.testng.internal.Invoker.invokeTestMethod(Invoker.java:901)
	at org.testng.internal.Invoker.invokeTestMethods(Invoker.java:1231)
	at org.testng.internal.TestMethodWorker.invokeTestMethods(TestMethodWorker.java:127)
	at org.testng.internal.TestMethodWorker.run(TestMethodWorker.java:111)
	at org.testng.TestRunner.privateRun(TestRunner.java:767)
	at org.testng.TestRunner.run(TestRunner.java:617)
	at org.testng.SuiteRunner.runTest(SuiteRunner.java:334)
	at org.testng.SuiteRunner.runSequentially(SuiteRunner.java:329)
	at org.testng.SuiteRunner.privateRun(SuiteRunner.java:291)
	at org.testng.SuiteRunner.run(SuiteRunner.java:240)
	at org.testng.SuiteRunnerWorker.runSuite(SuiteRunnerWorker.java:52)
	at org.testng.SuiteRunnerWorker.run(SuiteRunnerWorker.java:86)
	at org.testng.TestNG.runSuitesSequentially(TestNG.java:1198)
	at org.testng.TestNG.runSuitesLocally(TestNG.java:1123)
	at org.testng.TestNG.run(TestNG.java:1031)
	at org.testng.remote.AbstractRemoteTestNG.run(AbstractRemoteTestNG.java:114)
	at org.testng.remote.RemoteTestNG.initAndRun(RemoteTestNG.java:251)
	at org.testng.remote.RemoteTestNG.main(RemoteTestNG.java:77)
"</b><br>pageObjects.BranchTeamPage.getAll(BranchTeamPage.java:24)<br>Branch.ValidateEmployeeDepartmentsDataConsistency.validateEngineeringEmployeeDepartmentsConsistency(ValidateEmployeeDepartmentsDataConsistency.java:82)<br>sun.reflect.NativeMethodAccessorImpl.invoke0(Native Method)<br>sun.reflect.NativeMethodAccessorImpl.invoke(Unknown Source)<br>sun.reflect.DelegatingMethodAccessorImpl.invoke(Unknown Source)<br>java.lang.reflect.Method.invoke(Unknown Source)<br>org.testng.internal.MethodInvocationHelper.invokeMethod(MethodInvocationHelper.java:80)<br>org.testng.internal.Invoker.invokeMethod(Invoker.java:714)<br>org.testng.internal.Invoker.invokeTestMethod(Invoker.java:901)<br>org.testng.internal.Invoker.invokeTestMethods(Invoker.java:1231)<br>org.testng.internal.TestMethodWorker.invokeTestMethods(TestMethodWorker.java:127)<br>org.testng.internal.TestMethodWorker.run(TestMethodWorker.java:111)<br>org.testng.TestRunner.privateRun(TestRunner.java:767)<br>org.testng.TestRunner.run(TestRunner.java:617)<br>org.testng.SuiteRunner.runTest(SuiteRunner.java:334)<br>org.testng.SuiteRunner.runSequentially(SuiteRunner.java:329)<br>org.testng.SuiteRunner.privateRun(SuiteRunner.java:291)<br>org.testng.SuiteRunner.run(SuiteRunner.java:240)<br>org.testng.SuiteRunnerWorker.runSuite(SuiteRunnerWorker.java:52)<br>org.testng.SuiteRunnerWorker.run(SuiteRunnerWorker.java:86)<br>org.testng.TestNG.runSuitesSequentially(TestNG.java:1198)<br>org.testng.TestNG.runSuitesLocally(TestNG.java:1123)<br>org.testng.TestNG.run(TestNG.java:1031)<br>org.testng.remote.AbstractRemoteTestNG.run(AbstractRemoteTestNG.java:114)<br>org.testng.remote.RemoteTestNG.initAndRun(RemoteTestNG.java:251)<br>org.testng.remote.RemoteTestNG.main(RemoteTestNG.java:77)<br>
</div> <!-- stack-trace -->
                </div> <!-- method-content -->
              </div> <!-- method -->
              <div class="method">
                <div class="method-content">
                  <a name="validateMarketingEmployeeDepartmentsConsistency">
                  </a> <!-- validateMarketingEmployeeDepartmentsConsistency -->
                  <span class="method-name">validateMarketingEmployeeDepartmentsConsistency</span>
                  <div class="stack-trace"><b>"java.lang.NullPointerException
	at pageObjects.BranchTeamPage.getAll(BranchTeamPage.java:24)
	at Branch.ValidateEmployeeDepartmentsDataConsistency.validateMarketingEmployeeDepartmentsConsistency(ValidateEmployeeDepartmentsDataConsistency.java:102)
... Removed 24 stack frames<br/> java.lang.NullPointerException
	at pageObjects.BranchTeamPage.getAll(BranchTeamPage.java:24)
	at Branch.ValidateEmployeeDepartmentsDataConsistency.validateMarketingEmployeeDepartmentsConsistency(ValidateEmployeeDepartmentsDataConsistency.java:102)
	at sun.reflect.NativeMethodAccessorImpl.invoke0(Native Method)
	at sun.reflect.NativeMethodAccessorImpl.invoke(Unknown Source)
	at sun.reflect.DelegatingMethodAccessorImpl.invoke(Unknown Source)
	at java.lang.reflect.Method.invoke(Unknown Source)
	at org.testng.internal.MethodInvocationHelper.invokeMethod(MethodInvocationHelper.java:80)
	at org.testng.internal.Invoker.invokeMethod(Invoker.java:714)
	at org.testng.internal.Invoker.invokeTestMethod(Invoker.java:901)
	at org.testng.internal.Invoker.invokeTestMethods(Invoker.java:1231)
	at org.testng.internal.TestMethodWorker.invokeTestMethods(TestMethodWorker.java:127)
	at org.testng.internal.TestMethodWorker.run(TestMethodWorker.java:111)
	at org.testng.TestRunner.privateRun(TestRunner.java:767)
	at org.testng.TestRunner.run(TestRunner.java:617)
	at org.testng.SuiteRunner.runTest(SuiteRunner.java:334)
	at org.testng.SuiteRunner.runSequentially(SuiteRunner.java:329)
	at org.testng.SuiteRunner.privateRun(SuiteRunner.java:291)
	at org.testng.SuiteRunner.run(SuiteRunner.java:240)
	at org.testng.SuiteRunnerWorker.runSuite(SuiteRunnerWorker.java:52)
	at org.testng.SuiteRunnerWorker.run(SuiteRunnerWorker.java:86)
	at org.testng.TestNG.runSuitesSequentially(TestNG.java:1198)
	at org.testng.TestNG.runSuitesLocally(TestNG.java:1123)
	at org.testng.TestNG.run(TestNG.java:1031)
	at org.testng.remote.AbstractRemoteTestNG.run(AbstractRemoteTestNG.java:114)
	at org.testng.remote.RemoteTestNG.initAndRun(RemoteTestNG.java:251)
	at org.testng.remote.RemoteTestNG.main(RemoteTestNG.java:77)
"</b><br>pageObjects.BranchTeamPage.getAll(BranchTeamPage.java:24)<br>Branch.ValidateEmployeeDepartmentsDataConsistency.validateMarketingEmployeeDepartmentsConsistency(ValidateEmployeeDepartmentsDataConsistency.java:102)<br>sun.reflect.NativeMethodAccessorImpl.invoke0(Native Method)<br>sun.reflect.NativeMethodAccessorImpl.invoke(Unknown Source)<br>sun.reflect.DelegatingMethodAccessorImpl.invoke(Unknown Source)<br>java.lang.reflect.Method.invoke(Unknown Source)<br>org.testng.internal.MethodInvocationHelper.invokeMethod(MethodInvocationHelper.java:80)<br>org.testng.internal.Invoker.invokeMethod(Invoker.java:714)<br>org.testng.internal.Invoker.invokeTestMethod(Invoker.java:901)<br>org.testng.internal.Invoker.invokeTestMethods(Invoker.java:1231)<br>org.testng.internal.TestMethodWorker.invokeTestMethods(TestMethodWorker.java:127)<br>org.testng.internal.TestMethodWorker.run(TestMethodWorker.java:111)<br>org.testng.TestRunner.privateRun(TestRunner.java:767)<br>org.testng.TestRunner.run(TestRunner.java:617)<br>org.testng.SuiteRunner.runTest(SuiteRunner.java:334)<br>org.testng.SuiteRunner.runSequentially(SuiteRunner.java:329)<br>org.testng.SuiteRunner.privateRun(SuiteRunner.java:291)<br>org.testng.SuiteRunner.run(SuiteRunner.java:240)<br>org.testng.SuiteRunnerWorker.runSuite(SuiteRunnerWorker.java:52)<br>org.testng.SuiteRunnerWorker.run(SuiteRunnerWorker.java:86)<br>org.testng.TestNG.runSuitesSequentially(TestNG.java:1198)<br>org.testng.TestNG.runSuitesLocally(TestNG.java:1123)<br>org.testng.TestNG.run(TestNG.java:1031)<br>org.testng.remote.AbstractRemoteTestNG.run(AbstractRemoteTestNG.java:114)<br>org.testng.remote.RemoteTestNG.initAndRun(RemoteTestNG.java:251)<br>org.testng.remote.RemoteTestNG.main(RemoteTestNG.java:77)<br>
</div> <!-- stack-trace -->
                </div> <!-- method-content -->
              </div> <!-- method -->
              <div class="method">
                <div class="method-content">
                  <a name="validateOperationsEmployeeDepartmentsConsistency">
                  </a> <!-- validateOperationsEmployeeDepartmentsConsistency -->
                  <span class="method-name">validateOperationsEmployeeDepartmentsConsistency</span>
                  <div class="stack-trace"><b>"java.lang.NullPointerException
	at pageObjects.BranchTeamPage.getAll(BranchTeamPage.java:24)
	at Branch.ValidateEmployeeDepartmentsDataConsistency.validateOperationsEmployeeDepartmentsConsistency(ValidateEmployeeDepartmentsDataConsistency.java:122)
... Removed 24 stack frames<br/> java.lang.NullPointerException
	at pageObjects.BranchTeamPage.getAll(BranchTeamPage.java:24)
	at Branch.ValidateEmployeeDepartmentsDataConsistency.validateOperationsEmployeeDepartmentsConsistency(ValidateEmployeeDepartmentsDataConsistency.java:122)
	at sun.reflect.NativeMethodAccessorImpl.invoke0(Native Method)
	at sun.reflect.NativeMethodAccessorImpl.invoke(Unknown Source)
	at sun.reflect.DelegatingMethodAccessorImpl.invoke(Unknown Source)
	at java.lang.reflect.Method.invoke(Unknown Source)
	at org.testng.internal.MethodInvocationHelper.invokeMethod(MethodInvocationHelper.java:80)
	at org.testng.internal.Invoker.invokeMethod(Invoker.java:714)
	at org.testng.internal.Invoker.invokeTestMethod(Invoker.java:901)
	at org.testng.internal.Invoker.invokeTestMethods(Invoker.java:1231)
	at org.testng.internal.TestMethodWorker.invokeTestMethods(TestMethodWorker.java:127)
	at org.testng.internal.TestMethodWorker.run(TestMethodWorker.java:111)
	at org.testng.TestRunner.privateRun(TestRunner.java:767)
	at org.testng.TestRunner.run(TestRunner.java:617)
	at org.testng.SuiteRunner.runTest(SuiteRunner.java:334)
	at org.testng.SuiteRunner.runSequentially(SuiteRunner.java:329)
	at org.testng.SuiteRunner.privateRun(SuiteRunner.java:291)
	at org.testng.SuiteRunner.run(SuiteRunner.java:240)
	at org.testng.SuiteRunnerWorker.runSuite(SuiteRunnerWorker.java:52)
	at org.testng.SuiteRunnerWorker.run(SuiteRunnerWorker.java:86)
	at org.testng.TestNG.runSuitesSequentially(TestNG.java:1198)
	at org.testng.TestNG.runSuitesLocally(TestNG.java:1123)
	at org.testng.TestNG.run(TestNG.java:1031)
	at org.testng.remote.AbstractRemoteTestNG.run(AbstractRemoteTestNG.java:114)
	at org.testng.remote.RemoteTestNG.initAndRun(RemoteTestNG.java:251)
	at org.testng.remote.RemoteTestNG.main(RemoteTestNG.java:77)
"</b><br>pageObjects.BranchTeamPage.getAll(BranchTeamPage.java:24)<br>Branch.ValidateEmployeeDepartmentsDataConsistency.validateOperationsEmployeeDepartmentsConsistency(ValidateEmployeeDepartmentsDataConsistency.java:122)<br>sun.reflect.NativeMethodAccessorImpl.invoke0(Native Method)<br>sun.reflect.NativeMethodAccessorImpl.invoke(Unknown Source)<br>sun.reflect.DelegatingMethodAccessorImpl.invoke(Unknown Source)<br>java.lang.reflect.Method.invoke(Unknown Source)<br>org.testng.internal.MethodInvocationHelper.invokeMethod(MethodInvocationHelper.java:80)<br>org.testng.internal.Invoker.invokeMethod(Invoker.java:714)<br>org.testng.internal.Invoker.invokeTestMethod(Invoker.java:901)<br>org.testng.internal.Invoker.invokeTestMethods(Invoker.java:1231)<br>org.testng.internal.TestMethodWorker.invokeTestMethods(TestMethodWorker.java:127)<br>org.testng.internal.TestMethodWorker.run(TestMethodWorker.java:111)<br>org.testng.TestRunner.privateRun(TestRunner.java:767)<br>org.testng.TestRunner.run(TestRunner.java:617)<br>org.testng.SuiteRunner.runTest(SuiteRunner.java:334)<br>org.testng.SuiteRunner.runSequentially(SuiteRunner.java:329)<br>org.testng.SuiteRunner.privateRun(SuiteRunner.java:291)<br>org.testng.SuiteRunner.run(SuiteRunner.java:240)<br>org.testng.SuiteRunnerWorker.runSuite(SuiteRunnerWorker.java:52)<br>org.testng.SuiteRunnerWorker.run(SuiteRunnerWorker.java:86)<br>org.testng.TestNG.runSuitesSequentially(TestNG.java:1198)<br>org.testng.TestNG.runSuitesLocally(TestNG.java:1123)<br>org.testng.TestNG.run(TestNG.java:1031)<br>org.testng.remote.AbstractRemoteTestNG.run(AbstractRemoteTestNG.java:114)<br>org.testng.remote.RemoteTestNG.initAndRun(RemoteTestNG.java:251)<br>org.testng.remote.RemoteTestNG.main(RemoteTestNG.java:77)<br>
</div> <!-- stack-trace -->
                </div> <!-- method-content -->
              </div> <!-- method -->
              <div class="method">
                <div class="method-content">
                  <a name="validatePartnerGrowthEmployeeDepartmentsConsistency">
                  </a> <!-- validatePartnerGrowthEmployeeDepartmentsConsistency -->
                  <span class="method-name">validatePartnerGrowthEmployeeDepartmentsConsistency</span>
                  <div class="stack-trace"><b>"java.lang.NullPointerException
	at pageObjects.BranchTeamPage.getAll(BranchTeamPage.java:24)
	at Branch.ValidateEmployeeDepartmentsDataConsistency.validatePartnerGrowthEmployeeDepartmentsConsistency(ValidateEmployeeDepartmentsDataConsistency.java:142)
... Removed 24 stack frames<br/> java.lang.NullPointerException
	at pageObjects.BranchTeamPage.getAll(BranchTeamPage.java:24)
	at Branch.ValidateEmployeeDepartmentsDataConsistency.validatePartnerGrowthEmployeeDepartmentsConsistency(ValidateEmployeeDepartmentsDataConsistency.java:142)
	at sun.reflect.NativeMethodAccessorImpl.invoke0(Native Method)
	at sun.reflect.NativeMethodAccessorImpl.invoke(Unknown Source)
	at sun.reflect.DelegatingMethodAccessorImpl.invoke(Unknown Source)
	at java.lang.reflect.Method.invoke(Unknown Source)
	at org.testng.internal.MethodInvocationHelper.invokeMethod(MethodInvocationHelper.java:80)
	at org.testng.internal.Invoker.invokeMethod(Invoker.java:714)
	at org.testng.internal.Invoker.invokeTestMethod(Invoker.java:901)
	at org.testng.internal.Invoker.invokeTestMethods(Invoker.java:1231)
	at org.testng.internal.TestMethodWorker.invokeTestMethods(TestMethodWorker.java:127)
	at org.testng.internal.TestMethodWorker.run(TestMethodWorker.java:111)
	at org.testng.TestRunner.privateRun(TestRunner.java:767)
	at org.testng.TestRunner.run(TestRunner.java:617)
	at org.testng.SuiteRunner.runTest(SuiteRunner.java:334)
	at org.testng.SuiteRunner.runSequentially(SuiteRunner.java:329)
	at org.testng.SuiteRunner.privateRun(SuiteRunner.java:291)
	at org.testng.SuiteRunner.run(SuiteRunner.java:240)
	at org.testng.SuiteRunnerWorker.runSuite(SuiteRunnerWorker.java:52)
	at org.testng.SuiteRunnerWorker.run(SuiteRunnerWorker.java:86)
	at org.testng.TestNG.runSuitesSequentially(TestNG.java:1198)
	at org.testng.TestNG.runSuitesLocally(TestNG.java:1123)
	at org.testng.TestNG.run(TestNG.java:1031)
	at org.testng.remote.AbstractRemoteTestNG.run(AbstractRemoteTestNG.java:114)
	at org.testng.remote.RemoteTestNG.initAndRun(RemoteTestNG.java:251)
	at org.testng.remote.RemoteTestNG.main(RemoteTestNG.java:77)
"</b><br>pageObjects.BranchTeamPage.getAll(BranchTeamPage.java:24)<br>Branch.ValidateEmployeeDepartmentsDataConsistency.validatePartnerGrowthEmployeeDepartmentsConsistency(ValidateEmployeeDepartmentsDataConsistency.java:142)<br>sun.reflect.NativeMethodAccessorImpl.invoke0(Native Method)<br>sun.reflect.NativeMethodAccessorImpl.invoke(Unknown Source)<br>sun.reflect.DelegatingMethodAccessorImpl.invoke(Unknown Source)<br>java.lang.reflect.Method.invoke(Unknown Source)<br>org.testng.internal.MethodInvocationHelper.invokeMethod(MethodInvocationHelper.java:80)<br>org.testng.internal.Invoker.invokeMethod(Invoker.java:714)<br>org.testng.internal.Invoker.invokeTestMethod(Invoker.java:901)<br>org.testng.internal.Invoker.invokeTestMethods(Invoker.java:1231)<br>org.testng.internal.TestMethodWorker.invokeTestMethods(TestMethodWorker.java:127)<br>org.testng.internal.TestMethodWorker.run(TestMethodWorker.java:111)<br>org.testng.TestRunner.privateRun(TestRunner.java:767)<br>org.testng.TestRunner.run(TestRunner.java:617)<br>org.testng.SuiteRunner.runTest(SuiteRunner.java:334)<br>org.testng.SuiteRunner.runSequentially(SuiteRunner.java:329)<br>org.testng.SuiteRunner.privateRun(SuiteRunner.java:291)<br>org.testng.SuiteRunner.run(SuiteRunner.java:240)<br>org.testng.SuiteRunnerWorker.runSuite(SuiteRunnerWorker.java:52)<br>org.testng.SuiteRunnerWorker.run(SuiteRunnerWorker.java:86)<br>org.testng.TestNG.runSuitesSequentially(TestNG.java:1198)<br>org.testng.TestNG.runSuitesLocally(TestNG.java:1123)<br>org.testng.TestNG.run(TestNG.java:1031)<br>org.testng.remote.AbstractRemoteTestNG.run(AbstractRemoteTestNG.java:114)<br>org.testng.remote.RemoteTestNG.initAndRun(RemoteTestNG.java:251)<br>org.testng.remote.RemoteTestNG.main(RemoteTestNG.java:77)<br>
</div> <!-- stack-trace -->
                </div> <!-- method-content -->
              </div> <!-- method -->
              <div class="method">
                <div class="method-content">
                  <a name="validateProductEmployeeDepartmentsConsistency">
                  </a> <!-- validateProductEmployeeDepartmentsConsistency -->
                  <span class="method-name">validateProductEmployeeDepartmentsConsistency</span>
                  <div class="stack-trace"><b>"java.lang.NullPointerException
	at pageObjects.BranchTeamPage.getAll(BranchTeamPage.java:24)
	at Branch.ValidateEmployeeDepartmentsDataConsistency.validateProductEmployeeDepartmentsConsistency(ValidateEmployeeDepartmentsDataConsistency.java:163)
... Removed 24 stack frames<br/> java.lang.NullPointerException
	at pageObjects.BranchTeamPage.getAll(BranchTeamPage.java:24)
	at Branch.ValidateEmployeeDepartmentsDataConsistency.validateProductEmployeeDepartmentsConsistency(ValidateEmployeeDepartmentsDataConsistency.java:163)
	at sun.reflect.NativeMethodAccessorImpl.invoke0(Native Method)
	at sun.reflect.NativeMethodAccessorImpl.invoke(Unknown Source)
	at sun.reflect.DelegatingMethodAccessorImpl.invoke(Unknown Source)
	at java.lang.reflect.Method.invoke(Unknown Source)
	at org.testng.internal.MethodInvocationHelper.invokeMethod(MethodInvocationHelper.java:80)
	at org.testng.internal.Invoker.invokeMethod(Invoker.java:714)
	at org.testng.internal.Invoker.invokeTestMethod(Invoker.java:901)
	at org.testng.internal.Invoker.invokeTestMethods(Invoker.java:1231)
	at org.testng.internal.TestMethodWorker.invokeTestMethods(TestMethodWorker.java:127)
	at org.testng.internal.TestMethodWorker.run(TestMethodWorker.java:111)
	at org.testng.TestRunner.privateRun(TestRunner.java:767)
	at org.testng.TestRunner.run(TestRunner.java:617)
	at org.testng.SuiteRunner.runTest(SuiteRunner.java:334)
	at org.testng.SuiteRunner.runSequentially(SuiteRunner.java:329)
	at org.testng.SuiteRunner.privateRun(SuiteRunner.java:291)
	at org.testng.SuiteRunner.run(SuiteRunner.java:240)
	at org.testng.SuiteRunnerWorker.runSuite(SuiteRunnerWorker.java:52)
	at org.testng.SuiteRunnerWorker.run(SuiteRunnerWorker.java:86)
	at org.testng.TestNG.runSuitesSequentially(TestNG.java:1198)
	at org.testng.TestNG.runSuitesLocally(TestNG.java:1123)
	at org.testng.TestNG.run(TestNG.java:1031)
	at org.testng.remote.AbstractRemoteTestNG.run(AbstractRemoteTestNG.java:114)
	at org.testng.remote.RemoteTestNG.initAndRun(RemoteTestNG.java:251)
	at org.testng.remote.RemoteTestNG.main(RemoteTestNG.java:77)
"</b><br>pageObjects.BranchTeamPage.getAll(BranchTeamPage.java:24)<br>Branch.ValidateEmployeeDepartmentsDataConsistency.validateProductEmployeeDepartmentsConsistency(ValidateEmployeeDepartmentsDataConsistency.java:163)<br>sun.reflect.NativeMethodAccessorImpl.invoke0(Native Method)<br>sun.reflect.NativeMethodAccessorImpl.invoke(Unknown Source)<br>sun.reflect.DelegatingMethodAccessorImpl.invoke(Unknown Source)<br>java.lang.reflect.Method.invoke(Unknown Source)<br>org.testng.internal.MethodInvocationHelper.invokeMethod(MethodInvocationHelper.java:80)<br>org.testng.internal.Invoker.invokeMethod(Invoker.java:714)<br>org.testng.internal.Invoker.invokeTestMethod(Invoker.java:901)<br>org.testng.internal.Invoker.invokeTestMethods(Invoker.java:1231)<br>org.testng.internal.TestMethodWorker.invokeTestMethods(TestMethodWorker.java:127)<br>org.testng.internal.TestMethodWorker.run(TestMethodWorker.java:111)<br>org.testng.TestRunner.privateRun(TestRunner.java:767)<br>org.testng.TestRunner.run(TestRunner.java:617)<br>org.testng.SuiteRunner.runTest(SuiteRunner.java:334)<br>org.testng.SuiteRunner.runSequentially(SuiteRunner.java:329)<br>org.testng.SuiteRunner.privateRun(SuiteRunner.java:291)<br>org.testng.SuiteRunner.run(SuiteRunner.java:240)<br>org.testng.SuiteRunnerWorker.runSuite(SuiteRunnerWorker.java:52)<br>org.testng.SuiteRunnerWorker.run(SuiteRunnerWorker.java:86)<br>org.testng.TestNG.runSuitesSequentially(TestNG.java:1198)<br>org.testng.TestNG.runSuitesLocally(TestNG.java:1123)<br>org.testng.TestNG.run(TestNG.java:1031)<br>org.testng.remote.AbstractRemoteTestNG.run(AbstractRemoteTestNG.java:114)<br>org.testng.remote.RemoteTestNG.initAndRun(RemoteTestNG.java:251)<br>org.testng.remote.RemoteTestNG.main(RemoteTestNG.java:77)<br>
</div> <!-- stack-trace -->
                </div> <!-- method-content -->
              </div> <!-- method -->
              <div class="method">
                <div class="method-content">
                  <a name="validateRecruitingEmployeeDepartmentsConsistency">
                  </a> <!-- validateRecruitingEmployeeDepartmentsConsistency -->
                  <span class="method-name">validateRecruitingEmployeeDepartmentsConsistency</span>
                  <div class="stack-trace"><b>"java.lang.NullPointerException
	at pageObjects.BranchTeamPage.getAll(BranchTeamPage.java:24)
	at Branch.ValidateEmployeeDepartmentsDataConsistency.validateRecruitingEmployeeDepartmentsConsistency(ValidateEmployeeDepartmentsDataConsistency.java:184)
... Removed 24 stack frames<br/> java.lang.NullPointerException
	at pageObjects.BranchTeamPage.getAll(BranchTeamPage.java:24)
	at Branch.ValidateEmployeeDepartmentsDataConsistency.validateRecruitingEmployeeDepartmentsConsistency(ValidateEmployeeDepartmentsDataConsistency.java:184)
	at sun.reflect.NativeMethodAccessorImpl.invoke0(Native Method)
	at sun.reflect.NativeMethodAccessorImpl.invoke(Unknown Source)
	at sun.reflect.DelegatingMethodAccessorImpl.invoke(Unknown Source)
	at java.lang.reflect.Method.invoke(Unknown Source)
	at org.testng.internal.MethodInvocationHelper.invokeMethod(MethodInvocationHelper.java:80)
	at org.testng.internal.Invoker.invokeMethod(Invoker.java:714)
	at org.testng.internal.Invoker.invokeTestMethod(Invoker.java:901)
	at org.testng.internal.Invoker.invokeTestMethods(Invoker.java:1231)
	at org.testng.internal.TestMethodWorker.invokeTestMethods(TestMethodWorker.java:127)
	at org.testng.internal.TestMethodWorker.run(TestMethodWorker.java:111)
	at org.testng.TestRunner.privateRun(TestRunner.java:767)
	at org.testng.TestRunner.run(TestRunner.java:617)
	at org.testng.SuiteRunner.runTest(SuiteRunner.java:334)
	at org.testng.SuiteRunner.runSequentially(SuiteRunner.java:329)
	at org.testng.SuiteRunner.privateRun(SuiteRunner.java:291)
	at org.testng.SuiteRunner.run(SuiteRunner.java:240)
	at org.testng.SuiteRunnerWorker.runSuite(SuiteRunnerWorker.java:52)
	at org.testng.SuiteRunnerWorker.run(SuiteRunnerWorker.java:86)
	at org.testng.TestNG.runSuitesSequentially(TestNG.java:1198)
	at org.testng.TestNG.runSuitesLocally(TestNG.java:1123)
	at org.testng.TestNG.run(TestNG.java:1031)
	at org.testng.remote.AbstractRemoteTestNG.run(AbstractRemoteTestNG.java:114)
	at org.testng.remote.RemoteTestNG.initAndRun(RemoteTestNG.java:251)
	at org.testng.remote.RemoteTestNG.main(RemoteTestNG.java:77)
"</b><br>pageObjects.BranchTeamPage.getAll(BranchTeamPage.java:24)<br>Branch.ValidateEmployeeDepartmentsDataConsistency.validateRecruitingEmployeeDepartmentsConsistency(ValidateEmployeeDepartmentsDataConsistency.java:184)<br>sun.reflect.NativeMethodAccessorImpl.invoke0(Native Method)<br>sun.reflect.NativeMethodAccessorImpl.invoke(Unknown Source)<br>sun.reflect.DelegatingMethodAccessorImpl.invoke(Unknown Source)<br>java.lang.reflect.Method.invoke(Unknown Source)<br>org.testng.internal.MethodInvocationHelper.invokeMethod(MethodInvocationHelper.java:80)<br>org.testng.internal.Invoker.invokeMethod(Invoker.java:714)<br>org.testng.internal.Invoker.invokeTestMethod(Invoker.java:901)<br>org.testng.internal.Invoker.invokeTestMethods(Invoker.java:1231)<br>org.testng.internal.TestMethodWorker.invokeTestMethods(TestMethodWorker.java:127)<br>org.testng.internal.TestMethodWorker.run(TestMethodWorker.java:111)<br>org.testng.TestRunner.privateRun(TestRunner.java:767)<br>org.testng.TestRunner.run(TestRunner.java:617)<br>org.testng.SuiteRunner.runTest(SuiteRunner.java:334)<br>org.testng.SuiteRunner.runSequentially(SuiteRunner.java:329)<br>org.testng.SuiteRunner.privateRun(SuiteRunner.java:291)<br>org.testng.SuiteRunner.run(SuiteRunner.java:240)<br>org.testng.SuiteRunnerWorker.runSuite(SuiteRunnerWorker.java:52)<br>org.testng.SuiteRunnerWorker.run(SuiteRunnerWorker.java:86)<br>org.testng.TestNG.runSuitesSequentially(TestNG.java:1198)<br>org.testng.TestNG.runSuitesLocally(TestNG.java:1123)<br>org.testng.TestNG.run(TestNG.java:1031)<br>org.testng.remote.AbstractRemoteTestNG.run(AbstractRemoteTestNG.java:114)<br>org.testng.remote.RemoteTestNG.initAndRun(RemoteTestNG.java:251)<br>org.testng.remote.RemoteTestNG.main(RemoteTestNG.java:77)<br>
</div> <!-- stack-trace -->
                </div> <!-- method-content -->
              </div> <!-- method -->
            </div> <!-- main-panel-content rounded-window-bottom -->
          </div> <!-- suite-Team_Page_Testing-class-failed -->
          <div class="suite-Team_Page_Testing-class-passed">
            <div class="main-panel-header rounded-window-top">
              <img src="passed.png"/>
              <span class="class-name">Branch.ValidateAlphabeticalOrder</span>
            </div> <!-- main-panel-header rounded-window-top -->
            <div class="main-panel-content rounded-window-bottom">
              <div class="method">
                <div class="method-content">
                  <a name="validateDataAlphabeticalOrder">
                  </a> <!-- validateDataAlphabeticalOrder -->
                  <span class="method-name">validateDataAlphabeticalOrder</span>
                </div> <!-- method-content -->
              </div> <!-- method -->
              <div class="method">
                <div class="method-content">
                  <a name="validateOperationsAlphabeticalOrder">
                  </a> <!-- validateOperationsAlphabeticalOrder -->
                  <span class="method-name">validateOperationsAlphabeticalOrder</span>
                </div> <!-- method-content -->
              </div> <!-- method -->
              <div class="method">
                <div class="method-content">
                  <a name="validateProductAlphabeticalOrder">
                  </a> <!-- validateProductAlphabeticalOrder -->
                  <span class="method-name">validateProductAlphabeticalOrder</span>
                </div> <!-- method-content -->
              </div> <!-- method -->
              <div class="method">
                <div class="method-content">
                  <a name="validateRecruitingAlphabeticalOrder">
                  </a> <!-- validateRecruitingAlphabeticalOrder -->
                  <span class="method-name">validateRecruitingAlphabeticalOrder</span>
                </div> <!-- method-content -->
              </div> <!-- method -->
            </div> <!-- main-panel-content rounded-window-bottom -->
          </div> <!-- suite-Team_Page_Testing-class-passed -->
          <div class="suite-Team_Page_Testing-class-passed">
            <div class="main-panel-header rounded-window-top">
              <img src="passed.png"/>
              <span class="class-name">Branch.ValidateEmployeeDisplayPictures</span>
            </div> <!-- main-panel-header rounded-window-top -->
            <div class="main-panel-content rounded-window-bottom">
              <div class="method">
                <div class="method-content">
                  <a name="validateAllEmployeesDisplayPictures">
                  </a> <!-- validateAllEmployeesDisplayPictures -->
                  <span class="method-name">validateAllEmployeesDisplayPictures</span>
                </div> <!-- method-content -->
              </div> <!-- method -->
              <div class="method">
                <div class="method-content">
                  <a name="validateDataEmployeesDisplayPictures">
                  </a> <!-- validateDataEmployeesDisplayPictures -->
                  <span class="method-name">validateDataEmployeesDisplayPictures</span>
                </div> <!-- method-content -->
              </div> <!-- method -->
              <div class="method">
                <div class="method-content">
                  <a name="validateEngineeringEmployeesDisplayPictures">
                  </a> <!-- validateEngineeringEmployeesDisplayPictures -->
                  <span class="method-name">validateEngineeringEmployeesDisplayPictures</span>
                </div> <!-- method-content -->
              </div> <!-- method -->
              <div class="method">
                <div class="method-content">
                  <a name="validateMarketingEmployeesDisplayPictures">
                  </a> <!-- validateMarketingEmployeesDisplayPictures -->
                  <span class="method-name">validateMarketingEmployeesDisplayPictures</span>
                </div> <!-- method-content -->
              </div> <!-- method -->
              <div class="method">
                <div class="method-content">
                  <a name="validateOperationsEmployeesDisplayPictures">
                  </a> <!-- validateOperationsEmployeesDisplayPictures -->
                  <span class="method-name">validateOperationsEmployeesDisplayPictures</span>
                </div> <!-- method-content -->
              </div> <!-- method -->
              <div class="method">
                <div class="method-content">
                  <a name="validatePartnerGrowthEmployeesDisplayPictures">
                  </a> <!-- validatePartnerGrowthEmployeesDisplayPictures -->
                  <span class="method-name">validatePartnerGrowthEmployeesDisplayPictures</span>
                </div> <!-- method-content -->
              </div> <!-- method -->
              <div class="method">
                <div class="method-content">
                  <a name="validateProductEmployeesDisplayPictures">
                  </a> <!-- validateProductEmployeesDisplayPictures -->
                  <span class="method-name">validateProductEmployeesDisplayPictures</span>
                </div> <!-- method-content -->
              </div> <!-- method -->
              <div class="method">
                <div class="method-content">
                  <a name="validateRecruitingEmployeesDisplayPictures">
                  </a> <!-- validateRecruitingEmployeesDisplayPictures -->
                  <span class="method-name">validateRecruitingEmployeesDisplayPictures</span>
                </div> <!-- method-content -->
              </div> <!-- method -->
            </div> <!-- main-panel-content rounded-window-bottom -->
          </div> <!-- suite-Team_Page_Testing-class-passed -->
          <div class="suite-Team_Page_Testing-class-passed">
            <div class="main-panel-header rounded-window-top">
              <img src="passed.png"/>
              <span class="class-name">Branch.ValidateEmployeeDepartmentNames</span>
            </div> <!-- main-panel-header rounded-window-top -->
            <div class="main-panel-content rounded-window-bottom">
              <div class="method">
                <div class="method-content">
                  <a name="validateDataDepartmentNames">
                  </a> <!-- validateDataDepartmentNames -->
                  <span class="method-name">validateDataDepartmentNames</span>
                </div> <!-- method-content -->
              </div> <!-- method -->
              <div class="method">
                <div class="method-content">
                  <a name="validateOperationsDepartmentNames">
                  </a> <!-- validateOperationsDepartmentNames -->
                  <span class="method-name">validateOperationsDepartmentNames</span>
                </div> <!-- method-content -->
              </div> <!-- method -->
              <div class="method">
                <div class="method-content">
                  <a name="validateProductDepartmentNames">
                  </a> <!-- validateProductDepartmentNames -->
                  <span class="method-name">validateProductDepartmentNames</span>
                </div> <!-- method-content -->
              </div> <!-- method -->
              <div class="method">
                <div class="method-content">
                  <a name="validateRecruitingDepartmentNames">
                  </a> <!-- validateRecruitingDepartmentNames -->
                  <span class="method-name">validateRecruitingDepartmentNames</span>
                </div> <!-- method-content -->
              </div> <!-- method -->
            </div> <!-- main-panel-content rounded-window-bottom -->
          </div> <!-- suite-Team_Page_Testing-class-passed -->
          <div class="suite-Team_Page_Testing-class-passed">
            <div class="main-panel-header rounded-window-top">
              <img src="passed.png"/>
              <span class="class-name">Branch.ValidateEmployeeNames</span>
            </div> <!-- main-panel-header rounded-window-top -->
            <div class="main-panel-content rounded-window-bottom">
              <div class="method">
                <div class="method-content">
                  <a name="validateDataEmployeeNames">
                  </a> <!-- validateDataEmployeeNames -->
                  <span class="method-name">validateDataEmployeeNames</span>
                </div> <!-- method-content -->
              </div> <!-- method -->
              <div class="method">
                <div class="method-content">
                  <a name="validateEngineeringEmployeeNames">
                  </a> <!-- validateEngineeringEmployeeNames -->
                  <span class="method-name">validateEngineeringEmployeeNames</span>
                </div> <!-- method-content -->
              </div> <!-- method -->
              <div class="method">
                <div class="method-content">
                  <a name="validateMarketingEmployeeNames">
                  </a> <!-- validateMarketingEmployeeNames -->
                  <span class="method-name">validateMarketingEmployeeNames</span>
                </div> <!-- method-content -->
              </div> <!-- method -->
              <div class="method">
                <div class="method-content">
                  <a name="validateOperationsEmployeeNames">
                  </a> <!-- validateOperationsEmployeeNames -->
                  <span class="method-name">validateOperationsEmployeeNames</span>
                </div> <!-- method-content -->
              </div> <!-- method -->
              <div class="method">
                <div class="method-content">
                  <a name="validatePartnerGrowthEmployeeNames">
                  </a> <!-- validatePartnerGrowthEmployeeNames -->
                  <span class="method-name">validatePartnerGrowthEmployeeNames</span>
                </div> <!-- method-content -->
              </div> <!-- method -->
              <div class="method">
                <div class="method-content">
                  <a name="validateProductEmployeeNames">
                  </a> <!-- validateProductEmployeeNames -->
                  <span class="method-name">validateProductEmployeeNames</span>
                </div> <!-- method-content -->
              </div> <!-- method -->
              <div class="method">
                <div class="method-content">
                  <a name="validateRecruitingEmployeeNames">
                  </a> <!-- validateRecruitingEmployeeNames -->
                  <span class="method-name">validateRecruitingEmployeeNames</span>
                </div> <!-- method-content -->
              </div> <!-- method -->
            </div> <!-- main-panel-content rounded-window-bottom -->
          </div> <!-- suite-Team_Page_Testing-class-passed -->
        </div> <!-- panel Team_Page_Testing -->
        <div panel-name="test-xml-Team_Page_Testing" class="panel">
          <div class="main-panel-header rounded-window-top">
            <span class="header-content">C:\Users\nehag\BranchTeam\testng.xml</span>
          </div> <!-- main-panel-header rounded-window-top -->
          <div class="main-panel-content rounded-window-bottom">
            <pre>
&lt;?xml version=&quot;1.0&quot; encoding=&quot;UTF-8&quot;?&gt;
&lt;!DOCTYPE suite SYSTEM &quot;http://testng.org/testng-1.0.dtd&quot;&gt;
&lt;suite configfailurepolicy=&quot;continue&quot; name=&quot;Team Page Testing&quot;&gt;
  &lt;listeners&gt;
    &lt;listener class-name=&quot;resources.ExtentReporterNG&quot;/&gt;
  &lt;/listeners&gt;
  &lt;test thread-count=&quot;5&quot; name=&quot;Validating Employee Display Pictures&quot;&gt;
    &lt;classes&gt;
      &lt;class name=&quot;Branch.ValidateEmployeeDisplayPictures&quot;/&gt;
    &lt;/classes&gt;
  &lt;/test&gt; &lt;!-- Validating Employee Display Pictures --&gt;
  &lt;test name=&quot;Validating Employee Description&quot;&gt;
    &lt;classes&gt;
      &lt;class name=&quot;Branch.ValidateEmployeeDescription&quot;/&gt;
    &lt;/classes&gt;
  &lt;/test&gt; &lt;!-- Validating Employee Description --&gt;
  &lt;test name=&quot;Validating Alphabetical Order&quot;&gt;
    &lt;classes&gt;
      &lt;class name=&quot;Branch.ValidateAlphabeticalOrder&quot;/&gt;
    &lt;/classes&gt;
  &lt;/test&gt; &lt;!-- Validating Alphabetical Order --&gt;
  &lt;test name=&quot;Validating Employee Names&quot;&gt;
    &lt;classes&gt;
      &lt;class name=&quot;Branch.ValidateEmployeeNames&quot;/&gt;
    &lt;/classes&gt;
  &lt;/test&gt; &lt;!-- Validating Employee Names --&gt;
  &lt;test name=&quot;Validating Number of Employees&quot;&gt;
    &lt;classes&gt;
      &lt;class name=&quot;Branch.ValidateNumberOfEmployees&quot;/&gt;
    &lt;/classes&gt;
  &lt;/test&gt; &lt;!-- Validating Number of Employees --&gt;
  &lt;test name=&quot;Validating Employee Departments in different tabs&quot;&gt;
    &lt;classes&gt;
      &lt;class name=&quot;Branch.ValidateEmployeeDepartmentsDataConsistency&quot;/&gt;
    &lt;/classes&gt;
  &lt;/test&gt; &lt;!-- Validating Employee Departments in different tabs --&gt;
  &lt;test name=&quot;Validating Employee Department Names&quot;&gt;
    &lt;classes&gt;
      &lt;class name=&quot;Branch.ValidateEmployeeDepartmentNames&quot;/&gt;
    &lt;/classes&gt;
  &lt;/test&gt; &lt;!-- Validating Employee Department Names --&gt;
&lt;/suite&gt; &lt;!-- Team Page Testing --&gt;
            </pre>
          </div> <!-- main-panel-content rounded-window-bottom -->
        </div> <!-- panel -->
        <div panel-name="testlist-Team_Page_Testing" class="panel">
          <div class="main-panel-header rounded-window-top">
            <span class="header-content">Tests for Team Page Testing</span>
          </div> <!-- main-panel-header rounded-window-top -->
          <div class="main-panel-content rounded-window-bottom">
            <ul>
              <li>
                <span class="test-name">Validating Employee Display Pictures (1 class)</span>
              </li>
              <li>
                <span class="test-name">Validating Employee Description (1 class)</span>
              </li>
              <li>
                <span class="test-name">Validating Alphabetical Order (1 class)</span>
              </li>
              <li>
                <span class="test-name">Validating Employee Names (1 class)</span>
              </li>
              <li>
                <span class="test-name">Validating Number of Employees (1 class)</span>
              </li>
              <li>
                <span class="test-name">Validating Employee Departments in different tabs (1 class)</span>
              </li>
              <li>
                <span class="test-name">Validating Employee Department Names (1 class)</span>
              </li>
            </ul>
          </div> <!-- main-panel-content rounded-window-bottom -->
        </div> <!-- panel -->
        <div panel-name="group-Team_Page_Testing" class="panel">
          <div class="main-panel-header rounded-window-top">
            <span class="header-content">Groups for Team Page Testing</span>
          </div> <!-- main-panel-header rounded-window-top -->
          <div class="main-panel-content rounded-window-bottom">
          </div> <!-- main-panel-content rounded-window-bottom -->
        </div> <!-- panel -->
        <div panel-name="times-Team_Page_Testing" class="panel">
          <div class="main-panel-header rounded-window-top">
            <span class="header-content">Times for Team Page Testing</span>
          </div> <!-- main-panel-header rounded-window-top -->
          <div class="main-panel-content rounded-window-bottom">
            <div class="times-div">
              <script type="text/javascript">
suiteTableInitFunctions.push('tableData_Team_Page_Testing');
function tableData_Team_Page_Testing() {
var data = new google.visualization.DataTable();
data.addColumn('number', 'Number');
data.addColumn('string', 'Method');
data.addColumn('string', 'Class');
data.addColumn('number', 'Time (ms)');
data.addRows(39);
data.setCell(0, 0, 0)
data.setCell(0, 1, 'validateAllAlphabeticalOrder')
data.setCell(0, 2, 'Branch.ValidateAlphabeticalOrder')
data.setCell(0, 3, 2790);
data.setCell(1, 0, 1)
data.setCell(1, 1, 'validateEmployeeDescriptionIsNotNull')
data.setCell(1, 2, 'Branch.ValidateEmployeeDescription')
data.setCell(1, 3, 2236);
data.setCell(2, 0, 2)
data.setCell(2, 1, 'validateAllEmployeesDisplayPictures')
data.setCell(2, 2, 'Branch.ValidateEmployeeDisplayPictures')
data.setCell(2, 3, 1893);
data.setCell(3, 0, 3)
data.setCell(3, 1, 'validatePartnerGrowthEmployeeNames')
data.setCell(3, 2, 'Branch.ValidateEmployeeNames')
data.setCell(3, 3, 989);
data.setCell(4, 0, 4)
data.setCell(4, 1, 'validateEngineeringEmployeeNames')
data.setCell(4, 2, 'Branch.ValidateEmployeeNames')
data.setCell(4, 3, 975);
data.setCell(5, 0, 5)
data.setCell(5, 1, 'validatePartnerGrowthAlphabeticalOrder')
data.setCell(5, 2, 'Branch.ValidateAlphabeticalOrder')
data.setCell(5, 3, 913);
data.setCell(6, 0, 6)
data.setCell(6, 1, 'validatePartnerGrowthEmployeesDisplayPictures')
data.setCell(6, 2, 'Branch.ValidateEmployeeDisplayPictures')
data.setCell(6, 3, 834);
data.setCell(7, 0, 7)
data.setCell(7, 1, 'validateEngineeringAlphabeticalOrder')
data.setCell(7, 2, 'Branch.ValidateAlphabeticalOrder')
data.setCell(7, 3, 720);
data.setCell(8, 0, 8)
data.setCell(8, 1, 'validateEngineeringEmployeesDisplayPictures')
data.setCell(8, 2, 'Branch.ValidateEmployeeDisplayPictures')
data.setCell(8, 3, 647);
data.setCell(9, 0, 9)
data.setCell(9, 1, 'validateDataEmployeeNames')
data.setCell(9, 2, 'Branch.ValidateEmployeeNames')
data.setCell(9, 3, 527);
data.setCell(10, 0, 10)
data.setCell(10, 1, 'validateMarketingEmployeeNames')
data.setCell(10, 2, 'Branch.ValidateEmployeeNames')
data.setCell(10, 3, 333);
data.setCell(11, 0, 11)
data.setCell(11, 1, 'validateOperationsEmployeeNames')
data.setCell(11, 2, 'Branch.ValidateEmployeeNames')
data.setCell(11, 3, 270);
data.setCell(12, 0, 12)
data.setCell(12, 1, 'validateMarketingAlphabeticalOrder')
data.setCell(12, 2, 'Branch.ValidateAlphabeticalOrder')
data.setCell(12, 3, 257);
data.setCell(13, 0, 13)
data.setCell(13, 1, 'validateDataDepartmentNames')
data.setCell(13, 2, 'Branch.ValidateEmployeeDepartmentNames')
data.setCell(13, 3, 251);
data.setCell(14, 0, 14)
data.setCell(14, 1, 'validateMarketingEmployeesDisplayPictures')
data.setCell(14, 2, 'Branch.ValidateEmployeeDisplayPictures')
data.setCell(14, 3, 232);
data.setCell(15, 0, 15)
data.setCell(15, 1, 'validateDataAlphabeticalOrder')
data.setCell(15, 2, 'Branch.ValidateAlphabeticalOrder')
data.setCell(15, 3, 215);
data.setCell(16, 0, 16)
data.setCell(16, 1, 'validateProductEmployeeNames')
data.setCell(16, 2, 'Branch.ValidateEmployeeNames')
data.setCell(16, 3, 214);
data.setCell(17, 0, 17)
data.setCell(17, 1, 'validateDataEmployeesDisplayPictures')
data.setCell(17, 2, 'Branch.ValidateEmployeeDisplayPictures')
data.setCell(17, 3, 201);
data.setCell(18, 0, 18)
data.setCell(18, 1, 'validateRecruitingEmployeeNames')
data.setCell(18, 2, 'Branch.ValidateEmployeeNames')
data.setCell(18, 3, 190);
data.setCell(19, 0, 19)
data.setCell(19, 1, 'validateProductAlphabeticalOrder')
data.setCell(19, 2, 'Branch.ValidateAlphabeticalOrder')
data.setCell(19, 3, 172);
data.setCell(20, 0, 20)
data.setCell(20, 1, 'validateProductDepartmentNames')
data.setCell(20, 2, 'Branch.ValidateEmployeeDepartmentNames')
data.setCell(20, 3, 146);
data.setCell(21, 0, 21)
data.setCell(21, 1, 'validateProductEmployeesDisplayPictures')
data.setCell(21, 2, 'Branch.ValidateEmployeeDisplayPictures')
data.setCell(21, 3, 127);
data.setCell(22, 0, 22)
data.setCell(22, 1, 'validateOperationsDepartmentNames')
data.setCell(22, 2, 'Branch.ValidateEmployeeDepartmentNames')
data.setCell(22, 3, 127);
data.setCell(23, 0, 23)
data.setCell(23, 1, 'validateOperationsEmployeesDisplayPictures')
data.setCell(23, 2, 'Branch.ValidateEmployeeDisplayPictures')
data.setCell(23, 3, 125);
data.setCell(24, 0, 24)
data.setCell(24, 1, 'validateRecruitingDepartmentNames')
data.setCell(24, 2, 'Branch.ValidateEmployeeDepartmentNames')
data.setCell(24, 3, 122);
data.setCell(25, 0, 25)
data.setCell(25, 1, 'validatePartnerGrowthDepartmentNames')
data.setCell(25, 2, 'Branch.ValidateEmployeeDepartmentNames')
data.setCell(25, 3, 122);
data.setCell(26, 0, 26)
data.setCell(26, 1, 'validateMarketingDepartmentNames')
data.setCell(26, 2, 'Branch.ValidateEmployeeDepartmentNames')
data.setCell(26, 3, 122);
data.setCell(27, 0, 27)
data.setCell(27, 1, 'validateEngineeringDepartmentNames')
data.setCell(27, 2, 'Branch.ValidateEmployeeDepartmentNames')
data.setCell(27, 3, 117);
data.setCell(28, 0, 28)
data.setCell(28, 1, 'validateOperationsAlphabeticalOrder')
data.setCell(28, 2, 'Branch.ValidateAlphabeticalOrder')
data.setCell(28, 3, 115);
data.setCell(29, 0, 29)
data.setCell(29, 1, 'validateRecruitingAlphabeticalOrder')
data.setCell(29, 2, 'Branch.ValidateAlphabeticalOrder')
data.setCell(29, 3, 112);
data.setCell(30, 0, 30)
data.setCell(30, 1, 'validateRecruitingEmployeesDisplayPictures')
data.setCell(30, 2, 'Branch.ValidateEmployeeDisplayPictures')
data.setCell(30, 3, 77);
data.setCell(31, 0, 31)
data.setCell(31, 1, 'validateNoOfEmployees')
data.setCell(31, 2, 'Branch.ValidateNumberOfEmployees')
data.setCell(31, 3, 1);
data.setCell(32, 0, 32)
data.setCell(32, 1, 'validateDataEmployeeDepartmentsConsistency')
data.setCell(32, 2, 'Branch.ValidateEmployeeDepartmentsDataConsistency')
data.setCell(32, 3, 1);
data.setCell(33, 0, 33)
data.setCell(33, 1, 'validateOperationsEmployeeDepartmentsConsistency')
data.setCell(33, 2, 'Branch.ValidateEmployeeDepartmentsDataConsistency')
data.setCell(33, 3, 1);
data.setCell(34, 0, 34)
data.setCell(34, 1, 'validateRecruitingEmployeeDepartmentsConsistency')
data.setCell(34, 2, 'Branch.ValidateEmployeeDepartmentsDataConsistency')
data.setCell(34, 3, 1);
data.setCell(35, 0, 35)
data.setCell(35, 1, 'validateProductEmployeeDepartmentsConsistency')
data.setCell(35, 2, 'Branch.ValidateEmployeeDepartmentsDataConsistency')
data.setCell(35, 3, 0);
data.setCell(36, 0, 36)
data.setCell(36, 1, 'validatePartnerGrowthEmployeeDepartmentsConsistency')
data.setCell(36, 2, 'Branch.ValidateEmployeeDepartmentsDataConsistency')
data.setCell(36, 3, 0);
data.setCell(37, 0, 37)
data.setCell(37, 1, 'validateEngineeringEmployeeDepartmentsConsistency')
data.setCell(37, 2, 'Branch.ValidateEmployeeDepartmentsDataConsistency')
data.setCell(37, 3, 0);
data.setCell(38, 0, 38)
data.setCell(38, 1, 'validateMarketingEmployeeDepartmentsConsistency')
data.setCell(38, 2, 'Branch.ValidateEmployeeDepartmentsDataConsistency')
data.setCell(38, 3, 0);
window.suiteTableData['Team_Page_Testing']= { tableData: data, tableDiv: 'times-div-Team_Page_Testing'}
return data;
}
              </script>
              <span class="suite-total-time">Total running time: 16 seconds</span>
              <div id="times-div-Team_Page_Testing">
              </div> <!-- times-div-Team_Page_Testing -->
            </div> <!-- times-div -->
          </div> <!-- main-panel-content rounded-window-bottom -->
        </div> <!-- panel -->
        <div panel-name="reporter-Team_Page_Testing" class="panel">
          <div class="main-panel-header rounded-window-top">
            <span class="header-content">Reporter output for Team Page Testing</span>
          </div> <!-- main-panel-header rounded-window-top -->
          <div class="main-panel-content rounded-window-bottom">
          </div> <!-- main-panel-content rounded-window-bottom -->
        </div> <!-- panel -->
        <div panel-name="ignored-methods-Team_Page_Testing" class="panel">
          <div class="main-panel-header rounded-window-top">
            <span class="header-content">0 ignored methods</span>
          </div> <!-- main-panel-header rounded-window-top -->
          <div class="main-panel-content rounded-window-bottom">
          </div> <!-- main-panel-content rounded-window-bottom -->
        </div> <!-- panel -->
        <div panel-name="chronological-Team_Page_Testing" class="panel">
          <div class="main-panel-header rounded-window-top">
            <span class="header-content">Methods in chronological order</span>
          </div> <!-- main-panel-header rounded-window-top -->
          <div class="main-panel-content rounded-window-bottom">
            <div class="chronological-class">
              <div class="chronological-class-name">Branch.ValidateEmployeeDisplayPictures</div> <!-- chronological-class-name -->
              <div class="configuration-test before">
                <span class="method-name">initialize</span>
                <span class="method-start">0 ms</span>
              </div> <!-- configuration-test before -->
              <div class="test-method">
                <span class="method-name">validateAllEmployeesDisplayPictures</span>
                <span class="method-start">11234 ms</span>
              </div> <!-- test-method -->
              <div class="test-method">
                <span class="method-name">validateDataEmployeesDisplayPictures</span>
                <span class="method-start">13129 ms</span>
              </div> <!-- test-method -->
              <div class="test-method">
                <span class="method-name">validateEngineeringEmployeesDisplayPictures</span>
                <span class="method-start">13331 ms</span>
              </div> <!-- test-method -->
              <div class="test-method">
                <span class="method-name">validateMarketingEmployeesDisplayPictures</span>
                <span class="method-start">13980 ms</span>
              </div> <!-- test-method -->
              <div class="test-method">
                <span class="method-name">validateOperationsEmployeesDisplayPictures</span>
                <span class="method-start">14213 ms</span>
              </div> <!-- test-method -->
              <div class="test-method">
                <span class="method-name">validatePartnerGrowthEmployeesDisplayPictures</span>
                <span class="method-start">14340 ms</span>
              </div> <!-- test-method -->
              <div class="test-method">
                <span class="method-name">validateProductEmployeesDisplayPictures</span>
                <span class="method-start">15175 ms</span>
              </div> <!-- test-method -->
              <div class="test-method">
                <span class="method-name">validateRecruitingEmployeesDisplayPictures</span>
                <span class="method-start">15303 ms</span>
              </div> <!-- test-method -->
              <div class="configuration-test after">
                <span class="method-name">teardown</span>
                <span class="method-start">15383 ms</span>
              </div> <!-- configuration-test after -->
            </div> <!-- chronological-class -->
            <div class="chronological-class">
              <div class="chronological-class-name">Branch.ValidateEmployeeDescription</div> <!-- chronological-class-name -->
              <div class="configuration-test before">
                <span class="method-name">initialize</span>
                <span class="method-start">16593 ms</span>
              </div> <!-- configuration-test before -->
              <div class="test-method">
                <img src="failed.png">
                </img>
                <span class="method-name">validateEmployeeDescriptionIsNotNull</span>
                <span class="method-start">28483 ms</span>
              </div> <!-- test-method -->
              <div class="configuration-test after">
                <span class="method-name">teardown</span>
                <span class="method-start">30722 ms</span>
              </div> <!-- configuration-test after -->
            </div> <!-- chronological-class -->
            <div class="chronological-class">
              <div class="chronological-class-name">Branch.ValidateAlphabeticalOrder</div> <!-- chronological-class-name -->
              <div class="configuration-test before">
                <span class="method-name">initialize</span>
                <span class="method-start">31976 ms</span>
              </div> <!-- configuration-test before -->
              <div class="test-method">
                <img src="failed.png">
                </img>
                <span class="method-name">validateAllAlphabeticalOrder</span>
                <span class="method-start">40612 ms</span>
              </div> <!-- test-method -->
              <div class="test-method">
                <span class="method-name">validateDataAlphabeticalOrder</span>
                <span class="method-start">43404 ms</span>
              </div> <!-- test-method -->
              <div class="test-method">
                <img src="failed.png">
                </img>
                <span class="method-name">validateEngineeringAlphabeticalOrder</span>
                <span class="method-start">43620 ms</span>
              </div> <!-- test-method -->
              <div class="test-method">
                <img src="failed.png">
                </img>
                <span class="method-name">validateMarketingAlphabeticalOrder</span>
                <span class="method-start">44343 ms</span>
              </div> <!-- test-method -->
              <div class="test-method">
                <span class="method-name">validateOperationsAlphabeticalOrder</span>
                <span class="method-start">44601 ms</span>
              </div> <!-- test-method -->
              <div class="test-method">
                <img src="failed.png">
                </img>
                <span class="method-name">validatePartnerGrowthAlphabeticalOrder</span>
                <span class="method-start">44717 ms</span>
              </div> <!-- test-method -->
              <div class="test-method">
                <span class="method-name">validateProductAlphabeticalOrder</span>
                <span class="method-start">45632 ms</span>
              </div> <!-- test-method -->
              <div class="test-method">
                <span class="method-name">validateRecruitingAlphabeticalOrder</span>
                <span class="method-start">45805 ms</span>
              </div> <!-- test-method -->
              <div class="configuration-test after">
                <span class="method-name">teardown</span>
                <span class="method-start">45917 ms</span>
              </div> <!-- configuration-test after -->
            </div> <!-- chronological-class -->
            <div class="chronological-class">
              <div class="chronological-class-name">Branch.ValidateEmployeeNames</div> <!-- chronological-class-name -->
              <div class="configuration-test before">
                <span class="method-name">initialize</span>
                <span class="method-start">47144 ms</span>
              </div> <!-- configuration-test before -->
              <div class="test-method">
                <span class="method-name">validateDataEmployeeNames</span>
                <span class="method-start">55574 ms</span>
              </div> <!-- test-method -->
              <div class="test-method">
                <span class="method-name">validateEngineeringEmployeeNames</span>
                <span class="method-start">56102 ms</span>
              </div> <!-- test-method -->
              <div class="test-method">
                <span class="method-name">validateMarketingEmployeeNames</span>
                <span class="method-start">57078 ms</span>
              </div> <!-- test-method -->
              <div class="test-method">
                <span class="method-name">validateOperationsEmployeeNames</span>
                <span class="method-start">57412 ms</span>
              </div> <!-- test-method -->
              <div class="test-method">
                <span class="method-name">validatePartnerGrowthEmployeeNames</span>
                <span class="method-start">57683 ms</span>
              </div> <!-- test-method -->
              <div class="test-method">
                <span class="method-name">validateProductEmployeeNames</span>
                <span class="method-start">58672 ms</span>
              </div> <!-- test-method -->
              <div class="test-method">
                <span class="method-name">validateRecruitingEmployeeNames</span>
                <span class="method-start">58887 ms</span>
              </div> <!-- test-method -->
              <div class="configuration-test after">
                <span class="method-name">teardown</span>
                <span class="method-start">59078 ms</span>
              </div> <!-- configuration-test after -->
            </div> <!-- chronological-class -->
            <div class="chronological-class">
              <div class="chronological-class-name">Branch.ValidateNumberOfEmployees</div> <!-- chronological-class-name -->
              <div class="configuration-test before">
                <span class="method-name">initialize</span>
                <span class="method-start">60361 ms</span>
              </div> <!-- configuration-test before -->
              <div class="test-method">
                <img src="failed.png">
                </img>
                <span class="method-name">validateNoOfEmployees</span>
                <span class="method-start">68202 ms</span>
              </div> <!-- test-method -->
              <div class="configuration-test after">
                <img src="failed.png">
                </img>
                <span class="method-name">teardown</span>
                <span class="method-start">68203 ms</span>
              </div> <!-- configuration-test after -->
            </div> <!-- chronological-class -->
            <div class="chronological-class">
              <div class="chronological-class-name">Branch.ValidateEmployeeDepartmentsDataConsistency</div> <!-- chronological-class-name -->
              <div class="configuration-test before">
                <span class="method-name">initialize</span>
                <span class="method-start">68228 ms</span>
              </div> <!-- configuration-test before -->
              <div class="test-method">
                <img src="failed.png">
                </img>
                <span class="method-name">validateDataEmployeeDepartmentsConsistency</span>
                <span class="method-start">76146 ms</span>
              </div> <!-- test-method -->
              <div class="test-method">
                <img src="failed.png">
                </img>
                <span class="method-name">validateEngineeringEmployeeDepartmentsConsistency</span>
                <span class="method-start">76148 ms</span>
              </div> <!-- test-method -->
              <div class="test-method">
                <img src="failed.png">
                </img>
                <span class="method-name">validateMarketingEmployeeDepartmentsConsistency</span>
                <span class="method-start">76149 ms</span>
              </div> <!-- test-method -->
              <div class="test-method">
                <img src="failed.png">
                </img>
                <span class="method-name">validateOperationsEmployeeDepartmentsConsistency</span>
                <span class="method-start">76150 ms</span>
              </div> <!-- test-method -->
              <div class="test-method">
                <img src="failed.png">
                </img>
                <span class="method-name">validatePartnerGrowthEmployeeDepartmentsConsistency</span>
                <span class="method-start">76152 ms</span>
              </div> <!-- test-method -->
              <div class="test-method">
                <img src="failed.png">
                </img>
                <span class="method-name">validateProductEmployeeDepartmentsConsistency</span>
                <span class="method-start">76153 ms</span>
              </div> <!-- test-method -->
              <div class="test-method">
                <img src="failed.png">
                </img>
                <span class="method-name">validateRecruitingEmployeeDepartmentsConsistency</span>
                <span class="method-start">76154 ms</span>
              </div> <!-- test-method -->
              <div class="configuration-test after">
                <img src="failed.png">
                </img>
                <span class="method-name">teardown</span>
                <span class="method-start">76155 ms</span>
              </div> <!-- configuration-test after -->
            </div> <!-- chronological-class -->
            <div class="chronological-class">
              <div class="chronological-class-name">Branch.ValidateEmployeeDepartmentNames</div> <!-- chronological-class-name -->
              <div class="configuration-test before">
                <span class="method-name">initialize</span>
                <span class="method-start">76186 ms</span>
              </div> <!-- configuration-test before -->
              <div class="test-method">
                <span class="method-name">validateDataDepartmentNames</span>
                <span class="method-start">84665 ms</span>
              </div> <!-- test-method -->
              <div class="test-method">
                <img src="failed.png">
                </img>
                <span class="method-name">validateEngineeringDepartmentNames</span>
                <span class="method-start">84916 ms</span>
              </div> <!-- test-method -->
              <div class="test-method">
                <img src="failed.png">
                </img>
                <span class="method-name">validateMarketingDepartmentNames</span>
                <span class="method-start">85034 ms</span>
              </div> <!-- test-method -->
              <div class="test-method">
                <span class="method-name">validateOperationsDepartmentNames</span>
                <span class="method-start">85157 ms</span>
              </div> <!-- test-method -->
              <div class="test-method">
                <img src="failed.png">
                </img>
                <span class="method-name">validatePartnerGrowthDepartmentNames</span>
                <span class="method-start">85284 ms</span>
              </div> <!-- test-method -->
              <div class="test-method">
                <span class="method-name">validateProductDepartmentNames</span>
                <span class="method-start">85407 ms</span>
              </div> <!-- test-method -->
              <div class="test-method">
                <span class="method-name">validateRecruitingDepartmentNames</span>
                <span class="method-start">85554 ms</span>
              </div> <!-- test-method -->
              <div class="configuration-test after">
                <span class="method-name">teardown</span>
                <span class="method-start">85677 ms</span>
              </div> <!-- configuration-test after -->
          </div> <!-- main-panel-content rounded-window-bottom -->
        </div> <!-- panel -->
      </div> <!-- main-panel-root -->
    </div> <!-- wrapper -->
  </body>
</html>
